#
# A fatal error has been detected by the Java Runtime Environment:
#
#  EXCEPTION_ACCESS_VIOLATION (0xc0000005) at pc=0x00007ff825182ca9, pid=5000, tid=6408
#
# JRE version: Java(TM) SE Runtime Environment (17.0.6+9) (build 17.0.6+9-LTS-190)
# Java VM: Java HotSpot(TM) 64-Bit Server VM (17.0.6+9-LTS-190, mixed mode, sharing, tiered, compressed oops, compressed class ptrs, g1 gc, windows-amd64)
# Problematic frame:
# V  [jvm.dll+0x302ca9]
#
# No core dump will be written. Minidumps are not enabled by default on client versions of Windows
#
# If you would like to submit a bug report, please visit:
#   https://bugreport.java.com/bugreport/crash.jsp
#

---------------  S U M M A R Y ------------

Command Line: -Dclassworlds.conf=C:\Program Files\NetBeans-16\netbeans\java\maven\bin\m2.conf -Dmaven.home=C:\Program Files\NetBeans-16\netbeans\java\maven -Dlibrary.jansi.path=C:\Program Files\NetBeans-16\netbeans\java\maven\lib\jansi-native -Dmaven.multiModuleProjectDirectory=C:\Users\Chich\OneDrive\Desktop\Clase3 org.codehaus.plexus.classworlds.launcher.Launcher -Dexec.vmArgs= -Dexec.args=${exec.vmArgs} -classpath %classpath ${exec.mainClass} ${exec.appArgs} -Dexec.appArgs= -Dexec.mainClass=com.mycompany.clase3.Clase3 -Dexec.executable=C:\Program Files\Java\jdk-17\bin\java.exe -Dmaven.ext.class.path=C:\Program Files\NetBeans-16\netbeans\java\maven-nblib\netbeans-eventspy.jar -Dfile.encoding=UTF-8 org.codehaus.mojo:exec-maven-plugin:3.0.0:exec

Host: AMD Phenom(tm) II X6 1090T Processor, 5 cores, 11G,  Windows 10 , 64 bit Build 19041 (10.0.19041.2546)
Time: Fri Mar  3 12:05:27 2023 Hora estándar de Argentina elapsed time: 0.835744 seconds (0d 0h 0m 0s)

---------------  T H R E A D  ---------------

Current thread (0x000001836279a520):  GCTaskThread "GC Thread#1" [stack: 0x000000554e300000,0x000000554e400000] [id=6408]

Stack: [0x000000554e300000,0x000000554e400000],  sp=0x000000554e3ff6f0,  free space=1021k
Native frames: (J=compiled Java code, j=interpreted, Vv=VM code, C=native code)
V  [jvm.dll+0x302ca9]
V  [jvm.dll+0x2ff9ee]
V  [jvm.dll+0x30e223]
V  [jvm.dll+0x31010b]
V  [jvm.dll+0x30e83d]
V  [jvm.dll+0x30fcaa]
V  [jvm.dll+0x2da903]
V  [jvm.dll+0x2dc1cb]
V  [jvm.dll+0x7ff32b]
V  [jvm.dll+0x7ff376]
V  [jvm.dll+0x781a7a]
V  [jvm.dll+0x672375]
C  [ucrtbase.dll+0x21bb2]
C  [KERNEL32.DLL+0x17614]
C  [ntdll.dll+0x526a1]


siginfo: EXCEPTION_ACCESS_VIOLATION (0xc0000005), reading address 0x0000000080000000


Register to memory mapping:

RIP=0x00007ff825182ca9 jvm.dll
RAX=0x0 is NULL
RBX=0x00000007440a62a9 is pointing into object: java.lang.Class 
{0x00000007440a6270} - klass: 'java/lang/Class'
 - ---- fields (total size 14 words):
 - private volatile transient 'classRedefinedCount' 'I' @12  0
 - private volatile transient 'cachedConstructor' 'Ljava/lang/reflect/Constructor;' @40  NULL (0)
 - private transient 'name' 'Ljava/lang/String;' @44  NULL (0)
 - private transient 'module' 'Ljava/lang/Module;' @48  a 'java/lang/Module'{0x0000000744105840} (e8820b08)
 - private final 'classLoader' 'Ljava/lang/ClassLoader;' @52  NULL (0)
 - private transient 'classData' 'Ljava/lang/Object;' @56  
[error occurred during error reporting (printing register info), id 0xc0000005, EXCEPTION_ACCESS_VIOLATION (0xc0000005) at pc=0x00007ff82520b7be]

Registers:
RAX=0x0000000000000000, RBX=0x00000007440a62a9, RCX=0x0000000000000015, RDX=0x0000000000000000
RSP=0x000000554e3ff6f0, RBP=0x000000000000004d, RSI=0x00000007440a62a8, RDI=0x0000018362b0c1c0
R8 =0x0000000744141f38, R9 =0x00007ff824e80000, R10=0x0000000080000000, R11=0xffffffffed0259b8
R12=0x000000554e3ff950, R13=0x000001834150f300, R14=0x0000000000000040, R15=0x0000000000000000
RIP=0x00007ff825182ca9, EFLAGS=0x0000000000010246

Top of Stack: (sp=0x000000554e3ff6f0)
0x000000554e3ff6f0:   00000007440a0000 000001833f380100
0x000000554e3ff700:   0000000700000000 0000000000000009
0x000000554e3ff710:   0000018358390500 0000000000000009
0x000000554e3ff720:   0000000000000240 000000554e3ff950
0x000000554e3ff730:   00000007440a6e00 00007ff82517f9ee
0x000000554e3ff740:   00000007440a6200 0000018362b0c1c0
0x000000554e3ff750:   000001834150f300 0000018358390500
0x000000554e3ff760:   00000000007e3f2b 0000000000000000
0x000000554e3ff770:   000000554e3ff950 00000007440a6e00
0x000000554e3ff780:   00000007440a8008 00007ff82518e223
0x000000554e3ff790:   00000007440a6e00 000000554e3ff7b0
0x000000554e3ff7a0:   000000554e3ff7c0 000000554e3ff950
0x000000554e3ff7b0:   00000007440a6e00 0000000000000240
0x000000554e3ff7c0:   00007ff825777b38 0000000000000000
0x000000554e3ff7d0:   0000018341532eb0 0000018362b0c1c0
0x000000554e3ff7e0:   0000018358390540 00007ff82519010b 

Instructions: (pc=0x00007ff825182ca9)
0x00007ff825182ba9:   ff 48 8d 53 fe 48 8b cf e8 5a f4 ff ff e9 35 fd
0x00007ff825182bb9:   ff ff 0f 1f 44 00 00 48 8b 77 10 8b ae 80 00 00
0x00007ff825182bc9:   00 8b cd 8b 86 00 01 00 00 2b c8 81 e1 ff ff 01
0x00007ff825182bd9:   00 41 3b ce 0f 86 e9 02 00 00 ff cd 81 e5 ff ff
0x00007ff825182be9:   01 00 89 ae 80 00 00 00 e8 aa 1b 36 00 90 8b d5
0x00007ff825182bf9:   8b 86 00 01 00 00 8b cd 48 8b 9e 80 01 00 00 2b
0x00007ff825182c09:   c8 81 e1 ff ff 01 00 81 f9 ff ff 01 00 48 8b 1c
0x00007ff825182c19:   eb 41 0f 44 cf 85 c9 75 3d 90 89 6c 24 50 48 8b
0x00007ff825182c29:   86 00 01 00 00 48 8b c8 48 c1 e9 20 ff c1 89 4c
0x00007ff825182c39:   24 54 3b e8 0f 85 77 02 00 00 48 c1 e1 20 48 0b
0x00007ff825182c49:   ca f0 48 0f b1 8e 00 01 00 00 0f 85 61 02 00 00
0x00007ff825182c59:   8b 86 00 01 00 00 f6 c3 01 0f 84 2f 01 00 00 8b
0x00007ff825182c69:   0d 3a 56 79 00 48 8d 73 ff 48 8b 47 08 44 8b 16
0x00007ff825182c79:   49 d3 e2 4c 03 15 1d 56 79 00 8b 88 90 05 00 00
0x00007ff825182c89:   49 8b d2 48 8b 80 80 05 00 00 48 d3 ea 0f b7 14
0x00007ff825182c99:   50 0f b7 c2 66 c1 e8 08 84 c0 0f 88 17 ff ff ff
0x00007ff825182ca9:   4d 8b 02 41 0f b6 c0 24 03 3c 03 75 1e 44 38 3d
0x00007ff825182cb9:   19 d0 7f 00 74 0f 41 0f b6 c0 24 07 3c 05 75 05
0x00007ff825182cc9:   4d 8b c7 eb 17 49 83 e0 fc eb 11 4d 8b c8 48 8b
0x00007ff825182cd9:   cf 4d 8b c2 e8 6e ee ff ff 4c 8b c0 8b 0d bd 55
0x00007ff825182ce9:   79 00 49 8b d0 48 2b 15 ab 55 79 00 48 d3 ea 89
0x00007ff825182cf9:   16 49 8b d0 8b 0d ad d8 7f 00 48 33 d6 48 d3 ea
0x00007ff825182d09:   48 85 d2 0f 84 ae fe ff ff 48 8b 47 08 48 8b d6
0x00007ff825182d19:   8b 88 c0 01 00 00 48 8b 80 b0 01 00 00 48 d3 ea
0x00007ff825182d29:   48 8b 0c d0 8b 81 94 00 00 00 d1 e8 a8 01 0f 85
0x00007ff825182d39:   83 fe ff ff 48 8b 47 08 8b 88 90 05 00 00 48 8b
0x00007ff825182d49:   80 80 05 00 00 49 d3 e8 46 38 3c 40 0f 84 65 fe
0x00007ff825182d59:   ff ff 48 8b 47 60 48 c1 ee 09 48 8b 58 40 48 8b
0x00007ff825182d69:   48 38 48 03 de 48 2b d9 48 39 9f b0 01 00 00 0f
0x00007ff825182d79:   84 42 fe ff ff 48 8d 14 0b 48 8d 4f 18 e8 65 40
0x00007ff825182d89:   00 00 48 89 9f b0 01 00 00 e9 29 fe ff ff f6 c3
0x00007ff825182d99:   03 0f 85 09 01 00 00 48 8b 47 08 4c 8b 13 49 8b 


Stack slot to memory mapping:
stack at sp + 0 slots: 0x00000007440a0000 is an oop: java.security.AllPermission 
{0x00000007440a0000} - klass: 'java/security/AllPermission'
 - ---- fields (total size 2 words):
 - private 'name' 'Ljava/lang/String;' @12  
[error occurred during error reporting (inspecting top of stack), id 0xc0000005, EXCEPTION_ACCESS_VIOLATION (0xc0000005) at pc=0x00007ff82520b7be]


---------------  P R O C E S S  ---------------

Threads class SMR info:
_java_thread_list=0x000001836292fc40, length=13, elements={
0x0000018341522090, 0x0000018361418c00, 0x0000018361419980, 0x000001836142eea0,
0x0000018361451880, 0x0000018361452140, 0x0000018361452a00, 0x00000183614536a0,
0x0000018361454050, 0x0000018361475660, 0x00000183620faaa0, 0x0000018362100820,
0x000001836291e1f0
}

Java Threads: ( => current thread )
  0x0000018341522090 JavaThread "main" [_thread_blocked, id=1912, stack(0x000000554d000000,0x000000554d100000)]
  0x0000018361418c00 JavaThread "Reference Handler" daemon [_thread_blocked, id=10808, stack(0x000000554d700000,0x000000554d800000)]
  0x0000018361419980 JavaThread "Finalizer" daemon [_thread_blocked, id=7192, stack(0x000000554d800000,0x000000554d900000)]
  0x000001836142eea0 JavaThread "Signal Dispatcher" daemon [_thread_blocked, id=4052, stack(0x000000554d900000,0x000000554da00000)]
  0x0000018361451880 JavaThread "Attach Listener" daemon [_thread_blocked, id=5832, stack(0x000000554da00000,0x000000554db00000)]
  0x0000018361452140 JavaThread "Service Thread" daemon [_thread_blocked, id=10820, stack(0x000000554db00000,0x000000554dc00000)]
  0x0000018361452a00 JavaThread "Monitor Deflation Thread" daemon [_thread_blocked, id=7404, stack(0x000000554dc00000,0x000000554dd00000)]
  0x00000183614536a0 JavaThread "C2 CompilerThread0" daemon [_thread_blocked, id=12656, stack(0x000000554dd00000,0x000000554de00000)]
  0x0000018361454050 JavaThread "C1 CompilerThread0" daemon [_thread_blocked, id=11556, stack(0x000000554de00000,0x000000554df00000)]
  0x0000018361475660 JavaThread "Sweeper thread" daemon [_thread_blocked, id=11192, stack(0x000000554df00000,0x000000554e000000)]
  0x00000183620faaa0 JavaThread "Notification Thread" daemon [_thread_blocked, id=8632, stack(0x000000554e000000,0x000000554e100000)]
  0x0000018362100820 JavaThread "Common-Cleaner" daemon [_thread_blocked, id=11520, stack(0x000000554e200000,0x000000554e300000)]
  0x000001836291e1f0 JavaThread "C2 CompilerThread1" daemon [_thread_blocked, id=8092, stack(0x000000554e700000,0x000000554e800000)]

Other Threads:
  0x0000018361412430 VMThread "VM Thread" [stack: 0x000000554d600000,0x000000554d700000] [id=10596]
  0x00000183620fd390 WatcherThread [stack: 0x000000554e100000,0x000000554e200000] [id=7100]
  0x0000018341577870 GCTaskThread "GC Thread#0" [stack: 0x000000554d100000,0x000000554d200000] [id=7232]
=>0x000001836279a520 GCTaskThread "GC Thread#1" [stack: 0x000000554e300000,0x000000554e400000] [id=6408]
  0x0000018362477fc0 GCTaskThread "GC Thread#2" [stack: 0x000000554e400000,0x000000554e500000] [id=6920]
  0x0000018362478270 GCTaskThread "GC Thread#3" [stack: 0x000000554e500000,0x000000554e600000] [id=8644]
  0x00000183624c4c40 GCTaskThread "GC Thread#4" [stack: 0x000000554e600000,0x000000554e700000] [id=1844]
  0x00000183415862e0 ConcurrentGCThread "G1 Main Marker" [stack: 0x000000554d200000,0x000000554d300000] [id=1924]
  0x00000183415873a0 ConcurrentGCThread "G1 Conc#0" [stack: 0x000000554d300000,0x000000554d400000] [id=11372]
  0x00000183415ecbc0 ConcurrentGCThread "G1 Refine#0" [stack: 0x000000554d400000,0x000000554d500000] [id=4984]
  0x00000183415ed4f0 ConcurrentGCThread "G1 Service" [stack: 0x000000554d500000,0x000000554d600000] [id=4816]

Threads with active compile tasks:
C2 CompilerThread0      854  921       4       java.nio.Buffer::<init> (105 bytes)
C2 CompilerThread1      854  929       4       sun.nio.cs.UTF_8$Decoder::decodeArrayLoop (688 bytes)

VM state: at safepoint (normal execution)

VM Mutex/Monitor currently owned by a thread:  ([mutex/lock_event])
[0x000001834151c5d0] Threads_lock - owner thread: 0x0000018361412430
[0x000001834151c660] Heap_lock - owner thread: 0x0000018341522090

Heap address: 0x0000000744000000, size: 3008 MB, Compressed Oops mode: Zero based, Oop shift amount: 3

CDS archive(s) mapped at: [0x0000000800000000-0x0000000800bd0000-0x0000000800bd0000), size 12386304, SharedBaseAddress: 0x0000000800000000, ArchiveRelocationMode: 0.
Compressed class space mapped at: 0x0000000800c00000-0x0000000840c00000, reserved size: 1073741824
Narrow klass base: 0x0000000800000000, Narrow klass shift: 0, Narrow klass range: 0x100000000

GC Precious Log:
 CPUs: 5 total, 5 available
 Memory: 12031M
 Large Page Support: Disabled
 NUMA Support: Disabled
 Compressed Oops: Enabled (Zero based)
 Heap Region Size: 2M
 Heap Min Capacity: 8M
 Heap Initial Capacity: 188M
 Heap Max Capacity: 3008M
 Pre-touch: Disabled
 Parallel Workers: 5
 Concurrent Workers: 1
 Concurrent Refinement Workers: 5
 Periodic GC: Disabled

Heap:
 garbage-first heap   total 192512K, used 13284K [0x0000000744000000, 0x0000000800000000)
  region size 2048K, 6 young (12288K), 1 survivors (2048K)
 Metaspace       used 4737K, committed 4864K, reserved 1056768K
  class space    used 555K, committed 640K, reserved 1048576K

Heap Regions: E=young(eden), S=young(survivor), O=old, HS=humongous(starts), HC=humongous(continues), CS=collection set, F=free, OA=open archive, CA=closed archive, TAMS=top-at-mark-start (previous, next)
|   0|0x0000000744000000, 0x0000000744200000, 0x0000000744200000|100%| O|  |TAMS 0x0000000744000000, 0x0000000744000000| Untracked 
|   1|0x0000000744200000, 0x0000000744318088, 0x0000000744400000| 54%| O|  |TAMS 0x0000000744200000, 0x0000000744200000| Untracked 
|   2|0x0000000744400000, 0x0000000744400000, 0x0000000744600000|  0%| F|  |TAMS 0x0000000744400000, 0x0000000744400000| Untracked 
|   3|0x0000000744600000, 0x0000000744600000, 0x0000000744800000|  0%| F|  |TAMS 0x0000000744600000, 0x0000000744600000| Untracked 
|   4|0x0000000744800000, 0x0000000744800000, 0x0000000744a00000|  0%| F|  |TAMS 0x0000000744800000, 0x0000000744800000| Untracked 
|   5|0x0000000744a00000, 0x0000000744a00000, 0x0000000744c00000|  0%| F|  |TAMS 0x0000000744a00000, 0x0000000744a00000| Untracked 
|   6|0x0000000744c00000, 0x0000000744c00000, 0x0000000744e00000|  0%| F|  |TAMS 0x0000000744c00000, 0x0000000744c00000| Untracked 
|   7|0x0000000744e00000, 0x0000000744e00000, 0x0000000745000000|  0%| F|  |TAMS 0x0000000744e00000, 0x0000000744e00000| Untracked 
|   8|0x0000000745000000, 0x0000000745000000, 0x0000000745200000|  0%| F|  |TAMS 0x0000000745000000, 0x0000000745000000| Untracked 
|   9|0x0000000745200000, 0x0000000745200000, 0x0000000745400000|  0%| F|  |TAMS 0x0000000745200000, 0x0000000745200000| Untracked 
|  10|0x0000000745400000, 0x0000000745400000, 0x0000000745600000|  0%| F|  |TAMS 0x0000000745400000, 0x0000000745400000| Untracked 
|  11|0x0000000745600000, 0x0000000745600000, 0x0000000745800000|  0%| F|  |TAMS 0x0000000745600000, 0x0000000745600000| Untracked 
|  12|0x0000000745800000, 0x0000000745800000, 0x0000000745a00000|  0%| F|  |TAMS 0x0000000745800000, 0x0000000745800000| Untracked 
|  13|0x0000000745a00000, 0x0000000745a00000, 0x0000000745c00000|  0%| F|  |TAMS 0x0000000745a00000, 0x0000000745a00000| Untracked 
|  14|0x0000000745c00000, 0x0000000745c00000, 0x0000000745e00000|  0%| F|  |TAMS 0x0000000745c00000, 0x0000000745c00000| Untracked 
|  15|0x0000000745e00000, 0x0000000745e00000, 0x0000000746000000|  0%| F|  |TAMS 0x0000000745e00000, 0x0000000745e00000| Untracked 
|  16|0x0000000746000000, 0x0000000746000000, 0x0000000746200000|  0%| F|  |TAMS 0x0000000746000000, 0x0000000746000000| Untracked 
|  17|0x0000000746200000, 0x0000000746200000, 0x0000000746400000|  0%| F|  |TAMS 0x0000000746200000, 0x0000000746200000| Untracked 
|  18|0x0000000746400000, 0x0000000746400000, 0x0000000746600000|  0%| F|  |TAMS 0x0000000746400000, 0x0000000746400000| Untracked 
|  19|0x0000000746600000, 0x0000000746600000, 0x0000000746800000|  0%| F|  |TAMS 0x0000000746600000, 0x0000000746600000| Untracked 
|  20|0x0000000746800000, 0x0000000746800000, 0x0000000746a00000|  0%| F|  |TAMS 0x0000000746800000, 0x0000000746800000| Untracked 
|  21|0x0000000746a00000, 0x0000000746a00000, 0x0000000746c00000|  0%| F|  |TAMS 0x0000000746a00000, 0x0000000746a00000| Untracked 
|  22|0x0000000746c00000, 0x0000000746c00000, 0x0000000746e00000|  0%| F|  |TAMS 0x0000000746c00000, 0x0000000746c00000| Untracked 
|  23|0x0000000746e00000, 0x0000000746e00000, 0x0000000747000000|  0%| F|  |TAMS 0x0000000746e00000, 0x0000000746e00000| Untracked 
|  24|0x0000000747000000, 0x0000000747000000, 0x0000000747200000|  0%| F|  |TAMS 0x0000000747000000, 0x0000000747000000| Untracked 
|  25|0x0000000747200000, 0x0000000747200000, 0x0000000747400000|  0%| F|  |TAMS 0x0000000747200000, 0x0000000747200000| Untracked 
|  26|0x0000000747400000, 0x0000000747400000, 0x0000000747600000|  0%| F|  |TAMS 0x0000000747400000, 0x0000000747400000| Untracked 
|  27|0x0000000747600000, 0x0000000747600000, 0x0000000747800000|  0%| F|  |TAMS 0x0000000747600000, 0x0000000747600000| Untracked 
|  28|0x0000000747800000, 0x0000000747800000, 0x0000000747a00000|  0%| F|  |TAMS 0x0000000747800000, 0x0000000747800000| Untracked 
|  29|0x0000000747a00000, 0x0000000747a00000, 0x0000000747c00000|  0%| F|  |TAMS 0x0000000747a00000, 0x0000000747a00000| Untracked 
|  30|0x0000000747c00000, 0x0000000747c00000, 0x0000000747e00000|  0%| F|  |TAMS 0x0000000747c00000, 0x0000000747c00000| Untracked 
|  31|0x0000000747e00000, 0x0000000747e00000, 0x0000000748000000|  0%| F|  |TAMS 0x0000000747e00000, 0x0000000747e00000| Untracked 
|  32|0x0000000748000000, 0x0000000748000000, 0x0000000748200000|  0%| F|  |TAMS 0x0000000748000000, 0x0000000748000000| Untracked 
|  33|0x0000000748200000, 0x0000000748200000, 0x0000000748400000|  0%| F|  |TAMS 0x0000000748200000, 0x0000000748200000| Untracked 
|  34|0x0000000748400000, 0x0000000748400000, 0x0000000748600000|  0%| F|  |TAMS 0x0000000748400000, 0x0000000748400000| Untracked 
|  35|0x0000000748600000, 0x0000000748600000, 0x0000000748800000|  0%| F|  |TAMS 0x0000000748600000, 0x0000000748600000| Untracked 
|  36|0x0000000748800000, 0x0000000748800000, 0x0000000748a00000|  0%| F|  |TAMS 0x0000000748800000, 0x0000000748800000| Untracked 
|  37|0x0000000748a00000, 0x0000000748a00000, 0x0000000748c00000|  0%| F|  |TAMS 0x0000000748a00000, 0x0000000748a00000| Untracked 
|  38|0x0000000748c00000, 0x0000000748c00000, 0x0000000748e00000|  0%| F|  |TAMS 0x0000000748c00000, 0x0000000748c00000| Untracked 
|  39|0x0000000748e00000, 0x0000000748e00000, 0x0000000749000000|  0%| F|  |TAMS 0x0000000748e00000, 0x0000000748e00000| Untracked 
|  40|0x0000000749000000, 0x0000000749000000, 0x0000000749200000|  0%| F|  |TAMS 0x0000000749000000, 0x0000000749000000| Untracked 
|  41|0x0000000749200000, 0x0000000749200000, 0x0000000749400000|  0%| F|  |TAMS 0x0000000749200000, 0x0000000749200000| Untracked 
|  42|0x0000000749400000, 0x0000000749400000, 0x0000000749600000|  0%| F|  |TAMS 0x0000000749400000, 0x0000000749400000| Untracked 
|  43|0x0000000749600000, 0x0000000749600000, 0x0000000749800000|  0%| F|  |TAMS 0x0000000749600000, 0x0000000749600000| Untracked 
|  44|0x0000000749800000, 0x0000000749800000, 0x0000000749a00000|  0%| F|  |TAMS 0x0000000749800000, 0x0000000749800000| Untracked 
|  45|0x0000000749a00000, 0x0000000749a00000, 0x0000000749c00000|  0%| F|  |TAMS 0x0000000749a00000, 0x0000000749a00000| Untracked 
|  46|0x0000000749c00000, 0x0000000749c00000, 0x0000000749e00000|  0%| F|  |TAMS 0x0000000749c00000, 0x0000000749c00000| Untracked 
|  47|0x0000000749e00000, 0x0000000749e00000, 0x000000074a000000|  0%| F|  |TAMS 0x0000000749e00000, 0x0000000749e00000| Untracked 
|  48|0x000000074a000000, 0x000000074a000000, 0x000000074a200000|  0%| F|  |TAMS 0x000000074a000000, 0x000000074a000000| Untracked 
|  49|0x000000074a200000, 0x000000074a200000, 0x000000074a400000|  0%| F|  |TAMS 0x000000074a200000, 0x000000074a200000| Untracked 
|  50|0x000000074a400000, 0x000000074a400000, 0x000000074a600000|  0%| F|  |TAMS 0x000000074a400000, 0x000000074a400000| Untracked 
|  51|0x000000074a600000, 0x000000074a600000, 0x000000074a800000|  0%| F|  |TAMS 0x000000074a600000, 0x000000074a600000| Untracked 
|  52|0x000000074a800000, 0x000000074a800000, 0x000000074aa00000|  0%| F|  |TAMS 0x000000074a800000, 0x000000074a800000| Untracked 
|  53|0x000000074aa00000, 0x000000074aa00000, 0x000000074ac00000|  0%| F|  |TAMS 0x000000074aa00000, 0x000000074aa00000| Untracked 
|  54|0x000000074ac00000, 0x000000074ac00000, 0x000000074ae00000|  0%| F|  |TAMS 0x000000074ac00000, 0x000000074ac00000| Untracked 
|  55|0x000000074ae00000, 0x000000074ae00000, 0x000000074b000000|  0%| F|  |TAMS 0x000000074ae00000, 0x000000074ae00000| Untracked 
|  56|0x000000074b000000, 0x000000074b000000, 0x000000074b200000|  0%| F|  |TAMS 0x000000074b000000, 0x000000074b000000| Untracked 
|  57|0x000000074b200000, 0x000000074b200000, 0x000000074b400000|  0%| F|  |TAMS 0x000000074b200000, 0x000000074b200000| Untracked 
|  58|0x000000074b400000, 0x000000074b400000, 0x000000074b600000|  0%| F|  |TAMS 0x000000074b400000, 0x000000074b400000| Untracked 
|  59|0x000000074b600000, 0x000000074b600000, 0x000000074b800000|  0%| F|  |TAMS 0x000000074b600000, 0x000000074b600000| Untracked 
|  60|0x000000074b800000, 0x000000074b800000, 0x000000074ba00000|  0%| F|  |TAMS 0x000000074b800000, 0x000000074b800000| Untracked 
|  61|0x000000074ba00000, 0x000000074ba00000, 0x000000074bc00000|  0%| F|  |TAMS 0x000000074ba00000, 0x000000074ba00000| Untracked 
|  62|0x000000074bc00000, 0x000000074bc00000, 0x000000074be00000|  0%| F|  |TAMS 0x000000074bc00000, 0x000000074bc00000| Untracked 
|  63|0x000000074be00000, 0x000000074be00000, 0x000000074c000000|  0%| F|  |TAMS 0x000000074be00000, 0x000000074be00000| Untracked 
|  64|0x000000074c000000, 0x000000074c000000, 0x000000074c200000|  0%| F|  |TAMS 0x000000074c000000, 0x000000074c000000| Untracked 
|  65|0x000000074c200000, 0x000000074c200000, 0x000000074c400000|  0%| F|  |TAMS 0x000000074c200000, 0x000000074c200000| Untracked 
|  66|0x000000074c400000, 0x000000074c400000, 0x000000074c600000|  0%| F|  |TAMS 0x000000074c400000, 0x000000074c400000| Untracked 
|  67|0x000000074c600000, 0x000000074c600000, 0x000000074c800000|  0%| F|  |TAMS 0x000000074c600000, 0x000000074c600000| Untracked 
|  68|0x000000074c800000, 0x000000074c800000, 0x000000074ca00000|  0%| F|  |TAMS 0x000000074c800000, 0x000000074c800000| Untracked 
|  69|0x000000074ca00000, 0x000000074ca00000, 0x000000074cc00000|  0%| F|  |TAMS 0x000000074ca00000, 0x000000074ca00000| Untracked 
|  70|0x000000074cc00000, 0x000000074cc00000, 0x000000074ce00000|  0%| F|  |TAMS 0x000000074cc00000, 0x000000074cc00000| Untracked 
|  71|0x000000074ce00000, 0x000000074ce00000, 0x000000074d000000|  0%| F|  |TAMS 0x000000074ce00000, 0x000000074ce00000| Untracked 
|  72|0x000000074d000000, 0x000000074d000000, 0x000000074d200000|  0%| F|  |TAMS 0x000000074d000000, 0x000000074d000000| Untracked 
|  73|0x000000074d200000, 0x000000074d200000, 0x000000074d400000|  0%| F|  |TAMS 0x000000074d200000, 0x000000074d200000| Untracked 
|  74|0x000000074d400000, 0x000000074d400000, 0x000000074d600000|  0%| F|  |TAMS 0x000000074d400000, 0x000000074d400000| Untracked 
|  75|0x000000074d600000, 0x000000074d600000, 0x000000074d800000|  0%| F|  |TAMS 0x000000074d600000, 0x000000074d600000| Untracked 
|  76|0x000000074d800000, 0x000000074d800000, 0x000000074da00000|  0%| F|  |TAMS 0x000000074d800000, 0x000000074d800000| Untracked 
|  77|0x000000074da00000, 0x000000074da00000, 0x000000074dc00000|  0%| F|  |TAMS 0x000000074da00000, 0x000000074da00000| Untracked 
|  78|0x000000074dc00000, 0x000000074dc00000, 0x000000074de00000|  0%| F|  |TAMS 0x000000074dc00000, 0x000000074dc00000| Untracked 
|  79|0x000000074de00000, 0x000000074de00000, 0x000000074e000000|  0%| F|  |TAMS 0x000000074de00000, 0x000000074de00000| Untracked 
|  80|0x000000074e000000, 0x000000074e000000, 0x000000074e200000|  0%| F|  |TAMS 0x000000074e000000, 0x000000074e000000| Untracked 
|  81|0x000000074e200000, 0x000000074e200000, 0x000000074e400000|  0%| F|  |TAMS 0x000000074e200000, 0x000000074e200000| Untracked 
|  82|0x000000074e400000, 0x000000074e400000, 0x000000074e600000|  0%| F|  |TAMS 0x000000074e400000, 0x000000074e400000| Untracked 
|  83|0x000000074e600000, 0x000000074e600000, 0x000000074e800000|  0%| F|  |TAMS 0x000000074e600000, 0x000000074e600000| Untracked 
|  84|0x000000074e800000, 0x000000074e800000, 0x000000074ea00000|  0%| F|  |TAMS 0x000000074e800000, 0x000000074e800000| Untracked 
|  85|0x000000074ea00000, 0x000000074ea00000, 0x000000074ec00000|  0%| F|  |TAMS 0x000000074ea00000, 0x000000074ea00000| Untracked 
|  86|0x000000074ec00000, 0x000000074ec00000, 0x000000074ee00000|  0%| F|  |TAMS 0x000000074ec00000, 0x000000074ec00000| Untracked 
|  87|0x000000074ee00000, 0x000000074f000000, 0x000000074f000000|100%| E|CS|TAMS 0x000000074ee00000, 0x000000074ee00000| Complete 
|  88|0x000000074f000000, 0x000000074f0ad078, 0x000000074f200000| 33%| S|  |TAMS 0x000000074f000000, 0x000000074f000000| Complete 
|  89|0x000000074f200000, 0x000000074f400000, 0x000000074f400000|100%| E|CS|TAMS 0x000000074f200000, 0x000000074f200000| Complete 
|  90|0x000000074f400000, 0x000000074f600000, 0x000000074f600000|100%| E|CS|TAMS 0x000000074f400000, 0x000000074f400000| Complete 
|  91|0x000000074f600000, 0x000000074f800000, 0x000000074f800000|100%| E|CS|TAMS 0x000000074f600000, 0x000000074f600000| Complete 
|  92|0x000000074f800000, 0x000000074fa00000, 0x000000074fa00000|100%| E|CS|TAMS 0x000000074f800000, 0x000000074f800000| Complete 
|  93|0x000000074fa00000, 0x000000074fc00000, 0x000000074fc00000|100%| E|CS|TAMS 0x000000074fa00000, 0x000000074fa00000| Complete 

Card table byte_map: [0x0000018358390000,0x0000018358970000] _byte_map_base: 0x0000018354970000

Marking Bits (Prev, Next): (CMBitMap*) 0x0000018341578da0, (CMBitMap*) 0x0000018341578de0
 Prev Bits: [0x0000018358f50000, 0x000001835be50000)
 Next Bits: [0x000001835be50000, 0x000001835ed50000)

Polling page: 0x000001833f4b0000

Metaspace:

Usage:
  Non-class:      4.08 MB used.
      Class:    555.61 KB used.
       Both:      4.63 MB used.

Virtual space:
  Non-class space:        8.00 MB reserved,       4.12 MB ( 52%) committed,  1 nodes.
      Class space:        1.00 GB reserved,     640.00 KB ( <1%) committed,  1 nodes.
             Both:        1.01 GB reserved,       4.75 MB ( <1%) committed. 

Chunk freelists:
   Non-Class:  1.44 MB
       Class:  3.33 MB
        Both:  4.77 MB

MaxMetaspaceSize: unlimited
CompressedClassSpaceSize: 1.00 GB
Initial GC threshold: 21.00 MB
Current GC threshold: 21.00 MB
CDS: on
MetaspaceReclaimPolicy: balanced
 - commit_granule_bytes: 65536.
 - commit_granule_words: 8192.
 - virtual_space_node_default_size: 1048576.
 - enlarge_chunks_in_place: 1.
 - new_chunks_are_fully_committed: 0.
 - uncommit_free_chunks: 1.
 - use_allocation_guard: 0.
 - handle_deallocations: 1.


Internal statistics:

num_allocs_failed_limit: 0.
num_arena_births: 14.
num_arena_deaths: 0.
num_vsnodes_births: 2.
num_vsnodes_deaths: 0.
num_space_committed: 76.
num_space_uncommitted: 0.
num_chunks_returned_to_freelist: 0.
num_chunks_taken_from_freelist: 143.
num_chunk_merges: 0.
num_chunk_splits: 106.
num_chunks_enlarged: 94.
num_purges: 0.
num_inconsistent_stats: 0.

CodeHeap 'non-profiled nmethods': size=120000Kb used=314Kb max_used=314Kb free=119685Kb
 bounds [0x0000018350880000, 0x0000018350af0000, 0x0000018357db0000]
CodeHeap 'profiled nmethods': size=120000Kb used=1932Kb max_used=1932Kb free=118067Kb
 bounds [0x0000018348db0000, 0x0000018349020000, 0x00000183502e0000]
CodeHeap 'non-nmethods': size=5760Kb used=1140Kb max_used=1170Kb free=4619Kb
 bounds [0x00000183502e0000, 0x0000018350550000, 0x0000018350880000]
 total_blobs=1359 nmethods=930 adapters=343
 compilation: enabled
              stopped_count=0, restarted_count=0
 full_count=0

Compilation events (20 events):
Event: 0.817 Thread 0x000001836291e1f0 nmethod 899 0x00000183508cb490 code [0x00000183508cb620, 0x00000183508cb708]
Event: 0.817 Thread 0x000001836291e1f0  910       4       org.codehaus.plexus.util.InterpolationFilterReader::read (477 bytes)
Event: 0.818 Thread 0x0000018361454050  941       2       java.util.ArrayList::<init> (12 bytes)
Event: 0.818 Thread 0x0000018361454050 nmethod 941 0x0000018348f90410 code [0x0000018348f905a0, 0x0000018348f90718]
Event: 0.818 Thread 0x0000018361454050  940       2       org.codehaus.plexus.util.xml.pull.MXParser::require (443 bytes)
Event: 0.821 Thread 0x0000018361454050 nmethod 940 0x0000018348f90790 code [0x0000018348f90d40, 0x0000018348f922f8]
Event: 0.821 Thread 0x0000018361454050  942       2       java.util.Collections::emptyMap (4 bytes)
Event: 0.821 Thread 0x0000018361454050 nmethod 942 0x0000018348f92f90 code [0x0000018348f93120, 0x0000018348f93218]
Event: 0.821 Thread 0x000001836291e1f0 nmethod 910 0x00000183508cb810 code [0x00000183508cb9c0, 0x00000183508cbc98]
Event: 0.821 Thread 0x000001836291e1f0  911       4       java.io.Reader::read (21 bytes)
Event: 0.822 Thread 0x00000183614536a0 nmethod 926 0x00000183508cc010 code [0x00000183508cc2a0, 0x00000183508ccda8]
Event: 0.822 Thread 0x00000183614536a0  913       4       java.nio.ByteBuffer::position (8 bytes)
Event: 0.823 Thread 0x000001836291e1f0 nmethod 911 0x00000183508cda10 code [0x00000183508cdba0, 0x00000183508cdd28]
Event: 0.823 Thread 0x000001836291e1f0  920       4       java.nio.Buffer::limit (65 bytes)
Event: 0.823 Thread 0x00000183614536a0 nmethod 913 0x00000183508cde90 code [0x00000183508ce000, 0x00000183508ce0d8]
Event: 0.823 Thread 0x00000183614536a0  921       4       java.nio.Buffer::<init> (105 bytes)
Event: 0.823 Thread 0x000001836291e1f0 nmethod 920 0x00000183508ce210 code [0x00000183508ce380, 0x00000183508ce478]
Event: 0.823 Thread 0x000001836291e1f0  924       4       java.nio.ByteBuffer::position (6 bytes)
Event: 0.824 Thread 0x000001836291e1f0 nmethod 924 0x00000183508ce590 code [0x00000183508ce720, 0x00000183508ce818]
Event: 0.824 Thread 0x000001836291e1f0  929       4       sun.nio.cs.UTF_8$Decoder::decodeArrayLoop (688 bytes)

GC Heap History (3 events):
Event: 0.534 GC heap before
{Heap before GC invocations=0 (full 0):
 garbage-first heap   total 192512K, used 12288K [0x0000000744000000, 0x0000000800000000)
  region size 2048K, 6 young (12288K), 0 survivors (0K)
 Metaspace       used 3329K, committed 3456K, reserved 1056768K
  class space    used 348K, committed 448K, reserved 1048576K
}
Event: 0.540 GC heap after
{Heap after GC invocations=1 (full 0):
 garbage-first heap   total 192512K, used 3044K [0x0000000744000000, 0x0000000800000000)
  region size 2048K, 1 young (2048K), 1 survivors (2048K)
 Metaspace       used 3329K, committed 3456K, reserved 1056768K
  class space    used 348K, committed 448K, reserved 1048576K
}
Event: 0.826 GC heap before
{Heap before GC invocations=1 (full 0):
 garbage-first heap   total 192512K, used 11236K [0x0000000744000000, 0x0000000800000000)
  region size 2048K, 6 young (12288K), 1 survivors (2048K)
 Metaspace       used 4737K, committed 4864K, reserved 1056768K
  class space    used 555K, committed 640K, reserved 1048576K
}

Deoptimization events (20 events):
Event: 0.344 Thread 0x0000018341522090 Uncommon trap: trap_request=0xffffff45 fr.pc=0x00000183508873dc relative=0x00000000000003bc
Event: 0.344 Thread 0x0000018341522090 Uncommon trap: reason=unstable_if action=reinterpret pc=0x00000183508873dc method=java.lang.StringLatin1.canEncode(I)Z @ 4 c2
Event: 0.344 Thread 0x0000018341522090 DEOPT PACKING pc=0x00000183508873dc sp=0x000000554d0fdd70
Event: 0.344 Thread 0x0000018341522090 DEOPT UNPACKING pc=0x000001835033239d sp=0x000000554d0fdc88 mode 2
Event: 0.344 Thread 0x0000018341522090 Uncommon trap: trap_request=0xffffff45 fr.pc=0x0000018350888448 relative=0x00000000000003a8
Event: 0.344 Thread 0x0000018341522090 Uncommon trap: reason=unstable_if action=reinterpret pc=0x0000018350888448 method=java.lang.AbstractStringBuilder.isLatin1()Z @ 10 c2
Event: 0.344 Thread 0x0000018341522090 DEOPT PACKING pc=0x0000018350888448 sp=0x000000554d0fdd70
Event: 0.344 Thread 0x0000018341522090 DEOPT UNPACKING pc=0x000001835033239d sp=0x000000554d0fdcf0 mode 2
Event: 0.350 Thread 0x0000018341522090 Uncommon trap: trap_request=0xffffff45 fr.pc=0x00000183508879b8 relative=0x0000000000000038
Event: 0.350 Thread 0x0000018341522090 Uncommon trap: reason=unstable_if action=reinterpret pc=0x00000183508879b8 method=java.lang.StringLatin1.canEncode(I)Z @ 4 c2
Event: 0.350 Thread 0x0000018341522090 DEOPT PACKING pc=0x00000183508879b8 sp=0x000000554d0fdcf0
Event: 0.350 Thread 0x0000018341522090 DEOPT UNPACKING pc=0x000001835033239d sp=0x000000554d0fdc80 mode 2
Event: 0.527 Thread 0x0000018341522090 DEOPT PACKING pc=0x0000018348de1e3e sp=0x000000554d0fd160
Event: 0.527 Thread 0x0000018341522090 DEOPT UNPACKING pc=0x0000018350332b24 sp=0x000000554d0fc5d8 mode 0
Event: 0.721 Thread 0x0000018341522090 DEOPT PACKING pc=0x0000018348df4174 sp=0x000000554d0fda50
Event: 0.721 Thread 0x0000018341522090 DEOPT UNPACKING pc=0x0000018350332b24 sp=0x000000554d0fcf00 mode 0
Event: 0.722 Thread 0x0000018341522090 Uncommon trap: trap_request=0xffffff45 fr.pc=0x000001835089eeb0 relative=0x00000000000000b0
Event: 0.722 Thread 0x0000018341522090 Uncommon trap: reason=unstable_if action=reinterpret pc=0x000001835089eeb0 method=org.codehaus.plexus.util.xml.pull.MXParser.more()C @ 8 c2
Event: 0.722 Thread 0x0000018341522090 DEOPT PACKING pc=0x000001835089eeb0 sp=0x000000554d0fdce0
Event: 0.722 Thread 0x0000018341522090 DEOPT UNPACKING pc=0x000001835033239d sp=0x000000554d0fdc70 mode 2

Classes unloaded (0 events):
No events

Classes redefined (0 events):
No events

Internal exceptions (11 events):
Event: 0.189 Thread 0x0000018341522090 Exception <a 'java/lang/NullPointerException'{0x000000074f973db8}> (0x000000074f973db8) 
thrown [s\open\src\hotspot\share\interpreter\linkResolver.cpp, line 1350]
Event: 0.202 Thread 0x0000018341522090 Exception <a 'java/lang/NullPointerException'{0x000000074f9a4748}> (0x000000074f9a4748) 
thrown [s\open\src\hotspot\share\interpreter\linkResolver.cpp, line 1350]
Event: 0.202 Thread 0x0000018341522090 Exception <a 'java/lang/NullPointerException'{0x000000074f9a4a20}> (0x000000074f9a4a20) 
thrown [s\open\src\hotspot\share\interpreter\linkResolver.cpp, line 1350]
Event: 0.202 Thread 0x0000018341522090 Exception <a 'java/lang/NullPointerException'{0x000000074f9a4cf8}> (0x000000074f9a4cf8) 
thrown [s\open\src\hotspot\share\interpreter\linkResolver.cpp, line 1350]
Event: 0.203 Thread 0x0000018341522090 Exception <a 'java/lang/NullPointerException'{0x000000074f9aa678}> (0x000000074f9aa678) 
thrown [s\open\src\hotspot\share\interpreter\linkResolver.cpp, line 1350]
Event: 0.205 Thread 0x0000018341522090 Exception <a 'java/lang/NullPointerException'{0x000000074f9bfa30}> (0x000000074f9bfa30) 
thrown [s\open\src\hotspot\share\interpreter\linkResolver.cpp, line 1350]
Event: 0.205 Thread 0x0000018341522090 Exception <a 'java/lang/NullPointerException'{0x000000074f9bfd08}> (0x000000074f9bfd08) 
thrown [s\open\src\hotspot\share\interpreter\linkResolver.cpp, line 1350]
Event: 0.205 Thread 0x0000018341522090 Exception <a 'java/lang/NullPointerException'{0x000000074f9bffe0}> (0x000000074f9bffe0) 
thrown [s\open\src\hotspot\share\interpreter\linkResolver.cpp, line 1350]
Event: 0.205 Thread 0x0000018341522090 Exception <a 'java/lang/NullPointerException'{0x000000074f9c02b8}> (0x000000074f9c02b8) 
thrown [s\open\src\hotspot\share\interpreter\linkResolver.cpp, line 1350]
Event: 0.644 Thread 0x0000018341522090 Exception <a 'java/lang/NoSuchMethodError'{0x000000074f802cd0}: 'java.lang.Object java.lang.invoke.DirectMethodHandle$Holder.newInvokeSpecial(java.lang.Object, java.lang.Object, java.lang.Object, java.lang.Object, java.lang.Object)'> (0x000000074f802cd0) 
thrown [s\open\src\hotspot\share\interpreter\linkResolver.cpp, line 759]
Event: 0.712 Thread 0x0000018341522090 Exception <a 'java/lang/NoClassDefFoundError'{0x000000074f968bb0}: javax/enterprise/inject/Typed> (0x000000074f968bb0) 
thrown [s\open\src\hotspot\share\classfile\systemDictionary.cpp, line 245]

VM Operations (11 events):
Event: 0.071 Executing VM operation: HandshakeAllThreads
Event: 0.071 Executing VM operation: HandshakeAllThreads done
Event: 0.188 Executing VM operation: HandshakeAllThreads
Event: 0.188 Executing VM operation: HandshakeAllThreads done
Event: 0.195 Executing VM operation: HandshakeAllThreads
Event: 0.196 Executing VM operation: HandshakeAllThreads done
Event: 0.299 Executing VM operation: HandshakeAllThreads
Event: 0.299 Executing VM operation: HandshakeAllThreads done
Event: 0.534 Executing VM operation: G1CollectForAllocation
Event: 0.541 Executing VM operation: G1CollectForAllocation done
Event: 0.825 Executing VM operation: G1CollectForAllocation

Events (20 events):
Event: 0.698 loading class sun/reflect/generics/repository/AbstractRepository done
Event: 0.698 loading class sun/reflect/generics/repository/GenericDeclRepository done
Event: 0.698 loading class sun/reflect/generics/repository/ClassRepository done
Event: 0.698 loading class sun/reflect/generics/tree/FormalTypeParameter
Event: 0.698 loading class sun/reflect/generics/tree/FormalTypeParameter done
Event: 0.698 loading class sun/reflect/generics/tree/ClassSignature
Event: 0.698 loading class sun/reflect/generics/tree/Signature
Event: 0.698 loading class sun/reflect/generics/tree/Signature done
Event: 0.698 loading class sun/reflect/generics/tree/ClassSignature done
Event: 0.698 loading class java/lang/reflect/TypeVariable
Event: 0.698 loading class java/lang/reflect/TypeVariable done
Event: 0.698 loading class java/lang/reflect/WildcardType
Event: 0.698 loading class java/lang/reflect/WildcardType done
Event: 0.701 loading class sun/reflect/generics/tree/TypeVariableSignature
Event: 0.701 loading class sun/reflect/generics/tree/TypeVariableSignature done
Event: 0.712 loading class java/lang/annotation/IncompleteAnnotationException
Event: 0.712 loading class java/lang/annotation/IncompleteAnnotationException done
Event: 0.741 Thread 0x000001836291e1f0 Thread added: 0x000001836291e1f0
Event: 0.774 loading class jdk/internal/access/foreign/MemorySegmentProxy
Event: 0.774 loading class jdk/internal/access/foreign/MemorySegmentProxy done


Dynamic libraries:
0x00007ff61e410000 - 0x00007ff61e420000 	C:\Program Files\Java\jdk-17\bin\java.exe
0x00007ff872c10000 - 0x00007ff872e08000 	C:\WINDOWS\SYSTEM32\ntdll.dll
0x00007ff871810000 - 0x00007ff8718cf000 	C:\WINDOWS\System32\KERNEL32.DLL
0x00007ff870970000 - 0x00007ff870c42000 	C:\WINDOWS\System32\KERNELBASE.dll
0x00007ff8705d0000 - 0x00007ff8706d0000 	C:\WINDOWS\System32\ucrtbase.dll
0x00007ff86dc00000 - 0x00007ff86dc1b000 	C:\Program Files\Java\jdk-17\bin\VCRUNTIME140.dll
0x00007ff86be00000 - 0x00007ff86be18000 	C:\Program Files\Java\jdk-17\bin\jli.dll
0x00007ff870f20000 - 0x00007ff870fce000 	C:\WINDOWS\System32\ADVAPI32.dll
0x00007ff870c60000 - 0x00007ff870cfe000 	C:\WINDOWS\System32\msvcrt.dll
0x00007ff872a70000 - 0x00007ff872b0c000 	C:\WINDOWS\System32\sechost.dll
0x00007ff872940000 - 0x00007ff872a65000 	C:\WINDOWS\System32\RPCRT4.dll
0x00007ff872100000 - 0x00007ff8722a1000 	C:\WINDOWS\System32\USER32.dll
0x00007ff8706d0000 - 0x00007ff8706f2000 	C:\WINDOWS\System32\win32u.dll
0x00007ff861230000 - 0x00007ff8614ca000 	C:\WINDOWS\WinSxS\amd64_microsoft.windows.common-controls_6595b64144ccf1df_6.0.19041.1110_none_60b5254171f9507e\COMCTL32.dll
0x00007ff872700000 - 0x00007ff87272b000 	C:\WINDOWS\System32\GDI32.dll
0x00007ff870300000 - 0x00007ff87040f000 	C:\WINDOWS\System32\gdi32full.dll
0x00007ff870700000 - 0x00007ff87079d000 	C:\WINDOWS\System32\msvcp_win.dll
0x00007ff865cf0000 - 0x00007ff865cfa000 	C:\WINDOWS\SYSTEM32\VERSION.dll
0x00007ff872900000 - 0x00007ff872932000 	C:\WINDOWS\System32\IMM32.DLL
0x00007ff86bdb0000 - 0x00007ff86bdbc000 	C:\Program Files\Java\jdk-17\bin\vcruntime140_1.dll
0x00007ff858210000 - 0x00007ff85829e000 	C:\Program Files\Java\jdk-17\bin\msvcp140.dll
0x00007ff824e80000 - 0x00007ff825a57000 	C:\Program Files\Java\jdk-17\bin\server\jvm.dll
0x00007ff870c50000 - 0x00007ff870c58000 	C:\WINDOWS\System32\PSAPI.DLL
0x00007ff86a650000 - 0x00007ff86a659000 	C:\WINDOWS\SYSTEM32\WSOCK32.dll
0x00007ff85d8a0000 - 0x00007ff85d8c7000 	C:\WINDOWS\SYSTEM32\WINMM.dll
0x00007ff872690000 - 0x00007ff8726fb000 	C:\WINDOWS\System32\WS2_32.dll
0x00007ff86e100000 - 0x00007ff86e112000 	C:\WINDOWS\SYSTEM32\kernel.appcore.dll
0x00007ff862060000 - 0x00007ff86206a000 	C:\Program Files\Java\jdk-17\bin\jimage.dll
0x00007ff855c30000 - 0x00007ff855e14000 	C:\WINDOWS\SYSTEM32\DBGHELP.DLL
0x00007ff855b70000 - 0x00007ff855ba5000 	C:\WINDOWS\SYSTEM32\dbgcore.DLL
0x00007ff870410000 - 0x00007ff870492000 	C:\WINDOWS\System32\bcryptPrimitives.dll
0x00007ff86bd80000 - 0x00007ff86bda5000 	C:\Program Files\Java\jdk-17\bin\java.dll
0x00007ff85fb60000 - 0x00007ff85fc37000 	C:\Program Files\Java\jdk-17\bin\jsvml.dll
0x00007ff871930000 - 0x00007ff872075000 	C:\WINDOWS\System32\SHELL32.dll
0x00007ff86e3e0000 - 0x00007ff86eb72000 	C:\WINDOWS\SYSTEM32\windows.storage.dll
0x00007ff872330000 - 0x00007ff872685000 	C:\WINDOWS\System32\combase.dll
0x00007ff86fc80000 - 0x00007ff86fcb0000 	C:\WINDOWS\SYSTEM32\Wldp.dll
0x00007ff872b20000 - 0x00007ff872bcd000 	C:\WINDOWS\System32\SHCORE.dll
0x00007ff872810000 - 0x00007ff872865000 	C:\WINDOWS\System32\shlwapi.dll
0x00007ff870240000 - 0x00007ff87025f000 	C:\WINDOWS\SYSTEM32\profapi.dll
0x00007ff8616b0000 - 0x00007ff8616c9000 	C:\Program Files\Java\jdk-17\bin\net.dll
0x00007ff86a6f0000 - 0x00007ff86a7fc000 	C:\WINDOWS\SYSTEM32\WINHTTP.dll
0x00007ff86f9e0000 - 0x00007ff86fa4a000 	C:\WINDOWS\system32\mswsock.dll
0x00007ff861600000 - 0x00007ff861616000 	C:\Program Files\Java\jdk-17\bin\nio.dll
0x00007ff85fd20000 - 0x00007ff85fd38000 	C:\Program Files\Java\jdk-17\bin\zip.dll
0x0000000069ac0000 - 0x0000000069ae4000 	C:\Program Files\NetBeans-16\netbeans\java\maven\lib\jansi-native\Windows\x86_64\jansi.dll
0x00007ff862050000 - 0x00007ff862060000 	C:\Program Files\Java\jdk-17\bin\verify.dll

dbghelp: loaded successfully - version: 4.0.5 - missing functions: none
symbol engine: initialized successfully - sym options: 0x614 - pdb path: .;C:\Program Files\Java\jdk-17\bin;C:\WINDOWS\SYSTEM32;C:\WINDOWS\WinSxS\amd64_microsoft.windows.common-controls_6595b64144ccf1df_6.0.19041.1110_none_60b5254171f9507e;C:\Program Files\Java\jdk-17\bin\server;C:\Program Files\NetBeans-16\netbeans\java\maven\lib\jansi-native\Windows\x86_64

VM Arguments:
jvm_args: -Dclassworlds.conf=C:\Program Files\NetBeans-16\netbeans\java\maven\bin\m2.conf -Dmaven.home=C:\Program Files\NetBeans-16\netbeans\java\maven -Dlibrary.jansi.path=C:\Program Files\NetBeans-16\netbeans\java\maven\lib\jansi-native -Dmaven.multiModuleProjectDirectory=C:\Users\Chich\OneDrive\Desktop\Clase3 
java_command: org.codehaus.plexus.classworlds.launcher.Launcher -Dexec.vmArgs= -Dexec.args=${exec.vmArgs} -classpath %classpath ${exec.mainClass} ${exec.appArgs} -Dexec.appArgs= -Dexec.mainClass=com.mycompany.clase3.Clase3 -Dexec.executable=C:\Program Files\Java\jdk-17\bin\java.exe -Dmaven.ext.class.path=C:\Program Files\NetBeans-16\netbeans\java\maven-nblib\netbeans-eventspy.jar -Dfile.encoding=UTF-8 org.codehaus.mojo:exec-maven-plugin:3.0.0:exec
java_class_path (initial): C:\Program Files\NetBeans-16\netbeans\java\maven\boot\plexus-classworlds-2.6.0.jar
Launcher Type: SUN_STANDARD

[Global flags]
     intx CICompilerCount                          = 3                                         {product} {ergonomic}
     uint ConcGCThreads                            = 1                                         {product} {ergonomic}
     uint G1ConcRefinementThreads                  = 5                                         {product} {ergonomic}
   size_t G1HeapRegionSize                         = 2097152                                   {product} {ergonomic}
    uintx GCDrainStackTargetSize                   = 64                                        {product} {ergonomic}
   size_t InitialHeapSize                          = 197132288                                 {product} {ergonomic}
   size_t MarkStackSize                            = 4194304                                   {product} {ergonomic}
   size_t MaxHeapSize                              = 3154116608                                {product} {ergonomic}
   size_t MaxNewSize                               = 1891631104                                {product} {ergonomic}
   size_t MinHeapDeltaBytes                        = 2097152                                   {product} {ergonomic}
   size_t MinHeapSize                              = 8388608                                   {product} {ergonomic}
    uintx NonNMethodCodeHeapSize                   = 5832780                                {pd product} {ergonomic}
    uintx NonProfiledCodeHeapSize                  = 122912730                              {pd product} {ergonomic}
    uintx ProfiledCodeHeapSize                     = 122912730                              {pd product} {ergonomic}
    uintx ReservedCodeCacheSize                    = 251658240                              {pd product} {ergonomic}
     bool SegmentedCodeCache                       = true                                      {product} {ergonomic}
   size_t SoftMaxHeapSize                          = 3154116608                             {manageable} {ergonomic}
     bool UseCompressedClassPointers               = true                           {product lp64_product} {ergonomic}
     bool UseCompressedOops                        = true                           {product lp64_product} {ergonomic}
     bool UseG1GC                                  = true                                      {product} {ergonomic}
     bool UseLargePagesIndividualAllocation        = false                                  {pd product} {ergonomic}

Logging:
Log output configuration:
 #0: stdout all=warning uptime,level,tags
 #1: stderr all=off uptime,level,tags

Environment Variables:
JAVA_HOME=C:\Program Files\Java\jdk-17
PATH=C:\Program Files\Common Files\Oracle\Java\javapath;C:\Windows\system32;C:\Windows;C:\Windows\System32\Wbem;C:\Windows\System32\WindowsPowerShell\v1.0\;C:\Windows\System32\OpenSSH\;C:\WINDOWS\system32;C:\WINDOWS;C:\WINDOWS\System32\Wbem;C:\WINDOWS\System32\WindowsPowerShell\v1.0\;C:\WINDOWS\System32\OpenSSH\;C:\Users\Chich\AppData\Local\Microsoft\WindowsApps;C:\adb;C:\Program Files\Git\cmd;C:\Users\Chich\AppData\Local\Microsoft\WindowsApps;C:\Users\Chich\AppData\Local\GitHubDesktop\bin
USERNAME=Chicho
OS=Windows_NT
PROCESSOR_IDENTIFIER=AMD64 Family 16 Model 10 Stepping 0, AuthenticAMD



---------------  S Y S T E M  ---------------

OS:
 Windows 10 , 64 bit Build 19041 (10.0.19041.2546)
OS uptime: 1 days 4:42 hours

CPU: total 5 (initial active 5) (5 cores per cpu, 1 threads per core) family 16 model 10 stepping 0 microcode 0x0, cx8, cmov, fxsr, mmx, 3dnowpref, sse, sse2, sse3, sse4a, popcnt, lzcnt, tsc, tscinvbit, clflush

Memory: 4k page, system-wide physical 12031M (5937M free)
TotalPageFile size 13887M (AvailPageFile size 4916M)
current process WorkingSet (physical memory assigned to process): 67M, peak: 67M
current process commit charge ("private bytes"): 281M, peak: 283M

vm_info: Java HotSpot(TM) 64-Bit Server VM (17.0.6+9-LTS-190) for windows-amd64 JRE (17.0.6+9-LTS-190), built on Dec  6 2022 15:53:54 by "mach5one" with MS VC++ 17.1 (VS2022)

END.
