#
# A fatal error has been detected by the Java Runtime Environment:
#
#  EXCEPTION_ACCESS_VIOLATION (0xc0000005) at pc=0x00007ff8251eea9e, pid=5468, tid=1168
#
# JRE version: Java(TM) SE Runtime Environment (17.0.6+9) (build 17.0.6+9-LTS-190)
# Java VM: Java HotSpot(TM) 64-Bit Server VM (17.0.6+9-LTS-190, mixed mode, sharing, tiered, compressed oops, compressed class ptrs, g1 gc, windows-amd64)
# Problematic frame:
# V  [jvm.dll+0x36ea9e]
#
# No core dump will be written. Minidumps are not enabled by default on client versions of Windows
#
# If you would like to submit a bug report, please visit:
#   https://bugreport.java.com/bugreport/crash.jsp
#

---------------  S U M M A R Y ------------

Command Line: -Dclassworlds.conf=C:\Program Files\NetBeans-16\netbeans\java\maven\bin\m2.conf -Dmaven.home=C:\Program Files\NetBeans-16\netbeans\java\maven -Dlibrary.jansi.path=C:\Program Files\NetBeans-16\netbeans\java\maven\lib\jansi-native -Dmaven.multiModuleProjectDirectory=C:\Users\Chich\OneDrive\Desktop\Clase3 org.codehaus.plexus.classworlds.launcher.Launcher -Dexec.vmArgs= -Dexec.args=${exec.vmArgs} -classpath %classpath ${exec.mainClass} ${exec.appArgs} -Dexec.appArgs= -Dexec.mainClass=com.mycompany.clase3.Clase3 -Dexec.executable=C:\Program Files\Java\jdk-17\bin\java.exe -Dmaven.ext.class.path=C:\Program Files\NetBeans-16\netbeans\java\maven-nblib\netbeans-eventspy.jar -Dfile.encoding=UTF-8 org.codehaus.mojo:exec-maven-plugin:3.0.0:exec

Host: AMD Phenom(tm) II X6 1090T Processor, 5 cores, 11G,  Windows 10 , 64 bit Build 19041 (10.0.19041.2546)
Time: Fri Mar  3 12:15:43 2023 Hora estándar de Argentina elapsed time: 1.039307 seconds (0d 0h 0m 1s)

---------------  T H R E A D  ---------------

Current thread (0x0000027f7fc13d00):  JavaThread "C1 CompilerThread0" daemon [_thread_in_vm, id=1168, stack(0x000000b8d9900000,0x000000b8d9a00000)]


Current CompileTask:
C1:   1039 1327   !   3       com.google.inject.spi.InjectionPoint::getInjectionPoints (489 bytes)

Stack: [0x000000b8d9900000,0x000000b8d9a00000],  sp=0x000000b8d99fde80,  free space=1015k
Native frames: (J=compiled Java code, j=interpreted, Vv=VM code, C=native code)
V  [jvm.dll+0x36ea9e]
V  [jvm.dll+0x36fae2]
V  [jvm.dll+0x55b34c]
V  [jvm.dll+0x558a76]
V  [jvm.dll+0x55b953]
V  [jvm.dll+0x1c1ae9]
V  [jvm.dll+0x1c1750]
V  [jvm.dll+0x1d62f1]
V  [jvm.dll+0x13b88c]
V  [jvm.dll+0x13e3ee]
V  [jvm.dll+0x13c8fc]
V  [jvm.dll+0x144f0a]
V  [jvm.dll+0x144435]
V  [jvm.dll+0x13c160]
V  [jvm.dll+0x13e3ee]
V  [jvm.dll+0x13c8fc]
V  [jvm.dll+0x144f0a]
V  [jvm.dll+0x144435]
V  [jvm.dll+0x13c160]
V  [jvm.dll+0x13e3ee]
V  [jvm.dll+0x13c9f5]
V  [jvm.dll+0x136b38]
V  [jvm.dll+0x146096]
V  [jvm.dll+0x132240]
V  [jvm.dll+0x1325a0]
V  [jvm.dll+0x132868]
V  [jvm.dll+0x131d01]
V  [jvm.dll+0x1339ad]
V  [jvm.dll+0x224b6e]
V  [jvm.dll+0x222f15]
V  [jvm.dll+0x78753c]
V  [jvm.dll+0x781a7a]
V  [jvm.dll+0x672375]
C  [ucrtbase.dll+0x21bb2]
C  [KERNEL32.DLL+0x17614]
C  [ntdll.dll+0x526a1]


siginfo: EXCEPTION_ACCESS_VIOLATION (0xc0000005), reading address 0x0000027f1553a350


Register to memory mapping:

RIP=0x00007ff8251eea9e jvm.dll
RAX=0x0 is NULL
RBX=0x0000027f0553a2a0 is pointing into metadata
RCX=0x0 is NULL
RDX=0x0000027f1553a348 is an unknown value
RSP=0x000000b8d99fde80 is pointing into the stack for thread: 0x0000027f7fc13d00
RBP=0x0000027f0553a2a0 is pointing into metadata
RSI=0x0 is NULL
RDI=0x0000000000000001 is an unknown value
R8 =0x0000000000000001 is an unknown value
R9 =0x0 is NULL
R10=0x0000000800453c08 is pointing into metadata
R11=0x0 is NULL
R12=0x00000008004561f0 is pointing into metadata
R13=0x0000000800c2b078 is a pointer to class: 
com.google.common.collect.ImmutableCollection$ArrayBasedBuilder {0x0000000800c2b080}
 - instance size:     3
 - klass size:        71
 - access:            synchronized abstract 
 - state:             fully_initialized
 - name:              'com/google/common/collect/ImmutableCollection$ArrayBasedBuilder'
 - super:             'com/google/common/collect/ImmutableCollection$Builder'
 - sub:               'com/google/common/collect/ImmutableSet$Builder'   
 - arrays:            NULL
 - methods:           Array<T>(0x0000027f0553a2a0)
 - method ordering:   Array<T>(0x00000008008f3128)
 - default_methods:   Array<T>(0x0000000000000000)
 - local interfaces:  Array<T>(0x00000008005cfce8)
 - trans. interfaces: Array<T>(0x00000008005cfce8)
 - constants:         constant pool [124] {0x0000027f05539de8} for 'com/google/common/collect/ImmutableCollection$ArrayBasedBuilder' cache=0x0000027f0553b320
 - class loader data:  loader data: 0x0000027f0594a8b0 for instance a 'org/codehaus/plexus/classworlds/realm/ClassRealm'{0x000000074411b5a8}
 - source file:       'ImmutableCollection.java'
 - class annotations:       Array<T>(0x0000000000000000)
 - class type annotations:  Array<T>(0x0000000000000000)
 - field annotations:       Array<T>(0x0000000000000000)
 - field type annotations:  Array<T>(0x0000000000000000)
 - generic signature: '<E:Ljava/lang/Object;>Lcom/google/common/collect/ImmutableCollection$Builder<TE;>;'
 - inner classes:     Array<T>(0x0000027f0553a818)
 - nest members:     Array<T>(0x00000008005cfc78)
 - permitted subclasses:     Array<T>(0x00000008005cfc78)
 - java mirror:       a 'java/lang/Class'{0x00000007441abc78} = 'com/google/common/collect/ImmutableCollection$ArrayBasedBuilder'
 - vtable length      11  (start addr: 0x0000000800c2b240)
 - itable length      2 (start addr: 0x0000000800c2b298)
 - ---- static fields (0 words):
 - ---- non-static fields (3 words):
 - 'size' 'I' @12 
 - 'forceCopy' 'Z' @16 
 - 'contents' '[Ljava/lang/Object;' @20 
 - non-static oop maps: 20-20 
R14=0x0000000800453c08 is pointing into metadata
R15=0x00000008004561f0 is pointing into metadata


Registers:
RAX=0x0000000000000000, RBX=0x0000027f0553a2a0, RCX=0x0000000000000000, RDX=0x0000027f1553a348
RSP=0x000000b8d99fde80, RBP=0x0000027f0553a2a0, RSI=0x0000000000000000, RDI=0x0000000000000001
R8 =0x0000000000000001, R9 =0x0000000000000000, R10=0x0000000800453c08, R11=0x0000000000000000
R12=0x00000008004561f0, R13=0x0000000800c2b078, R14=0x0000000800453c08, R15=0x00000008004561f0
RIP=0x00007ff8251eea9e, EFLAGS=0x0000000000010257

Top of Stack: (sp=0x000000b8d99fde80)
0x000000b8d99fde80:   0000000000000000 00007ff8251efae2
0x000000b8d99fde90:   00000000006c080a 0000000000000069
0x000000b8d99fdea0:   0000027f062aa970 0000027f62a60000
0x000000b8d99fdeb0:   0000000800c2b078 000000b8d99fe220
0x000000b8d99fdec0:   00000008004561f0 00007ff8253db34c
0x000000b8d99fded0:   0000000000000000 000000b8d99fdfd0
0x000000b8d99fdee0:   0000027f7fc13d00 0000000800453c08
0x000000b8d99fdef0:   0000000000000000 0000027f62a60cf0
0x000000b8d99fdf00:   0000027f62ab0000 0000000000000000
0x000000b8d99fdf10:   0000000000000000 0000000000000020
0x000000b8d99fdf20:   0000000000000010 0000000000000004
0x000000b8d99fdf30:   0000027f62ab0000 000000b8d99fdff9
0x000000b8d99fdf40:   0000000000000002 00007ff872c3b3c7
0x000000b8d99fdf50:   0000027f62a60000 0000027f00000001
0x000000b8d99fdf60:   0000000000000010 0000000000000000
0x000000b8d99fdf70:   0000027f067f4010 0000000000000000 

Instructions: (pc=0x00007ff8251eea9e)
0x00007ff8251ee99e:   59 00 ba 7f 0f 00 00 4c 8d 05 d4 2b 59 00 48 8d
0x00007ff8251ee9ae:   0d 5d 1d 59 00 e8 f8 48 ed ff e8 a3 46 30 00 c6
0x00007ff8251ee9be:   05 fd 1c 79 00 01 4c 8b f3 48 8b 9b 78 01 00 00
0x00007ff8251ee9ce:   41 ff c4 48 85 db 0f 85 06 ff ff ff 48 8b bc 24
0x00007ff8251ee9de:   88 00 00 00 48 8b ac 24 90 00 00 00 48 83 3d 7e
0x00007ff8251ee9ee:   1d 79 00 00 4c 8b 6c 24 40 48 8b 5c 24 68 74 12
0x00007ff8251ee9fe:   44 8b c6 48 8d 0d a8 2b 59 00 41 8b d4 e8 20 60
0x00007ff8251eea0e:   ff ff 48 83 3f 00 4c 8b 64 24 48 48 8b 74 24 58
0x00007ff8251eea1e:   74 18 48 8b 94 24 98 00 00 00 49 8b cf e8 a0 c2
0x00007ff8251eea2e:   d3 ff 48 8b cf e8 08 c2 d3 ff 48 8b 44 24 20 49
0x00007ff8251eea3e:   89 7f 10 48 8b 7c 24 50 49 89 6f 18 48 8b 6c 24
0x00007ff8251eea4e:   60 49 89 47 20 4c 8b 7c 24 38 48 83 c4 70 41 5e
0x00007ff8251eea5e:   c3 cc 40 53 80 3d 57 1c 79 00 00 4c 8b d2 48 8b
0x00007ff8251eea6e:   d9 74 06 5b e9 79 c4 ff ff 44 8b 01 45 33 c9 41
0x00007ff8251eea7e:   83 e8 01 78 3f 0f 1f 40 00 66 0f 1f 84 00 00 00
0x00007ff8251eea8e:   00 00 43 8d 04 08 d1 f8 48 63 c8 48 8b 54 cb 08
0x00007ff8251eea9e:   48 8b 4a 08 0f b7 51 22 48 8b 49 08 4c 39 54 d1
0x00007ff8251eeaae:   48 73 06 44 8d 48 01 eb 06 74 0e 44 8d 40 ff 45
0x00007ff8251eeabe:   3b c8 7e ce b8 ff ff ff ff 5b c3 cc cc cc cc cc
0x00007ff8251eeace:   cc cc 4c 8b dc 53 57 48 81 ec e8 00 00 00 48 8b
0x00007ff8251eeade:   05 dd 95 75 00 48 33 c4 48 89 84 24 d0 00 00 00
0x00007ff8251eeaee:   49 89 6b 18 33 ff 4d 89 73 e8 48 8b ea 4c 8b f1
0x00007ff8251eeafe:   48 85 c9 75 04 8b df eb 5b 48 89 b4 24 18 01 00
0x00007ff8251eeb0e:   00 48 8b b2 38 02 00 00 48 83 7e 18 f7 76 14 4c
0x00007ff8251eeb1e:   8d 05 d4 5d 54 00 ba 08 00 00 00 48 8b ce e8 1f
0x00007ff8251eeb2e:   c2 d3 ff 48 8b 5e 18 48 8d 43 08 48 3b 46 20 76
0x00007ff8251eeb3e:   14 45 33 c0 48 8b ce 41 8d 50 08 e8 82 be d3 ff
0x00007ff8251eeb4e:   48 8b d8 eb 04 48 89 46 18 48 8b b4 24 18 01 00
0x00007ff8251eeb5e:   00 4c 89 33 48 8b 0d 1f 76 7c 00 48 8d 44 24 58
0x00007ff8251eeb6e:   48 89 84 24 a8 00 00 00 48 8d 84 24 99 00 00 00
0x00007ff8251eeb7e:   48 89 84 24 b0 00 00 00 c7 44 24 38 0e 00 00 00
0x00007ff8251eeb8e:   48 89 bc 24 c8 00 00 00 c7 84 24 bc 00 00 00 08 


Stack slot to memory mapping:
stack at sp + 0 slots: 0x0 is NULL
stack at sp + 1 slots: 0x00007ff8251efae2 jvm.dll
stack at sp + 2 slots: 0x00000000006c080a is an unknown value
stack at sp + 3 slots: 0x0000000000000069 is an unknown value
stack at sp + 4 slots: 0x0000027f062aa970 points into unknown readable memory: 0x0000027f62a627c0 | c0 27 a6 62 7f 02 00 00
stack at sp + 5 slots: 0x0000027f62a60000 points into unknown readable memory: 0x0000000000000000 | 00 00 00 00 00 00 00 00
stack at sp + 6 slots: 0x0000000800c2b078 is a pointer to class: 
com.google.common.collect.ImmutableCollection$ArrayBasedBuilder {0x0000000800c2b080}
 - instance size:     3
 - klass size:        71
 - access:            synchronized abstract 
 - state:             fully_initialized
 - name:              'com/google/common/collect/ImmutableCollection$ArrayBasedBuilder'
 - super:             'com/google/common/collect/ImmutableCollection$Builder'
 - sub:               'com/google/common/collect/ImmutableSet$Builder'   
 - arrays:            NULL
 - methods:           Array<T>(0x0000027f0553a2a0)
 - method ordering:   Array<T>(0x00000008008f3128)
 - default_methods:   Array<T>(0x0000000000000000)
 - local interfaces:  Array<T>(0x00000008005cfce8)
 - trans. interfaces: Array<T>(0x00000008005cfce8)
 - constants:         constant pool [124] {0x0000027f05539de8} for 'com/google/common/collect/ImmutableCollection$ArrayBasedBuilder' cache=0x0000027f0553b320
 - class loader data:  loader data: 0x0000027f0594a8b0 for instance a 'org/codehaus/plexus/classworlds/realm/ClassRealm'{0x000000074411b5a8}
 - source file:       'ImmutableCollection.java'
 - class annotations:       Array<T>(0x0000000000000000)
 - class type annotations:  Array<T>(0x0000000000000000)
 - field annotations:       Array<T>(0x0000000000000000)
 - field type annotations:  Array<T>(0x0000000000000000)
 - generic signature: '<E:Ljava/lang/Object;>Lcom/google/common/collect/ImmutableCollection$Builder<TE;>;'
 - inner classes:     Array<T>(0x0000027f0553a818)
 - nest members:     Array<T>(0x00000008005cfc78)
 - permitted subclasses:     Array<T>(0x00000008005cfc78)
 - java mirror:       a 'java/lang/Class'{0x00000007441abc78} = 'com/google/common/collect/ImmutableCollection$ArrayBasedBuilder'
 - vtable length      11  (start addr: 0x0000000800c2b240)
 - itable length      2 (start addr: 0x0000000800c2b298)
 - ---- static fields (0 words):
 - ---- non-static fields (3 words):
 - 'size' 'I' @12 
 - 'forceCopy' 'Z' @16 
 - 'contents' '[Ljava/lang/Object;' @20 
 - non-static oop maps: 20-20 
stack at sp + 7 slots: 0x000000b8d99fe220 is pointing into the stack for thread: 0x0000027f7fc13d00


---------------  P R O C E S S  ---------------

Threads class SMR info:
_java_thread_list=0x0000027f0622af90, length=13, elements={
0x0000027f64be0cc0, 0x0000027f7fbec270, 0x0000027f7fbecff0, 0x0000027f7fc02450,
0x0000027f7fc04e20, 0x0000027f7fc056e0, 0x0000027f7fc05fa0, 0x0000027f7fc0a750,
0x0000027f7fc13d00, 0x0000027f7fc28610, 0x0000027f059f50e0, 0x0000027f05a1b660,
0x0000027f05f690c0
}

Java Threads: ( => current thread )
  0x0000027f64be0cc0 JavaThread "main" [_thread_blocked, id=11936, stack(0x000000b8d8b00000,0x000000b8d8c00000)]
  0x0000027f7fbec270 JavaThread "Reference Handler" daemon [_thread_blocked, id=7904, stack(0x000000b8d9200000,0x000000b8d9300000)]
  0x0000027f7fbecff0 JavaThread "Finalizer" daemon [_thread_blocked, id=9380, stack(0x000000b8d9300000,0x000000b8d9400000)]
  0x0000027f7fc02450 JavaThread "Signal Dispatcher" daemon [_thread_blocked, id=8260, stack(0x000000b8d9400000,0x000000b8d9500000)]
  0x0000027f7fc04e20 JavaThread "Attach Listener" daemon [_thread_blocked, id=11168, stack(0x000000b8d9500000,0x000000b8d9600000)]
  0x0000027f7fc056e0 JavaThread "Service Thread" daemon [_thread_blocked, id=6212, stack(0x000000b8d9600000,0x000000b8d9700000)]
  0x0000027f7fc05fa0 JavaThread "Monitor Deflation Thread" daemon [_thread_blocked, id=6424, stack(0x000000b8d9700000,0x000000b8d9800000)]
  0x0000027f7fc0a750 JavaThread "C2 CompilerThread0" daemon [_thread_blocked, id=9364, stack(0x000000b8d9800000,0x000000b8d9900000)]
=>0x0000027f7fc13d00 JavaThread "C1 CompilerThread0" daemon [_thread_in_vm, id=1168, stack(0x000000b8d9900000,0x000000b8d9a00000)]
  0x0000027f7fc28610 JavaThread "Sweeper thread" daemon [_thread_blocked, id=12232, stack(0x000000b8d9a00000,0x000000b8d9b00000)]
  0x0000027f059f50e0 JavaThread "Notification Thread" daemon [_thread_blocked, id=4728, stack(0x000000b8d9b00000,0x000000b8d9c00000)]
  0x0000027f05a1b660 JavaThread "Common-Cleaner" daemon [_thread_blocked, id=1748, stack(0x000000b8d9d00000,0x000000b8d9e00000)]
  0x0000027f05f690c0 JavaThread "C2 CompilerThread1" daemon [_thread_blocked, id=11460, stack(0x000000b8da200000,0x000000b8da300000)]

Other Threads:
  0x0000027f7fbe4a90 VMThread "VM Thread" [stack: 0x000000b8d9100000,0x000000b8d9200000] [id=5272] _threads_hazard_ptr=0x0000027f0622af90
  0x0000027f64c4f940 WatcherThread [stack: 0x000000b8d9c00000,0x000000b8d9d00000] [id=6724]
  0x0000027f64c375a0 GCTaskThread "GC Thread#0" [stack: 0x000000b8d8c00000,0x000000b8d8d00000] [id=9248]
  0x0000027f061b57d0 GCTaskThread "GC Thread#1" [stack: 0x000000b8d9e00000,0x000000b8d9f00000] [id=2620]
  0x0000027f061b5a80 GCTaskThread "GC Thread#2" [stack: 0x000000b8d9f00000,0x000000b8da000000] [id=268]
  0x0000027f05d1cac0 GCTaskThread "GC Thread#3" [stack: 0x000000b8da000000,0x000000b8da100000] [id=2356]
  0x0000027f061e1a20 GCTaskThread "GC Thread#4" [stack: 0x000000b8da100000,0x000000b8da200000] [id=7160]
  0x0000027f64c46010 ConcurrentGCThread "G1 Main Marker" [stack: 0x000000b8d8d00000,0x000000b8d8e00000] [id=1040]
  0x0000027f64c470d0 ConcurrentGCThread "G1 Conc#0" [stack: 0x000000b8d8e00000,0x000000b8d8f00000] [id=2984]
  0x0000027f64caedf0 ConcurrentGCThread "G1 Refine#0" [stack: 0x000000b8d8f00000,0x000000b8d9000000] [id=12024]
  0x0000027f64caf720 ConcurrentGCThread "G1 Service" [stack: 0x000000b8d9000000,0x000000b8d9100000] [id=7144]

Threads with active compile tasks:
C1 CompilerThread0     1072 1327   !   3       com.google.inject.spi.InjectionPoint::getInjectionPoints (489 bytes)
C2 CompilerThread1     1072 1286       4       jdk.internal.jimage.BasicImageReader::verifyLocation (39 bytes)

VM state: not at safepoint (normal execution)

VM Mutex/Monitor currently owned by a thread:  ([mutex/lock_event])
[0x0000027f64bddad0] Compile_lock - owner thread: 0x0000027f64be0cc0
[0x0000027f64bdd1d0] MethodCompileQueue_lock - owner thread: 0x0000027f05f690c0

Heap address: 0x0000000744000000, size: 3008 MB, Compressed Oops mode: Zero based, Oop shift amount: 3

CDS archive(s) mapped at: [0x0000000800000000-0x0000000800bd0000-0x0000000800bd0000), size 12386304, SharedBaseAddress: 0x0000000800000000, ArchiveRelocationMode: 0.
Compressed class space mapped at: 0x0000000800c00000-0x0000000840c00000, reserved size: 1073741824
Narrow klass base: 0x0000000800000000, Narrow klass shift: 0, Narrow klass range: 0x100000000

GC Precious Log:
 CPUs: 5 total, 5 available
 Memory: 12031M
 Large Page Support: Disabled
 NUMA Support: Disabled
 Compressed Oops: Enabled (Zero based)
 Heap Region Size: 2M
 Heap Min Capacity: 8M
 Heap Initial Capacity: 188M
 Heap Max Capacity: 3008M
 Pre-touch: Disabled
 Parallel Workers: 5
 Concurrent Workers: 1
 Concurrent Refinement Workers: 5
 Periodic GC: Disabled

Heap:
 garbage-first heap   total 192512K, used 16126K [0x0000000744000000, 0x0000000800000000)
  region size 2048K, 8 young (16384K), 1 survivors (2048K)
 Metaspace       used 6459K, committed 6592K, reserved 1056768K
  class space    used 747K, committed 832K, reserved 1048576K

Heap Regions: E=young(eden), S=young(survivor), O=old, HS=humongous(starts), HC=humongous(continues), CS=collection set, F=free, OA=open archive, CA=closed archive, TAMS=top-at-mark-start (previous, next)
|   0|0x0000000744000000, 0x0000000744200000, 0x0000000744200000|100%| O|  |TAMS 0x0000000744000000, 0x0000000744000000| Untracked 
|   1|0x0000000744200000, 0x0000000744313400, 0x0000000744400000| 53%| O|  |TAMS 0x0000000744200000, 0x0000000744200000| Untracked 
|   2|0x0000000744400000, 0x0000000744400000, 0x0000000744600000|  0%| F|  |TAMS 0x0000000744400000, 0x0000000744400000| Untracked 
|   3|0x0000000744600000, 0x0000000744600000, 0x0000000744800000|  0%| F|  |TAMS 0x0000000744600000, 0x0000000744600000| Untracked 
|   4|0x0000000744800000, 0x0000000744800000, 0x0000000744a00000|  0%| F|  |TAMS 0x0000000744800000, 0x0000000744800000| Untracked 
|   5|0x0000000744a00000, 0x0000000744a00000, 0x0000000744c00000|  0%| F|  |TAMS 0x0000000744a00000, 0x0000000744a00000| Untracked 
|   6|0x0000000744c00000, 0x0000000744c00000, 0x0000000744e00000|  0%| F|  |TAMS 0x0000000744c00000, 0x0000000744c00000| Untracked 
|   7|0x0000000744e00000, 0x0000000744e00000, 0x0000000745000000|  0%| F|  |TAMS 0x0000000744e00000, 0x0000000744e00000| Untracked 
|   8|0x0000000745000000, 0x0000000745000000, 0x0000000745200000|  0%| F|  |TAMS 0x0000000745000000, 0x0000000745000000| Untracked 
|   9|0x0000000745200000, 0x0000000745200000, 0x0000000745400000|  0%| F|  |TAMS 0x0000000745200000, 0x0000000745200000| Untracked 
|  10|0x0000000745400000, 0x0000000745400000, 0x0000000745600000|  0%| F|  |TAMS 0x0000000745400000, 0x0000000745400000| Untracked 
|  11|0x0000000745600000, 0x0000000745600000, 0x0000000745800000|  0%| F|  |TAMS 0x0000000745600000, 0x0000000745600000| Untracked 
|  12|0x0000000745800000, 0x0000000745800000, 0x0000000745a00000|  0%| F|  |TAMS 0x0000000745800000, 0x0000000745800000| Untracked 
|  13|0x0000000745a00000, 0x0000000745a00000, 0x0000000745c00000|  0%| F|  |TAMS 0x0000000745a00000, 0x0000000745a00000| Untracked 
|  14|0x0000000745c00000, 0x0000000745c00000, 0x0000000745e00000|  0%| F|  |TAMS 0x0000000745c00000, 0x0000000745c00000| Untracked 
|  15|0x0000000745e00000, 0x0000000745e00000, 0x0000000746000000|  0%| F|  |TAMS 0x0000000745e00000, 0x0000000745e00000| Untracked 
|  16|0x0000000746000000, 0x0000000746000000, 0x0000000746200000|  0%| F|  |TAMS 0x0000000746000000, 0x0000000746000000| Untracked 
|  17|0x0000000746200000, 0x0000000746200000, 0x0000000746400000|  0%| F|  |TAMS 0x0000000746200000, 0x0000000746200000| Untracked 
|  18|0x0000000746400000, 0x0000000746400000, 0x0000000746600000|  0%| F|  |TAMS 0x0000000746400000, 0x0000000746400000| Untracked 
|  19|0x0000000746600000, 0x0000000746600000, 0x0000000746800000|  0%| F|  |TAMS 0x0000000746600000, 0x0000000746600000| Untracked 
|  20|0x0000000746800000, 0x0000000746800000, 0x0000000746a00000|  0%| F|  |TAMS 0x0000000746800000, 0x0000000746800000| Untracked 
|  21|0x0000000746a00000, 0x0000000746a00000, 0x0000000746c00000|  0%| F|  |TAMS 0x0000000746a00000, 0x0000000746a00000| Untracked 
|  22|0x0000000746c00000, 0x0000000746c00000, 0x0000000746e00000|  0%| F|  |TAMS 0x0000000746c00000, 0x0000000746c00000| Untracked 
|  23|0x0000000746e00000, 0x0000000746e00000, 0x0000000747000000|  0%| F|  |TAMS 0x0000000746e00000, 0x0000000746e00000| Untracked 
|  24|0x0000000747000000, 0x0000000747000000, 0x0000000747200000|  0%| F|  |TAMS 0x0000000747000000, 0x0000000747000000| Untracked 
|  25|0x0000000747200000, 0x0000000747200000, 0x0000000747400000|  0%| F|  |TAMS 0x0000000747200000, 0x0000000747200000| Untracked 
|  26|0x0000000747400000, 0x0000000747400000, 0x0000000747600000|  0%| F|  |TAMS 0x0000000747400000, 0x0000000747400000| Untracked 
|  27|0x0000000747600000, 0x0000000747600000, 0x0000000747800000|  0%| F|  |TAMS 0x0000000747600000, 0x0000000747600000| Untracked 
|  28|0x0000000747800000, 0x0000000747800000, 0x0000000747a00000|  0%| F|  |TAMS 0x0000000747800000, 0x0000000747800000| Untracked 
|  29|0x0000000747a00000, 0x0000000747a00000, 0x0000000747c00000|  0%| F|  |TAMS 0x0000000747a00000, 0x0000000747a00000| Untracked 
|  30|0x0000000747c00000, 0x0000000747c00000, 0x0000000747e00000|  0%| F|  |TAMS 0x0000000747c00000, 0x0000000747c00000| Untracked 
|  31|0x0000000747e00000, 0x0000000747e00000, 0x0000000748000000|  0%| F|  |TAMS 0x0000000747e00000, 0x0000000747e00000| Untracked 
|  32|0x0000000748000000, 0x0000000748000000, 0x0000000748200000|  0%| F|  |TAMS 0x0000000748000000, 0x0000000748000000| Untracked 
|  33|0x0000000748200000, 0x0000000748200000, 0x0000000748400000|  0%| F|  |TAMS 0x0000000748200000, 0x0000000748200000| Untracked 
|  34|0x0000000748400000, 0x0000000748400000, 0x0000000748600000|  0%| F|  |TAMS 0x0000000748400000, 0x0000000748400000| Untracked 
|  35|0x0000000748600000, 0x0000000748600000, 0x0000000748800000|  0%| F|  |TAMS 0x0000000748600000, 0x0000000748600000| Untracked 
|  36|0x0000000748800000, 0x0000000748800000, 0x0000000748a00000|  0%| F|  |TAMS 0x0000000748800000, 0x0000000748800000| Untracked 
|  37|0x0000000748a00000, 0x0000000748a00000, 0x0000000748c00000|  0%| F|  |TAMS 0x0000000748a00000, 0x0000000748a00000| Untracked 
|  38|0x0000000748c00000, 0x0000000748c00000, 0x0000000748e00000|  0%| F|  |TAMS 0x0000000748c00000, 0x0000000748c00000| Untracked 
|  39|0x0000000748e00000, 0x0000000748e00000, 0x0000000749000000|  0%| F|  |TAMS 0x0000000748e00000, 0x0000000748e00000| Untracked 
|  40|0x0000000749000000, 0x0000000749000000, 0x0000000749200000|  0%| F|  |TAMS 0x0000000749000000, 0x0000000749000000| Untracked 
|  41|0x0000000749200000, 0x0000000749200000, 0x0000000749400000|  0%| F|  |TAMS 0x0000000749200000, 0x0000000749200000| Untracked 
|  42|0x0000000749400000, 0x0000000749400000, 0x0000000749600000|  0%| F|  |TAMS 0x0000000749400000, 0x0000000749400000| Untracked 
|  43|0x0000000749600000, 0x0000000749600000, 0x0000000749800000|  0%| F|  |TAMS 0x0000000749600000, 0x0000000749600000| Untracked 
|  44|0x0000000749800000, 0x0000000749800000, 0x0000000749a00000|  0%| F|  |TAMS 0x0000000749800000, 0x0000000749800000| Untracked 
|  45|0x0000000749a00000, 0x0000000749a00000, 0x0000000749c00000|  0%| F|  |TAMS 0x0000000749a00000, 0x0000000749a00000| Untracked 
|  46|0x0000000749c00000, 0x0000000749c00000, 0x0000000749e00000|  0%| F|  |TAMS 0x0000000749c00000, 0x0000000749c00000| Untracked 
|  47|0x0000000749e00000, 0x0000000749e00000, 0x000000074a000000|  0%| F|  |TAMS 0x0000000749e00000, 0x0000000749e00000| Untracked 
|  48|0x000000074a000000, 0x000000074a000000, 0x000000074a200000|  0%| F|  |TAMS 0x000000074a000000, 0x000000074a000000| Untracked 
|  49|0x000000074a200000, 0x000000074a200000, 0x000000074a400000|  0%| F|  |TAMS 0x000000074a200000, 0x000000074a200000| Untracked 
|  50|0x000000074a400000, 0x000000074a400000, 0x000000074a600000|  0%| F|  |TAMS 0x000000074a400000, 0x000000074a400000| Untracked 
|  51|0x000000074a600000, 0x000000074a600000, 0x000000074a800000|  0%| F|  |TAMS 0x000000074a600000, 0x000000074a600000| Untracked 
|  52|0x000000074a800000, 0x000000074a800000, 0x000000074aa00000|  0%| F|  |TAMS 0x000000074a800000, 0x000000074a800000| Untracked 
|  53|0x000000074aa00000, 0x000000074aa00000, 0x000000074ac00000|  0%| F|  |TAMS 0x000000074aa00000, 0x000000074aa00000| Untracked 
|  54|0x000000074ac00000, 0x000000074ac00000, 0x000000074ae00000|  0%| F|  |TAMS 0x000000074ac00000, 0x000000074ac00000| Untracked 
|  55|0x000000074ae00000, 0x000000074ae00000, 0x000000074b000000|  0%| F|  |TAMS 0x000000074ae00000, 0x000000074ae00000| Untracked 
|  56|0x000000074b000000, 0x000000074b000000, 0x000000074b200000|  0%| F|  |TAMS 0x000000074b000000, 0x000000074b000000| Untracked 
|  57|0x000000074b200000, 0x000000074b200000, 0x000000074b400000|  0%| F|  |TAMS 0x000000074b200000, 0x000000074b200000| Untracked 
|  58|0x000000074b400000, 0x000000074b400000, 0x000000074b600000|  0%| F|  |TAMS 0x000000074b400000, 0x000000074b400000| Untracked 
|  59|0x000000074b600000, 0x000000074b600000, 0x000000074b800000|  0%| F|  |TAMS 0x000000074b600000, 0x000000074b600000| Untracked 
|  60|0x000000074b800000, 0x000000074b800000, 0x000000074ba00000|  0%| F|  |TAMS 0x000000074b800000, 0x000000074b800000| Untracked 
|  61|0x000000074ba00000, 0x000000074ba00000, 0x000000074bc00000|  0%| F|  |TAMS 0x000000074ba00000, 0x000000074ba00000| Untracked 
|  62|0x000000074bc00000, 0x000000074bc00000, 0x000000074be00000|  0%| F|  |TAMS 0x000000074bc00000, 0x000000074bc00000| Untracked 
|  63|0x000000074be00000, 0x000000074be00000, 0x000000074c000000|  0%| F|  |TAMS 0x000000074be00000, 0x000000074be00000| Untracked 
|  64|0x000000074c000000, 0x000000074c000000, 0x000000074c200000|  0%| F|  |TAMS 0x000000074c000000, 0x000000074c000000| Untracked 
|  65|0x000000074c200000, 0x000000074c200000, 0x000000074c400000|  0%| F|  |TAMS 0x000000074c200000, 0x000000074c200000| Untracked 
|  66|0x000000074c400000, 0x000000074c400000, 0x000000074c600000|  0%| F|  |TAMS 0x000000074c400000, 0x000000074c400000| Untracked 
|  67|0x000000074c600000, 0x000000074c600000, 0x000000074c800000|  0%| F|  |TAMS 0x000000074c600000, 0x000000074c600000| Untracked 
|  68|0x000000074c800000, 0x000000074c800000, 0x000000074ca00000|  0%| F|  |TAMS 0x000000074c800000, 0x000000074c800000| Untracked 
|  69|0x000000074ca00000, 0x000000074ca00000, 0x000000074cc00000|  0%| F|  |TAMS 0x000000074ca00000, 0x000000074ca00000| Untracked 
|  70|0x000000074cc00000, 0x000000074cc00000, 0x000000074ce00000|  0%| F|  |TAMS 0x000000074cc00000, 0x000000074cc00000| Untracked 
|  71|0x000000074ce00000, 0x000000074ce00000, 0x000000074d000000|  0%| F|  |TAMS 0x000000074ce00000, 0x000000074ce00000| Untracked 
|  72|0x000000074d000000, 0x000000074d000000, 0x000000074d200000|  0%| F|  |TAMS 0x000000074d000000, 0x000000074d000000| Untracked 
|  73|0x000000074d200000, 0x000000074d200000, 0x000000074d400000|  0%| F|  |TAMS 0x000000074d200000, 0x000000074d200000| Untracked 
|  74|0x000000074d400000, 0x000000074d400000, 0x000000074d600000|  0%| F|  |TAMS 0x000000074d400000, 0x000000074d400000| Untracked 
|  75|0x000000074d600000, 0x000000074d600000, 0x000000074d800000|  0%| F|  |TAMS 0x000000074d600000, 0x000000074d600000| Untracked 
|  76|0x000000074d800000, 0x000000074d800000, 0x000000074da00000|  0%| F|  |TAMS 0x000000074d800000, 0x000000074d800000| Untracked 
|  77|0x000000074da00000, 0x000000074da00000, 0x000000074dc00000|  0%| F|  |TAMS 0x000000074da00000, 0x000000074da00000| Untracked 
|  78|0x000000074dc00000, 0x000000074dc00000, 0x000000074de00000|  0%| F|  |TAMS 0x000000074dc00000, 0x000000074dc00000| Untracked 
|  79|0x000000074de00000, 0x000000074de00000, 0x000000074e000000|  0%| F|  |TAMS 0x000000074de00000, 0x000000074de00000| Untracked 
|  80|0x000000074e000000, 0x000000074e000000, 0x000000074e200000|  0%| F|  |TAMS 0x000000074e000000, 0x000000074e000000| Untracked 
|  81|0x000000074e200000, 0x000000074e200000, 0x000000074e400000|  0%| F|  |TAMS 0x000000074e200000, 0x000000074e200000| Untracked 
|  82|0x000000074e400000, 0x000000074e400000, 0x000000074e600000|  0%| F|  |TAMS 0x000000074e400000, 0x000000074e400000| Untracked 
|  83|0x000000074e600000, 0x000000074e600000, 0x000000074e800000|  0%| F|  |TAMS 0x000000074e600000, 0x000000074e600000| Untracked 
|  84|0x000000074e800000, 0x000000074e800000, 0x000000074ea00000|  0%| F|  |TAMS 0x000000074e800000, 0x000000074e800000| Untracked 
|  85|0x000000074ea00000, 0x000000074ea00000, 0x000000074ec00000|  0%| F|  |TAMS 0x000000074ea00000, 0x000000074ea00000| Untracked 
|  86|0x000000074ec00000, 0x000000074ed32538, 0x000000074ee00000| 59%| E|  |TAMS 0x000000074ec00000, 0x000000074ec00000| Complete 
|  87|0x000000074ee00000, 0x000000074f000000, 0x000000074f000000|100%| E|CS|TAMS 0x000000074ee00000, 0x000000074ee00000| Complete 
|  88|0x000000074f000000, 0x000000074f0ac788, 0x000000074f200000| 33%| S|CS|TAMS 0x000000074f000000, 0x000000074f000000| Complete 
|  89|0x000000074f200000, 0x000000074f400000, 0x000000074f400000|100%| E|CS|TAMS 0x000000074f200000, 0x000000074f200000| Complete 
|  90|0x000000074f400000, 0x000000074f600000, 0x000000074f600000|100%| E|CS|TAMS 0x000000074f400000, 0x000000074f400000| Complete 
|  91|0x000000074f600000, 0x000000074f800000, 0x000000074f800000|100%| E|CS|TAMS 0x000000074f600000, 0x000000074f600000| Complete 
|  92|0x000000074f800000, 0x000000074fa00000, 0x000000074fa00000|100%| E|CS|TAMS 0x000000074f800000, 0x000000074f800000| Complete 
|  93|0x000000074fa00000, 0x000000074fc00000, 0x000000074fc00000|100%| E|CS|TAMS 0x000000074fa00000, 0x000000074fa00000| Complete 

Card table byte_map: [0x0000027f7ba50000,0x0000027f7c030000] _byte_map_base: 0x0000027f78030000

Marking Bits (Prev, Next): (CMBitMap*) 0x0000027f64c38ad0, (CMBitMap*) 0x0000027f64c38b10
 Prev Bits: [0x0000027f7c610000, 0x0000027f7f510000)
 Next Bits: [0x0000027f00000000, 0x0000027f02f00000)

Polling page: 0x0000027f643c0000

Metaspace:

Usage:
  Non-class:      5.58 MB used.
      Class:    747.96 KB used.
       Both:      6.31 MB used.

Virtual space:
  Non-class space:        8.00 MB reserved,       5.62 MB ( 70%) committed,  1 nodes.
      Class space:        1.00 GB reserved,     832.00 KB ( <1%) committed,  1 nodes.
             Both:        1.01 GB reserved,       6.44 MB ( <1%) committed. 

Chunk freelists:
   Non-Class:  208.00 KB
       Class:  3.16 MB
        Both:  3.37 MB

MaxMetaspaceSize: unlimited
CompressedClassSpaceSize: 1.00 GB
Initial GC threshold: 21.00 MB
Current GC threshold: 21.00 MB
CDS: on
MetaspaceReclaimPolicy: balanced
 - commit_granule_bytes: 65536.
 - commit_granule_words: 8192.
 - virtual_space_node_default_size: 1048576.
 - enlarge_chunks_in_place: 1.
 - new_chunks_are_fully_committed: 0.
 - uncommit_free_chunks: 1.
 - use_allocation_guard: 0.
 - handle_deallocations: 1.


Internal statistics:

num_allocs_failed_limit: 0.
num_arena_births: 20.
num_arena_deaths: 0.
num_vsnodes_births: 2.
num_vsnodes_deaths: 0.
num_space_committed: 103.
num_space_uncommitted: 0.
num_chunks_returned_to_freelist: 0.
num_chunks_taken_from_freelist: 206.
num_chunk_merges: 0.
num_chunk_splits: 156.
num_chunks_enlarged: 136.
num_purges: 0.
num_inconsistent_stats: 0.

CodeHeap 'non-profiled nmethods': size=120000Kb used=505Kb max_used=505Kb free=119494Kb
 bounds [0x0000027f73f40000, 0x0000027f741b0000, 0x0000027f7b470000]
CodeHeap 'profiled nmethods': size=120000Kb used=2604Kb max_used=2604Kb free=117395Kb
 bounds [0x0000027f6c470000, 0x0000027f6c700000, 0x0000027f739a0000]
CodeHeap 'non-nmethods': size=5760Kb used=1161Kb max_used=1172Kb free=4598Kb
 bounds [0x0000027f739a0000, 0x0000027f73c10000, 0x0000027f73f40000]
 total_blobs=1757 nmethods=1325 adapters=344
 compilation: enabled
              stopped_count=0, restarted_count=0
 full_count=0

Compilation events (20 events):
Event: 1.024 Thread 0x0000027f7fc0a750 1316       4       java.lang.String::regionMatches (150 bytes)
Event: 1.026 Thread 0x0000027f7fc13d00 1317       3       com.google.inject.TypeLiteral::getSupertype (35 bytes)
Event: 1.027 Thread 0x0000027f7fc13d00 nmethod 1317 0x0000027f6c6f4010 code [0x0000027f6c6f4200, 0x0000027f6c6f4588]
Event: 1.027 Thread 0x0000027f7fc13d00 1319       3       java.lang.Class::copyFields (36 bytes)
Event: 1.027 Thread 0x0000027f7fc13d00 nmethod 1319 0x0000027f6c6f4710 code [0x0000027f6c6f4960, 0x0000027f6c6f5428]
Event: 1.028 Thread 0x0000027f7fc13d00 1318       3       java.lang.Class::getDeclaredFields (27 bytes)
Event: 1.028 Thread 0x0000027f7fc13d00 nmethod 1318 0x0000027f6c6f5890 code [0x0000027f6c6f5a80, 0x0000027f6c6f5d98]
Event: 1.028 Thread 0x0000027f7fc13d00 1320       3       java.lang.Class::getGenericSuperclass (28 bytes)
Event: 1.028 Thread 0x0000027f7fc13d00 nmethod 1320 0x0000027f6c6f5f10 code [0x0000027f6c6f6160, 0x0000027f6c6f6b98]
Event: 1.028 Thread 0x0000027f7fc13d00 1322       3       sun.reflect.generics.parser.SignatureParser::parsePackageNameAndSimpleClassTypeSignature (119 bytes)
Event: 1.029 Thread 0x0000027f7fc13d00 nmethod 1322 0x0000027f6c6f6e90 code [0x0000027f6c6f7180, 0x0000027f6c6f7c48]
Event: 1.029 Thread 0x0000027f7fc13d00 1321       3       sun.reflect.generics.parser.SignatureParser::parseClassTypeSignature (118 bytes)
Event: 1.030 Thread 0x0000027f7fc13d00 nmethod 1321 0x0000027f6c6f8090 code [0x0000027f6c6f8420, 0x0000027f6c6f9858]
Event: 1.031 Thread 0x0000027f7fc13d00 1324       3       java.util.Arrays::sort (37 bytes)
Event: 1.031 Thread 0x0000027f7fc13d00 nmethod 1324 0x0000027f6c6fa010 code [0x0000027f6c6fa1c0, 0x0000027f6c6fa3b8]
Event: 1.031 Thread 0x0000027f7fc13d00 1325       3       com.google.common.collect.ImmutableSet::copyOf (42 bytes)
Event: 1.031 Thread 0x0000027f7fc13d00 nmethod 1325 0x0000027f6c6fa490 code [0x0000027f6c6fa680, 0x0000027f6c6fad28]
Event: 1.032 Thread 0x0000027f7fc13d00 1326       3       java.util.HashMap::tableSizeFor (32 bytes)
Event: 1.032 Thread 0x0000027f7fc13d00 nmethod 1326 0x0000027f6c6fae90 code [0x0000027f6c6fb040, 0x0000027f6c6fb268]
Event: 1.033 Thread 0x0000027f7fc13d00 1327   !   3       com.google.inject.spi.InjectionPoint::getInjectionPoints (489 bytes)

GC Heap History (4 events):
Event: 0.530 GC heap before
{Heap before GC invocations=0 (full 0):
 garbage-first heap   total 192512K, used 10240K [0x0000000744000000, 0x0000000800000000)
  region size 2048K, 6 young (12288K), 0 survivors (0K)
 Metaspace       used 3340K, committed 3520K, reserved 1056768K
  class space    used 348K, committed 448K, reserved 1048576K
}
Event: 0.535 GC heap after
{Heap after GC invocations=1 (full 0):
 garbage-first heap   total 192512K, used 3083K [0x0000000744000000, 0x0000000800000000)
  region size 2048K, 1 young (2048K), 1 survivors (2048K)
 Metaspace       used 3340K, committed 3520K, reserved 1056768K
  class space    used 348K, committed 448K, reserved 1048576K
}
Event: 0.760 GC heap before
{Heap before GC invocations=1 (full 0):
 garbage-first heap   total 192512K, used 11275K [0x0000000744000000, 0x0000000800000000)
  region size 2048K, 6 young (12288K), 1 survivors (2048K)
 Metaspace       used 4746K, committed 4864K, reserved 1056768K
  class space    used 555K, committed 640K, reserved 1048576K
}
Event: 0.763 GC heap after
{Heap after GC invocations=2 (full 0):
 garbage-first heap   total 192512K, used 3838K [0x0000000744000000, 0x0000000800000000)
  region size 2048K, 1 young (2048K), 1 survivors (2048K)
 Metaspace       used 4746K, committed 4864K, reserved 1056768K
  class space    used 555K, committed 640K, reserved 1048576K
}

Deoptimization events (20 events):
Event: 0.859 Thread 0x0000027f64be0cc0 Uncommon trap: trap_request=0xffffffde fr.pc=0x0000027f73f9fd58 relative=0x00000000000008d8
Event: 0.859 Thread 0x0000027f64be0cc0 Uncommon trap: reason=class_check action=maybe_recompile pc=0x0000027f73f9fd58 method=java.util.HashMap.putVal(ILjava/lang/Object;Ljava/lang/Object;ZZ)Ljava/lang/Object; @ 203 c2
Event: 0.859 Thread 0x0000027f64be0cc0 DEOPT PACKING pc=0x0000027f73f9fd58 sp=0x000000b8d8bfdac0
Event: 0.860 Thread 0x0000027f64be0cc0 DEOPT UNPACKING pc=0x0000027f739f239d sp=0x000000b8d8bfda60 mode 2
Event: 0.904 Thread 0x0000027f64be0cc0 DEOPT PACKING pc=0x0000027f6c4a8d98 sp=0x000000b8d8bfb930
Event: 0.904 Thread 0x0000027f64be0cc0 DEOPT UNPACKING pc=0x0000027f739f2b24 sp=0x000000b8d8bfae38 mode 0
Event: 0.922 Thread 0x0000027f64be0cc0 Uncommon trap: trap_request=0xffffff45 fr.pc=0x0000027f73fa3b08 relative=0x0000000000000268
Event: 0.922 Thread 0x0000027f64be0cc0 Uncommon trap: reason=unstable_if action=reinterpret pc=0x0000027f73fa3b08 method=java.lang.String.<init>([CIILjava/lang/Void;)V @ 5 c2
Event: 0.922 Thread 0x0000027f64be0cc0 DEOPT PACKING pc=0x0000027f73fa3b08 sp=0x000000b8d8bfdc20
Event: 0.922 Thread 0x0000027f64be0cc0 DEOPT UNPACKING pc=0x0000027f739f239d sp=0x000000b8d8bfdbe0 mode 2
Event: 0.958 Thread 0x0000027f64be0cc0 Uncommon trap: trap_request=0xffffff45 fr.pc=0x0000027f73faf8f8 relative=0x00000000000003d8
Event: 0.958 Thread 0x0000027f64be0cc0 Uncommon trap: reason=unstable_if action=reinterpret pc=0x0000027f73faf8f8 method=java.lang.String.<init>([CIILjava/lang/Void;)V @ 5 c2
Event: 0.958 Thread 0x0000027f64be0cc0 DEOPT PACKING pc=0x0000027f73faf8f8 sp=0x000000b8d8bfdd00
Event: 0.958 Thread 0x0000027f64be0cc0 DEOPT UNPACKING pc=0x0000027f739f239d sp=0x000000b8d8bfdb98 mode 2
Event: 0.964 Thread 0x0000027f64be0cc0 DEOPT PACKING pc=0x0000027f6c686ab4 sp=0x000000b8d8bfde60
Event: 0.964 Thread 0x0000027f64be0cc0 DEOPT UNPACKING pc=0x0000027f739f2b24 sp=0x000000b8d8bfd2d0 mode 0
Event: 1.000 Thread 0x0000027f64be0cc0 Uncommon trap: trap_request=0xffffffde fr.pc=0x0000027f73f9fd58 relative=0x00000000000008d8
Event: 1.000 Thread 0x0000027f64be0cc0 Uncommon trap: reason=class_check action=maybe_recompile pc=0x0000027f73f9fd58 method=java.util.HashMap.putVal(ILjava/lang/Object;Ljava/lang/Object;ZZ)Ljava/lang/Object; @ 203 c2
Event: 1.000 Thread 0x0000027f64be0cc0 DEOPT PACKING pc=0x0000027f73f9fd58 sp=0x000000b8d8bfe240
Event: 1.000 Thread 0x0000027f64be0cc0 DEOPT UNPACKING pc=0x0000027f739f239d sp=0x000000b8d8bfe1e0 mode 2

Classes unloaded (0 events):
No events

Classes redefined (0 events):
No events

Internal exceptions (11 events):
Event: 0.187 Thread 0x0000027f64be0cc0 Exception <a 'java/lang/NullPointerException'{0x000000074f974110}> (0x000000074f974110) 
thrown [s\open\src\hotspot\share\interpreter\linkResolver.cpp, line 1350]
Event: 0.201 Thread 0x0000027f64be0cc0 Exception <a 'java/lang/NullPointerException'{0x000000074f9a41d0}> (0x000000074f9a41d0) 
thrown [s\open\src\hotspot\share\interpreter\linkResolver.cpp, line 1350]
Event: 0.201 Thread 0x0000027f64be0cc0 Exception <a 'java/lang/NullPointerException'{0x000000074f9a44a8}> (0x000000074f9a44a8) 
thrown [s\open\src\hotspot\share\interpreter\linkResolver.cpp, line 1350]
Event: 0.201 Thread 0x0000027f64be0cc0 Exception <a 'java/lang/NullPointerException'{0x000000074f9a4780}> (0x000000074f9a4780) 
thrown [s\open\src\hotspot\share\interpreter\linkResolver.cpp, line 1350]
Event: 0.202 Thread 0x0000027f64be0cc0 Exception <a 'java/lang/NullPointerException'{0x000000074f9aa100}> (0x000000074f9aa100) 
thrown [s\open\src\hotspot\share\interpreter\linkResolver.cpp, line 1350]
Event: 0.203 Thread 0x0000027f64be0cc0 Exception <a 'java/lang/NullPointerException'{0x000000074f9bf4b8}> (0x000000074f9bf4b8) 
thrown [s\open\src\hotspot\share\interpreter\linkResolver.cpp, line 1350]
Event: 0.203 Thread 0x0000027f64be0cc0 Exception <a 'java/lang/NullPointerException'{0x000000074f9bf790}> (0x000000074f9bf790) 
thrown [s\open\src\hotspot\share\interpreter\linkResolver.cpp, line 1350]
Event: 0.203 Thread 0x0000027f64be0cc0 Exception <a 'java/lang/NullPointerException'{0x000000074f9bfa68}> (0x000000074f9bfa68) 
thrown [s\open\src\hotspot\share\interpreter\linkResolver.cpp, line 1350]
Event: 0.204 Thread 0x0000027f64be0cc0 Exception <a 'java/lang/NullPointerException'{0x000000074f9bfd40}> (0x000000074f9bfd40) 
thrown [s\open\src\hotspot\share\interpreter\linkResolver.cpp, line 1350]
Event: 0.612 Thread 0x0000027f64be0cc0 Exception <a 'java/lang/NoSuchMethodError'{0x000000074f802b90}: 'java.lang.Object java.lang.invoke.DirectMethodHandle$Holder.newInvokeSpecial(java.lang.Object, java.lang.Object, java.lang.Object, java.lang.Object, java.lang.Object)'> (0x000000074f802b90) 
thrown [s\open\src\hotspot\share\interpreter\linkResolver.cpp, line 759]
Event: 0.660 Thread 0x0000027f64be0cc0 Exception <a 'java/lang/NoClassDefFoundError'{0x000000074f968ba0}: javax/enterprise/inject/Typed> (0x000000074f968ba0) 
thrown [s\open\src\hotspot\share\classfile\systemDictionary.cpp, line 245]

VM Operations (12 events):
Event: 0.072 Executing VM operation: HandshakeAllThreads
Event: 0.072 Executing VM operation: HandshakeAllThreads done
Event: 0.186 Executing VM operation: HandshakeAllThreads
Event: 0.186 Executing VM operation: HandshakeAllThreads done
Event: 0.194 Executing VM operation: HandshakeAllThreads
Event: 0.194 Executing VM operation: HandshakeAllThreads done
Event: 0.299 Executing VM operation: HandshakeAllThreads
Event: 0.299 Executing VM operation: HandshakeAllThreads done
Event: 0.530 Executing VM operation: G1CollectForAllocation
Event: 0.535 Executing VM operation: G1CollectForAllocation done
Event: 0.759 Executing VM operation: G1CollectForAllocation
Event: 0.763 Executing VM operation: G1CollectForAllocation done

Events (20 events):
Event: 0.881 loading class jdk/internal/reflect/ByteVectorImpl
Event: 0.881 loading class jdk/internal/reflect/ByteVector
Event: 0.881 loading class jdk/internal/reflect/ByteVector done
Event: 0.881 loading class jdk/internal/reflect/ByteVectorImpl done
Event: 0.881 loading class jdk/internal/reflect/ClassFileAssembler
Event: 0.881 loading class jdk/internal/reflect/ClassFileAssembler done
Event: 0.881 loading class jdk/internal/reflect/UTF8
Event: 0.881 loading class jdk/internal/reflect/UTF8 done
Event: 0.882 loading class jdk/internal/reflect/Label
Event: 0.882 loading class jdk/internal/reflect/Label done
Event: 0.882 loading class jdk/internal/reflect/Label$PatchInfo
Event: 0.882 loading class jdk/internal/reflect/Label$PatchInfo done
Event: 0.882 loading class jdk/internal/reflect/MethodAccessorGenerator$1
Event: 0.882 loading class jdk/internal/reflect/MethodAccessorGenerator$1 done
Event: 0.882 loading class jdk/internal/reflect/ClassDefiner
Event: 0.882 loading class jdk/internal/reflect/ClassDefiner done
Event: 0.882 loading class jdk/internal/reflect/ClassDefiner$1
Event: 0.882 loading class jdk/internal/reflect/ClassDefiner$1 done
Event: 0.883 loading class jdk/internal/reflect/BootstrapConstructorAccessorImpl
Event: 0.883 loading class jdk/internal/reflect/BootstrapConstructorAccessorImpl done


Dynamic libraries:
0x00007ff61e410000 - 0x00007ff61e420000 	C:\Program Files\Java\jdk-17\bin\java.exe
0x00007ff872c10000 - 0x00007ff872e08000 	C:\WINDOWS\SYSTEM32\ntdll.dll
0x00007ff871810000 - 0x00007ff8718cf000 	C:\WINDOWS\System32\KERNEL32.DLL
0x00007ff870970000 - 0x00007ff870c42000 	C:\WINDOWS\System32\KERNELBASE.dll
0x00007ff8705d0000 - 0x00007ff8706d0000 	C:\WINDOWS\System32\ucrtbase.dll
0x00007ff86dc00000 - 0x00007ff86dc1b000 	C:\Program Files\Java\jdk-17\bin\VCRUNTIME140.dll
0x00007ff86be00000 - 0x00007ff86be18000 	C:\Program Files\Java\jdk-17\bin\jli.dll
0x00007ff870f20000 - 0x00007ff870fce000 	C:\WINDOWS\System32\ADVAPI32.dll
0x00007ff870c60000 - 0x00007ff870cfe000 	C:\WINDOWS\System32\msvcrt.dll
0x00007ff872a70000 - 0x00007ff872b0c000 	C:\WINDOWS\System32\sechost.dll
0x00007ff872940000 - 0x00007ff872a65000 	C:\WINDOWS\System32\RPCRT4.dll
0x00007ff872100000 - 0x00007ff8722a1000 	C:\WINDOWS\System32\USER32.dll
0x00007ff8706d0000 - 0x00007ff8706f2000 	C:\WINDOWS\System32\win32u.dll
0x00007ff872700000 - 0x00007ff87272b000 	C:\WINDOWS\System32\GDI32.dll
0x00007ff861230000 - 0x00007ff8614ca000 	C:\WINDOWS\WinSxS\amd64_microsoft.windows.common-controls_6595b64144ccf1df_6.0.19041.1110_none_60b5254171f9507e\COMCTL32.dll
0x00007ff870300000 - 0x00007ff87040f000 	C:\WINDOWS\System32\gdi32full.dll
0x00007ff870700000 - 0x00007ff87079d000 	C:\WINDOWS\System32\msvcp_win.dll
0x00007ff865cf0000 - 0x00007ff865cfa000 	C:\WINDOWS\SYSTEM32\VERSION.dll
0x00007ff872900000 - 0x00007ff872932000 	C:\WINDOWS\System32\IMM32.DLL
0x00007ff86bdb0000 - 0x00007ff86bdbc000 	C:\Program Files\Java\jdk-17\bin\vcruntime140_1.dll
0x00007ff858210000 - 0x00007ff85829e000 	C:\Program Files\Java\jdk-17\bin\msvcp140.dll
0x00007ff824e80000 - 0x00007ff825a57000 	C:\Program Files\Java\jdk-17\bin\server\jvm.dll
0x00007ff870c50000 - 0x00007ff870c58000 	C:\WINDOWS\System32\PSAPI.DLL
0x00007ff86a650000 - 0x00007ff86a659000 	C:\WINDOWS\SYSTEM32\WSOCK32.dll
0x00007ff85d8a0000 - 0x00007ff85d8c7000 	C:\WINDOWS\SYSTEM32\WINMM.dll
0x00007ff872690000 - 0x00007ff8726fb000 	C:\WINDOWS\System32\WS2_32.dll
0x00007ff86e100000 - 0x00007ff86e112000 	C:\WINDOWS\SYSTEM32\kernel.appcore.dll
0x00007ff862060000 - 0x00007ff86206a000 	C:\Program Files\Java\jdk-17\bin\jimage.dll
0x00007ff855c30000 - 0x00007ff855e14000 	C:\WINDOWS\SYSTEM32\DBGHELP.DLL
0x00007ff855b70000 - 0x00007ff855ba5000 	C:\WINDOWS\SYSTEM32\dbgcore.DLL
0x00007ff870410000 - 0x00007ff870492000 	C:\WINDOWS\System32\bcryptPrimitives.dll
0x00007ff86bd80000 - 0x00007ff86bda5000 	C:\Program Files\Java\jdk-17\bin\java.dll
0x00007ff85fb60000 - 0x00007ff85fc37000 	C:\Program Files\Java\jdk-17\bin\jsvml.dll
0x00007ff871930000 - 0x00007ff872075000 	C:\WINDOWS\System32\SHELL32.dll
0x00007ff86e3e0000 - 0x00007ff86eb72000 	C:\WINDOWS\SYSTEM32\windows.storage.dll
0x00007ff872330000 - 0x00007ff872685000 	C:\WINDOWS\System32\combase.dll
0x00007ff86fc80000 - 0x00007ff86fcb0000 	C:\WINDOWS\SYSTEM32\Wldp.dll
0x00007ff872b20000 - 0x00007ff872bcd000 	C:\WINDOWS\System32\SHCORE.dll
0x00007ff872810000 - 0x00007ff872865000 	C:\WINDOWS\System32\shlwapi.dll
0x00007ff870240000 - 0x00007ff87025f000 	C:\WINDOWS\SYSTEM32\profapi.dll
0x00007ff8616b0000 - 0x00007ff8616c9000 	C:\Program Files\Java\jdk-17\bin\net.dll
0x00007ff86a6f0000 - 0x00007ff86a7fc000 	C:\WINDOWS\SYSTEM32\WINHTTP.dll
0x00007ff86f9e0000 - 0x00007ff86fa4a000 	C:\WINDOWS\system32\mswsock.dll
0x00007ff861600000 - 0x00007ff861616000 	C:\Program Files\Java\jdk-17\bin\nio.dll
0x00007ff85fd20000 - 0x00007ff85fd38000 	C:\Program Files\Java\jdk-17\bin\zip.dll
0x0000000069ac0000 - 0x0000000069ae4000 	C:\Program Files\NetBeans-16\netbeans\java\maven\lib\jansi-native\Windows\x86_64\jansi.dll
0x00007ff862050000 - 0x00007ff862060000 	C:\Program Files\Java\jdk-17\bin\verify.dll

dbghelp: loaded successfully - version: 4.0.5 - missing functions: none
symbol engine: initialized successfully - sym options: 0x614 - pdb path: .;C:\Program Files\Java\jdk-17\bin;C:\WINDOWS\SYSTEM32;C:\WINDOWS\WinSxS\amd64_microsoft.windows.common-controls_6595b64144ccf1df_6.0.19041.1110_none_60b5254171f9507e;C:\Program Files\Java\jdk-17\bin\server;C:\Program Files\NetBeans-16\netbeans\java\maven\lib\jansi-native\Windows\x86_64

VM Arguments:
jvm_args: -Dclassworlds.conf=C:\Program Files\NetBeans-16\netbeans\java\maven\bin\m2.conf -Dmaven.home=C:\Program Files\NetBeans-16\netbeans\java\maven -Dlibrary.jansi.path=C:\Program Files\NetBeans-16\netbeans\java\maven\lib\jansi-native -Dmaven.multiModuleProjectDirectory=C:\Users\Chich\OneDrive\Desktop\Clase3 
java_command: org.codehaus.plexus.classworlds.launcher.Launcher -Dexec.vmArgs= -Dexec.args=${exec.vmArgs} -classpath %classpath ${exec.mainClass} ${exec.appArgs} -Dexec.appArgs= -Dexec.mainClass=com.mycompany.clase3.Clase3 -Dexec.executable=C:\Program Files\Java\jdk-17\bin\java.exe -Dmaven.ext.class.path=C:\Program Files\NetBeans-16\netbeans\java\maven-nblib\netbeans-eventspy.jar -Dfile.encoding=UTF-8 org.codehaus.mojo:exec-maven-plugin:3.0.0:exec
java_class_path (initial): C:\Program Files\NetBeans-16\netbeans\java\maven\boot\plexus-classworlds-2.6.0.jar
Launcher Type: SUN_STANDARD

[Global flags]
     intx CICompilerCount                          = 3                                         {product} {ergonomic}
     uint ConcGCThreads                            = 1                                         {product} {ergonomic}
     uint G1ConcRefinementThreads                  = 5                                         {product} {ergonomic}
   size_t G1HeapRegionSize                         = 2097152                                   {product} {ergonomic}
    uintx GCDrainStackTargetSize                   = 64                                        {product} {ergonomic}
   size_t InitialHeapSize                          = 197132288                                 {product} {ergonomic}
   size_t MarkStackSize                            = 4194304                                   {product} {ergonomic}
   size_t MaxHeapSize                              = 3154116608                                {product} {ergonomic}
   size_t MaxNewSize                               = 1891631104                                {product} {ergonomic}
   size_t MinHeapDeltaBytes                        = 2097152                                   {product} {ergonomic}
   size_t MinHeapSize                              = 8388608                                   {product} {ergonomic}
    uintx NonNMethodCodeHeapSize                   = 5832780                                {pd product} {ergonomic}
    uintx NonProfiledCodeHeapSize                  = 122912730                              {pd product} {ergonomic}
    uintx ProfiledCodeHeapSize                     = 122912730                              {pd product} {ergonomic}
    uintx ReservedCodeCacheSize                    = 251658240                              {pd product} {ergonomic}
     bool SegmentedCodeCache                       = true                                      {product} {ergonomic}
   size_t SoftMaxHeapSize                          = 3154116608                             {manageable} {ergonomic}
     bool UseCompressedClassPointers               = true                           {product lp64_product} {ergonomic}
     bool UseCompressedOops                        = true                           {product lp64_product} {ergonomic}
     bool UseG1GC                                  = true                                      {product} {ergonomic}
     bool UseLargePagesIndividualAllocation        = false                                  {pd product} {ergonomic}

Logging:
Log output configuration:
 #0: stdout all=warning uptime,level,tags
 #1: stderr all=off uptime,level,tags

Environment Variables:
JAVA_HOME=C:\Program Files\Java\jdk-17
PATH=C:\Program Files\Common Files\Oracle\Java\javapath;C:\Windows\system32;C:\Windows;C:\Windows\System32\Wbem;C:\Windows\System32\WindowsPowerShell\v1.0\;C:\Windows\System32\OpenSSH\;C:\WINDOWS\system32;C:\WINDOWS;C:\WINDOWS\System32\Wbem;C:\WINDOWS\System32\WindowsPowerShell\v1.0\;C:\WINDOWS\System32\OpenSSH\;C:\Users\Chich\AppData\Local\Microsoft\WindowsApps;C:\adb;C:\Program Files\Git\cmd;C:\Users\Chich\AppData\Local\Microsoft\WindowsApps;C:\Users\Chich\AppData\Local\GitHubDesktop\bin
USERNAME=Chicho
OS=Windows_NT
PROCESSOR_IDENTIFIER=AMD64 Family 16 Model 10 Stepping 0, AuthenticAMD



---------------  S Y S T E M  ---------------

OS:
 Windows 10 , 64 bit Build 19041 (10.0.19041.2546)
OS uptime: 1 days 4:52 hours

CPU: total 5 (initial active 5) (5 cores per cpu, 1 threads per core) family 16 model 10 stepping 0 microcode 0x0, cx8, cmov, fxsr, mmx, 3dnowpref, sse, sse2, sse3, sse4a, popcnt, lzcnt, tsc, tscinvbit, clflush

Memory: 4k page, system-wide physical 12031M (5917M free)
TotalPageFile size 13887M (AvailPageFile size 4879M)
current process WorkingSet (physical memory assigned to process): 74M, peak: 74M
current process commit charge ("private bytes"): 286M, peak: 286M

vm_info: Java HotSpot(TM) 64-Bit Server VM (17.0.6+9-LTS-190) for windows-amd64 JRE (17.0.6+9-LTS-190), built on Dec  6 2022 15:53:54 by "mach5one" with MS VC++ 17.1 (VS2022)

END.
