#
# A fatal error has been detected by the Java Runtime Environment:
#
#  EXCEPTION_ACCESS_VIOLATION (0xc0000005) at pc=0x00000204e9a1b652, pid=12280, tid=10260
#
# JRE version: Java(TM) SE Runtime Environment (17.0.6+9) (build 17.0.6+9-LTS-190)
# Java VM: Java HotSpot(TM) 64-Bit Server VM (17.0.6+9-LTS-190, mixed mode, sharing, tiered, compressed oops, compressed class ptrs, g1 gc, windows-amd64)
# Problematic frame:
# j  sun.util.locale.provider.LocaleProviderAdapter.toLocaleArray(Ljava/util/Set;)[Ljava/util/Locale;+40 java.base@17.0.6
#
# No core dump will be written. Minidumps are not enabled by default on client versions of Windows
#
# If you would like to submit a bug report, please visit:
#   https://bugreport.java.com/bugreport/crash.jsp
#

---------------  S U M M A R Y ------------

Command Line: -Dclassworlds.conf=C:\Program Files\NetBeans-16\netbeans\java\maven\bin\m2.conf -Dmaven.home=C:\Program Files\NetBeans-16\netbeans\java\maven -Dlibrary.jansi.path=C:\Program Files\NetBeans-16\netbeans\java\maven\lib\jansi-native -Dmaven.multiModuleProjectDirectory=C:\Users\Chich\OneDrive\Desktop\Clase3 org.codehaus.plexus.classworlds.launcher.Launcher -Dexec.vmArgs= -Dexec.args=${exec.vmArgs} -classpath %classpath ${exec.mainClass} ${exec.appArgs} -Dexec.appArgs= -Dexec.mainClass=com.mycompany.clase3.Clase3 -Dexec.executable=C:\Program Files\Java\jdk-17\bin\java.exe -Dmaven.ext.class.path=C:\Program Files\NetBeans-16\netbeans\java\maven-nblib\netbeans-eventspy.jar -Dfile.encoding=UTF-8 org.codehaus.mojo:exec-maven-plugin:3.0.0:exec

Host: AMD Phenom(tm) II X6 1090T Processor, 5 cores, 11G,  Windows 10 , 64 bit Build 19041 (10.0.19041.2546)
Time: Fri Mar  3 12:41:12 2023 Hora estándar de Argentina elapsed time: 1.934935 seconds (0d 0h 0m 1s)

---------------  T H R E A D  ---------------

Current thread (0x00000204dac40ac0):  JavaThread "main" [_thread_in_Java, id=10260, stack(0x000000fd25e00000,0x000000fd25f00000)]

Stack: [0x000000fd25e00000,0x000000fd25f00000],  sp=0x000000fd25efd168,  free space=1012k
Native frames: (J=compiled Java code, j=interpreted, Vv=VM code, C=native code)
C  0x00000204e9a1b652


siginfo: EXCEPTION_ACCESS_VIOLATION (0xc0000005), reading address 0x00000007ceff62c0


Register to memory mapping:

RIP=0x00000204e9a1b652 is at code_begin+242 in an Interpreter codelet
checkcast  192 checkcast  [0x00000204e9a1b560, 0x00000204e9a1b7a0]  576 bytes
RAX=0x000000080000e970 is a pointer to class: 
java.lang.String {0x000000080000e978}
 - instance size:     3
 - klass size:        83
 - access:            public final synchronized 
 - state:             fully_initialized
 - name:              'java/lang/String'
 - super:             'java/lang/Object'
 - sub:               
 - arrays:            'java/lang/String'[]
 - methods:           Array<T>(0x0000000800b2c770)
 - method ordering:   Array<T>(0x0000000800b2c4b8)
 - default_methods:   Array<T>(0x0000000000000000)
 - local interfaces:  Array<T>(0x0000000800b2c740)
 - trans. interfaces: Array<T>(0x0000000800b2c740)
 - constants:         constant pool [1396]/operands[28] {0x0000000800b29508} for 'java/lang/String' cache=0x0000000800427878
 - class loader data:  loader data: 0x00000204dad198f0 of 'bootstrap'
 - source file:       'String.java'
 - class annotations:       Array<T>(0x0000000000000000)
 - class type annotations:  Array<T>(0x0000000000000000)
 - field annotations:       Array<T>(0x0000000800b33fa8)
 - field type annotations:  Array<T>(0x0000000000000000)
 - generic signature: 'Ljava/lang/Object;Ljava/io/Serializable;Ljava/lang/Comparable<Ljava/lang/String;>;Ljava/lang/CharSequence;Ljava/lang/constant/Constable;Ljava/lang/constant/ConstantDesc;'
 - inner classes:     Array<T>(0x0000000800b33f48)
 - nest members:     Array<T>(0x0000000800b294a8)
 - permitted subclasses:     Array<T>(0x00000008005cfc78)
 - java mirror:       a 'java/lang/Class'{0x000000074410b9f0} = 'java/lang/String'
 - vtable length      5  (start addr: 0x000000080000eb38)
 - itable length      20 (start addr: 0x000000080000eb60)
 - ---- static fields (3 words):
 - private static final 'serialVersionUID' 'J' @120 
 - static final 'COMPACT_STRINGS' 'Z' @130 
 - private static final 'serialPersistentFields' '[Ljava/io/ObjectStreamField;' @112 
 - private static final 'REPL' 'C' @128 
 - public static final 'CASE_INSENSITIVE_ORDER' 'Ljava/util/Comparator;' @116 
 - static final 'LATIN1' 'B' @131 
 - static final 'UTF16' 'B' @132 
 - ---- non-static fields (3 words):
 - private 'hash' 'I' @12 
 - private final 'coder' 'B' @16 
 - private 'hashIsZero' 'Z' @17 
 - private final synchronized 'value' '[B' @20 
 - non-static oop maps: 20-20 
RBX=0x0000000000000019 is an unknown value
RCX=0x00000008002facf8 is pointing into metadata
RDX=0x00000007ceff62b8 is an unallocated location in the heap
RSP=0x000000fd25efd168 is pointing into the stack for thread: 0x00000204dac40ac0
RBP=0x000000fd25efd1b0 is pointing into the stack for thread: 0x00000204dac40ac0
RSI=0x000000074410f760 is an oop: java.util.HashMap 
{0x000000074410f760} - klass: 'java/util/HashMap'
 - ---- fields (total size 6 words):
 - transient 'keySet' 'Ljava/util/Set;' @12  a 'java/util/HashMap$KeySet'{0x000000074410f790} (e8821ef2)
 - transient 'values' 'Ljava/util/Collection;' @16  NULL (0)
 - transient 'size' 'I' @20  1010 (3f2)
 - transient 'modCount' 'I' @24  1010 (3f2)
 - 'threshold' 'I' @28  1536 (600)
 - final 'loadFactor' 'F' @32  0.750000 (3f400000)
 - transient 'table' '[Ljava/util/HashMap$Node;' @36  a 'java/util/HashMap$Node'[2048] {0x000000074410f7a0} (e8821ef4)
 - transient 'entrySet' 'Ljava/util/Set;' @40  NULL (0)
RDI=0x00000204faccaf30 is pointing into metadata
R8 =0x00000204f1b08323 points into unknown readable memory: 04 04 04 04 04
R9 =0x00000008000f8660 is a pointer to class: 
java.util.Locale {0x00000008000f8668}
 - instance size:     4
 - klass size:        65
 - access:            public final synchronized 
 - state:             fully_initialized
 - name:              'java/util/Locale'
 - super:             'java/lang/Object'
 - sub:               
 - arrays:            'java/util/Locale'[]
 - methods:           Array<T>(0x00000008006eb4c8)
 - method ordering:   Array<T>(0x00000008006ee610)
 - default_methods:   Array<T>(0x0000000000000000)
 - local interfaces:  Array<T>(0x00000008006e5830)
 - trans. interfaces: Array<T>(0x00000008006e5830)
 - constants:         constant pool [1155]/operands[35] {0x00000008006e8c68} for 'java/util/Locale' cache=0x00000008000fd438
 - class loader data:  loader data: 0x00000204dad198f0 of 'bootstrap'
 - source file:       'Locale.java'
 - class annotations:       Array<T>(0x0000000000000000)
 - class type annotations:  Array<T>(0x0000000000000000)
 - field annotations:       Array<T>(0x0000000000000000)
 - field type annotations:  Array<T>(0x0000000000000000)
 - inner classes:     Array<T>(0x00000008006eb438)
 - nest members:     Array<T>(0x00000008006ee740)
 - permitted subclasses:     Array<T>(0x00000008005cfc78)
 - java mirror:       a 'java/lang/Class'{0x0000000744274350} = 'java/util/Locale'
 - vtable length      5  (start addr: 0x00000008000f8828)
 - itable length      2 (start addr: 0x00000008000f8850)
 - ---- static fields (20 words):
 - public static final 'ENGLISH' 'Ljava/util/Locale;' @112 
 - public static final 'FRENCH' 'Ljava/util/Locale;' @116 
 - public static final 'GERMAN' 'Ljava/util/Locale;' @120 
 - public static final 'ITALIAN' 'Ljava/util/Locale;' @124 
 - public static final 'JAPANESE' 'Ljava/util/Locale;' @128 
 - public static final 'KOREAN' 'Ljava/util/Locale;' @132 
 - public static final 'CHINESE' 'Ljava/util/Locale;' @136 
 - public static final 'SIMPLIFIED_CHINESE' 'Ljava/util/Locale;' @140 
 - public static final 'TRADITIONAL_CHINESE' 'Ljava/util/Locale;' @144 
 - public static final 'FRANCE' 'Ljava/util/Locale;' @148 
 - public static final 'GERMANY' 'Ljava/util/Locale;' @152 
 - public static final 'ITALY' 'Ljava/util/Locale;' @156 
 - public static final 'JAPAN' 'Ljava/util/Locale;' @160 
 - public static final 'KOREA' 'Ljava/util/Locale;' @164 
 - public static final 'UK' 'Ljava/util/Locale;' @168 
 - public static final 'US' 'Ljava/util/Locale;' @172 
 - public static final 'CANADA' 'Ljava/util/Locale;' @176 
 - public static final 'CANADA_FRENCH' 'Ljava/util/Locale;' @180 
 - public static final 'ROOT' 'Ljava/util/Locale;' @184 
 - private static final 'CONSTANT_LOCALES' 'Ljava/util/Map;' @188 
 - public static final 'CHINA' 'Ljava/util/Locale;' @192 
 - public static final 'PRC' 'Ljava/util/Locale;' @196 
 - public static final 'TAIWAN' 'Ljava/util/Locale;' @200 
 - public static final 'PRIVATE_USE_EXTENSION' 'C' @264 
 - public static final 'UNICODE_LOCALE_EXTENSION' 'C' @266 
 - static final 'serialVersionUID' 'J' @232 
 - private static final 'DISPLAY_LANGUAGE' 'I' @240 
 - private static final 'DISPLAY_COUNTRY' 'I' @244 
 - private static final 'DISPLAY_VARIANT' 'I' @248 
 - private static final 'DISPLAY_SCRIPT' 'I' @252 
 - private static final 'DISPLAY_UEXT_KEY' 'I' @256 
 - private static final 'DISPLAY_UEXT_TYPE' 'I' @260 
 - private static volatile 'defaultLocale' 'Ljava/util/Locale;' @204 
 - private static volatile 'defaultDisplayLocale' 'Ljava/util/Locale;' @208 
 - private static volatile 'defaultFormatLocale' 'Ljava/util/Locale;' @212 
 - private static final 'serialPersistentFields' '[Ljava/io/ObjectStreamField;' @216 
 - private static volatile 'isoLanguages' '[Ljava/lang/String;' @220 
 - private static volatile 'isoCountries' '[Ljava/lang/String;' @224 
 - static final synthetic '$assertionsDisabled' 'Z' @268 
 - ---- non-static fields (4 words):
 - private volatile transient 'hashCodeValue' 'I' @12 
 - private transient 'baseLocale' 'Lsun/util/locale/BaseLocale;' @16 
 - private transient 'localeExtensions' 'Lsun/util/locale/LocaleExtensions;' @20 
 - private volatile transient 'languageTag' 'Ljava/lang/String;' @24 
 - non-static oop maps: 16-24 
R10=0x00007ff8259a5ef0 jvm.dll
R11=0x00000204e259a560 is at entry_point+32 in (nmethod*)0x00000204e259a390
R12=0x0 is NULL
R13=0x000000080094a8a5 is pointing into metadata
R14=0x000000fd25efd1f0 is pointing into the stack for thread: 0x00000204dac40ac0
R15=0x00000204dac40ac0 is a thread


Registers:
RAX=0x000000080000e970, RBX=0x0000000000000019, RCX=0x00000008002facf8, RDX=0x00000007ceff62b8
RSP=0x000000fd25efd168, RBP=0x000000fd25efd1b0, RSI=0x000000074410f760, RDI=0x00000204faccaf30
R8 =0x00000204f1b08323, R9 =0x00000008000f8660, R10=0x00007ff8259a5ef0, R11=0x00000204e259a560
R12=0x0000000000000000, R13=0x000000080094a8a5, R14=0x000000fd25efd1f0, R15=0x00000204dac40ac0
RIP=0x00000204e9a1b652, EFLAGS=0x0000000000010246

Top of Stack: (sp=0x000000fd25efd168)
0x000000fd25efd168:   000000fd25efd168 000000080094a8a0
0x000000fd25efd178:   000000fd25efd1f0 00000008002fae30
0x000000fd25efd188:   0000000000000000 0000000744003040
0x000000fd25efd198:   00000008002fa9e0 0000000000000000
0x000000fd25efd1a8:   000000fd25efd1f0 000000fd25efd240
0x000000fd25efd1b8:   00000204e9a09637 00000000ffffffff
0x000000fd25efd1c8:   0000000744143f50 0000000744143f50
0x000000fd25efd1d8:   000000074f064b68 00000000000002d9
0x000000fd25efd1e8:   000000074f063b88 000000074410f750
0x000000fd25efd1f8:   000000fd25efd1f8 000000080088190c
0x000000fd25efd208:   000000fd25efd250 00000008002c9ed8
0x000000fd25efd218:   0000000000000000 0000000744001698
0x000000fd25efd228:   000000080025f3f8 000000fd25efd1f0
0x000000fd25efd238:   000000fd25efd250 000000fd25efd2a0
0x000000fd25efd248:   00000204e9a09637 0000000744187798
0x000000fd25efd258:   000000fd25efd258 00000008006fea0e 

Instructions: (pc=0x00000204e9a1b652)
0x00000204e9a1b552:   00 00 00 00 00 00 00 00 00 00 00 00 00 00 58 48
0x00000204e9a1b562:   85 c0 0f 84 f6 01 00 00 48 8b 4d e8 48 8b 49 08
0x00000204e9a1b572:   48 8b 49 08 48 8b 51 08 41 0f b7 5d 01 0f cb c1
0x00000204e9a1b582:   eb 10 80 7c 1a 04 07 0f 84 b2 00 00 00 50 e8 05
0x00000204e9a1b592:   00 00 00 e9 92 00 00 00 48 8d 44 24 08 4c 89 6d
0x00000204e9a1b5a2:   c0 49 8b cf 49 89 af 98 02 00 00 49 89 87 88 02
0x00000204e9a1b5b2:   00 00 48 83 ec 20 f7 c4 0f 00 00 00 0f 84 1a 00
0x00000204e9a1b5c2:   00 00 48 83 ec 08 49 ba 40 d4 1f 25 f8 7f 00 00
0x00000204e9a1b5d2:   41 ff d2 48 83 c4 08 e9 0d 00 00 00 49 ba 40 d4
0x00000204e9a1b5e2:   1f 25 f8 7f 00 00 41 ff d2 48 83 c4 20 49 c7 87
0x00000204e9a1b5f2:   88 02 00 00 00 00 00 00 49 c7 87 98 02 00 00 00
0x00000204e9a1b602:   00 00 00 49 c7 87 90 02 00 00 00 00 00 00 49 81
0x00000204e9a1b612:   7f 08 00 00 00 00 0f 84 05 00 00 00 e9 dd 58 fe
0x00000204e9a1b622:   ff 4c 8b 6d c0 4c 8b 75 c8 c3 49 8b 87 e8 02 00
0x00000204e9a1b632:   00 49 c7 87 e8 02 00 00 00 00 00 00 5a eb 11 48
0x00000204e9a1b642:   8b d0 66 8b 5c d9 48 48 8b 49 28 48 8b 44 d9 08
0x00000204e9a1b652:   8b 5a 08 49 ba 00 00 00 00 08 00 00 00 49 03 da
0x00000204e9a1b662:   48 8b 4d d8 48 85 c9 0f 84 8a 00 00 00 48 8b 79
0x00000204e9a1b672:   18 48 3b fb 0f 85 0f 00 00 00 48 83 41 20 01 48
0x00000204e9a1b682:   83 59 20 00 e9 66 00 00 00 48 85 ff 0f 84 37 00
0x00000204e9a1b692:   00 00 48 8b 79 28 48 3b fb 0f 85 0f 00 00 00 48
0x00000204e9a1b6a2:   83 41 30 01 48 83 59 30 00 e9 41 00 00 00 48 85
0x00000204e9a1b6b2:   ff 0f 85 38 00 00 00 48 89 59 28 bf 01 00 00 00
0x00000204e9a1b6c2:   48 89 79 30 e9 26 00 00 00 48 3b 59 28 0f 85 0f
0x00000204e9a1b6d2:   00 00 00 48 83 41 30 01 48 83 59 30 00 e9 0d 00
0x00000204e9a1b6e2:   00 00 48 89 59 18 bf 01 00 00 00 48 89 79 20 48
0x00000204e9a1b6f2:   83 c1 38 48 89 4d d8 48 3b d8 0f 84 56 00 00 00
0x00000204e9a1b702:   8b 48 14 48 3b 04 0b 0f 84 49 00 00 00 83 f9 20
0x00000204e9a1b712:   0f 85 1d 00 00 00 57 48 8b 7b 28 8b 0f 48 83 c7
0x00000204e9a1b722:   08 48 85 c0 f2 48 af 5f 75 09 48 89 43 20 e9 23
0x00000204e9a1b732:   00 00 00 48 8b 4d d8 48 85 c9 0f 84 10 00 00 00
0x00000204e9a1b742:   48 83 41 d0 ff 0f 88 05 00 00 00 48 83 41 d0 01 


Stack slot to memory mapping:
stack at sp + 0 slots: 0x000000fd25efd168 is pointing into the stack for thread: 0x00000204dac40ac0
stack at sp + 1 slots: 0x000000080094a8a0 is pointing into metadata
stack at sp + 2 slots: 0x000000fd25efd1f0 is pointing into the stack for thread: 0x00000204dac40ac0
stack at sp + 3 slots: 0x00000008002fae30 is pointing into metadata
stack at sp + 4 slots: 0x0 is NULL
stack at sp + 5 slots: 0x0000000744003040 is an oop: java.lang.Class 
{0x0000000744003040} - klass: 'java/lang/Class'
 - ---- fields (total size 17 words):
 - private volatile transient 'classRedefinedCount' 'I' @12  0
 - private volatile transient 'cachedConstructor' 'Ljava/lang/reflect/Constructor;' @40  NULL (0)
 - private transient 'name' 'Ljava/lang/String;' @44  NULL (0)
 - private transient 'module' 'Ljava/lang/Module;' @48  a 'java/lang/Module'{0x00000007441179d8} (e8822f3b)
 - private final 'classLoader' 'Ljava/lang/ClassLoader;' @52  NULL (0)
 - private transient 'classData' 'Ljava/lang/Object;' @56  NULL (0)
 - private transient 'packageName' 'Ljava/lang/String;' @60  NULL (0)
 - private final 'componentType' 'Ljava/lang/Class;' @64  NULL (0)
 - private volatile transient 'reflectionData' 'Ljava/lang/ref/SoftReference;' @68  NULL (0)
 - private volatile transient 'genericInfo' 'Lsun/reflect/generics/repository/ClassRepository;' @72  NULL (0)
 - private volatile transient 'enumConstants' '[Ljava/lang/Object;' @76  NULL (0)
 - private volatile transient 'enumConstantDirectory' 'Ljava/util/Map;' @80  NULL (0)
 - private volatile transient 'annotationData' 'Ljava/lang/Class$AnnotationData;' @84  NULL (0)
 - private volatile transient 'annotationType' 'Lsun/reflect/annotation/AnnotationType;' @88  NULL (0)
 - transient 'classValueMap' 'Ljava/lang/ClassValue$ClassValueMap;' @92  NULL (0)
 - signature: Lsun/util/locale/provider/LocaleProviderAdapter;
 - fake entry for mirror: 'sun/util/locale/provider/LocaleProviderAdapter'
 - fake entry for array: NULL
 - fake entry for oop_size: 17
 - fake entry for static_oop_field_count: 4
 - private static final 'adapterPreference' 'Ljava/util/List;' @112  a 'java/util/Collections$UnmodifiableRandomAccessList'{0x000000074401a168} (e880342d)
 - private static final 'adapterInstances' 'Ljava/util/Map;' @116  a 'java/util/concurrent/ConcurrentHashMap'{0x000000074401a0b8} (e8803417)
 - static volatile 'defaultLocaleProviderAdapter' 'Lsun/util/locale/provider/LocaleProviderAdapter$Type;' @120  a 'sun/util/locale/provider/LocaleProviderAdapter$Type'{0x00000007441877b0} (e8830ef6)
 - private static final 'adapterCache' 'Ljava/util/concurrent/ConcurrentMap;' @124  a 'java/util/concurrent/ConcurrentHashMap'{0x0000000744003190} (e8800632)
 - static final synthetic '$assertionsDisabled' 'Z' @128  true
stack at sp + 6 slots: {method} {0x00000008002fa9e8} 'toLocaleArray' '(Ljava/util/Set;)[Ljava/util/Locale;' in 'sun/util/locale/provider/LocaleProviderAdapter'
stack at sp + 7 slots: 0x0 is NULL

checkcast  192 checkcast  [0x00000204e9a1b560, 0x00000204e9a1b7a0]  576 bytes
[MachCode]
  0x00000204e9a1b560: 5848 85c0 | 0f84 f601 | 0000 488b | 4de8 488b | 4908 488b | 4908 488b | 5108 410f | b75d 010f 
  0x00000204e9a1b580: cbc1 eb10 | 807c 1a04 | 070f 84b2 | 0000 0050 | e805 0000 | 00e9 9200 | 0000 488d | 4424 084c 
  0x00000204e9a1b5a0: 896d c049 | 8bcf 4989 | af98 0200 | 0049 8987 | 8802 0000 | 4883 ec20 | f7c4 0f00 | 0000 0f84 
  0x00000204e9a1b5c0: 1a00 0000 | 4883 ec08 | 49ba 40d4 | 1f25 f87f | 0000 41ff | d248 83c4 | 08e9 0d00 | 0000 49ba 
  0x00000204e9a1b5e0: 40d4 1f25 | f87f 0000 | 41ff d248 | 83c4 2049 | c787 8802 | 0000 0000 | 0000 49c7 | 8798 0200 
  0x00000204e9a1b600: 0000 0000 | 0049 c787 | 9002 0000 | 0000 0000 | 4981 7f08 | 0000 0000 | 0f84 0500 | 0000 e9dd 
  0x00000204e9a1b620: 58fe ff4c | 8b6d c04c | 8b75 c8c3 | 498b 87e8 | 0200 0049 | c787 e802 | 0000 0000 | 0000 5aeb 
  0x00000204e9a1b640: 1148 8bd0 | 668b 5cd9 | 4848 8b49 | 2848 8b44 | d908 8b5a | 0849 ba00 | 0000 0008 | 0000 0049 
  0x00000204e9a1b660: 03da 488b | 4dd8 4885 | c90f 848a | 0000 0048 | 8b79 1848 | 3bfb 0f85 | 0f00 0000 | 4883 4120 
  0x00000204e9a1b680: 0148 8359 | 2000 e966 | 0000 0048 | 85ff 0f84 | 3700 0000 | 488b 7928 | 483b fb0f | 850f 0000 
  0x00000204e9a1b6a0: 0048 8341 | 3001 4883 | 5930 00e9 | 4100 0000 | 4885 ff0f | 8538 0000 | 0048 8959 | 28bf 0100 
  0x00000204e9a1b6c0: 0000 4889 | 7930 e926 | 0000 0048 | 3b59 280f | 850f 0000 | 0048 8341 | 3001 4883 | 5930 00e9 
  0x00000204e9a1b6e0: 0d00 0000 | 4889 5918 | bf01 0000 | 0048 8979 | 2048 83c1 | 3848 894d | d848 3bd8 | 0f84 5600 
  0x00000204e9a1b700: 0000 8b48 | 1448 3b04 | 0b0f 8449 | 0000 0083 | f920 0f85 | 1d00 0000 | 5748 8b7b | 288b 0f48 
  0x00000204e9a1b720: 83c7 0848 | 85c0 f248 | af5f 7509 | 4889 4320 | e923 0000 | 0048 8b4d | d848 85c9 | 0f84 1000 
  0x00000204e9a1b740: 0000 4883 | 41d0 ff0f | 8805 0000 | 0048 8341 | d001 52e9 | b10a ffff | 488b c2e9 | 1900 0000 
  0x00000204e9a1b760: 488b 4dd8 | 4885 c90f | 840c 0000 | 0080 4901 | 0148 83c1 | 3848 894d | d841 0fb6 | 5d03 4983 
  0x00000204e9a1b780: c503 49ba | f05e 9a25 | f87f 0000 | 41ff 24da | 0000 0000 | 0000 0000 | 0000 0000 | 0000 0000 
[/MachCode]

---------------  P R O C E S S  ---------------

Threads class SMR info:
_java_thread_list=0x00000204fbe44520, length=13, elements={
0x00000204dac40ac0, 0x00000204fab36bc0, 0x00000204fab380e0, 0x00000204fab51760,
0x00000204fab54130, 0x00000204fab549f0, 0x00000204fab55a50, 0x00000204fab5ad10,
0x00000204fab5bdb0, 0x00000204fab626d0, 0x00000204fb5f21d0, 0x00000204fb6186d0,
0x00000204fbdcec10
}

Java Threads: ( => current thread )
=>0x00000204dac40ac0 JavaThread "main" [_thread_in_Java, id=10260, stack(0x000000fd25e00000,0x000000fd25f00000)]
  0x00000204fab36bc0 JavaThread "Reference Handler" daemon [_thread_blocked, id=13796, stack(0x000000fd26500000,0x000000fd26600000)]
  0x00000204fab380e0 JavaThread "Finalizer" daemon [_thread_blocked, id=11860, stack(0x000000fd26600000,0x000000fd26700000)]
  0x00000204fab51760 JavaThread "Signal Dispatcher" daemon [_thread_blocked, id=480, stack(0x000000fd26700000,0x000000fd26800000)]
  0x00000204fab54130 JavaThread "Attach Listener" daemon [_thread_blocked, id=8048, stack(0x000000fd26800000,0x000000fd26900000)]
  0x00000204fab549f0 JavaThread "Service Thread" daemon [_thread_blocked, id=1960, stack(0x000000fd26900000,0x000000fd26a00000)]
  0x00000204fab55a50 JavaThread "Monitor Deflation Thread" daemon [_thread_blocked, id=6388, stack(0x000000fd26a00000,0x000000fd26b00000)]
  0x00000204fab5ad10 JavaThread "C2 CompilerThread0" daemon [_thread_in_native, id=13884, stack(0x000000fd26b00000,0x000000fd26c00000)]
  0x00000204fab5bdb0 JavaThread "C1 CompilerThread0" daemon [_thread_blocked, id=3732, stack(0x000000fd26c00000,0x000000fd26d00000)]
  0x00000204fab626d0 JavaThread "Sweeper thread" daemon [_thread_blocked, id=7104, stack(0x000000fd26d00000,0x000000fd26e00000)]
  0x00000204fb5f21d0 JavaThread "Notification Thread" daemon [_thread_blocked, id=1040, stack(0x000000fd26e00000,0x000000fd26f00000)]
  0x00000204fb6186d0 JavaThread "Common-Cleaner" daemon [_thread_blocked, id=11544, stack(0x000000fd27000000,0x000000fd27100000)]
  0x00000204fbdcec10 JavaThread "C2 CompilerThread1" daemon [_thread_in_native, id=3568, stack(0x000000fd27500000,0x000000fd27600000)]

Other Threads:
  0x00000204fab2d4f0 VMThread "VM Thread" [stack: 0x000000fd26400000,0x000000fd26500000] [id=13748]
  0x00000204fab3e5d0 WatcherThread [stack: 0x000000fd26f00000,0x000000fd27000000] [id=1664]
  0x00000204dac97490 GCTaskThread "GC Thread#0" [stack: 0x000000fd25f00000,0x000000fd26000000] [id=8508]
  0x00000204fbaca5b0 GCTaskThread "GC Thread#1" [stack: 0x000000fd27100000,0x000000fd27200000] [id=13100]
  0x00000204fb9d6cf0 GCTaskThread "GC Thread#2" [stack: 0x000000fd27200000,0x000000fd27300000] [id=5888]
  0x00000204fb9d6fa0 GCTaskThread "GC Thread#3" [stack: 0x000000fd27300000,0x000000fd27400000] [id=5772]
  0x00000204fbd5e1c0 GCTaskThread "GC Thread#4" [stack: 0x000000fd27400000,0x000000fd27500000] [id=1416]
  0x00000204daca6f10 ConcurrentGCThread "G1 Main Marker" [stack: 0x000000fd26000000,0x000000fd26100000] [id=6980]
  0x00000204daca7fd0 ConcurrentGCThread "G1 Conc#0" [stack: 0x000000fd26100000,0x000000fd26200000] [id=14228]
  0x00000204dad0bc80 ConcurrentGCThread "G1 Refine#0" [stack: 0x000000fd26200000,0x000000fd26300000] [id=3228]
  0x00000204dad0c5b0 ConcurrentGCThread "G1 Service" [stack: 0x000000fd26300000,0x000000fd26400000] [id=6460]

Threads with active compile tasks:
C2 CompilerThread0     1978 2030       4       sun.util.locale.BaseLocale::getInstance (149 bytes)
C2 CompilerThread1     1978 1763   !   4       java.net.URL::<init> (543 bytes)

VM state: not at safepoint (normal execution)

VM Mutex/Monitor currently owned by a thread: None

Heap address: 0x0000000744000000, size: 3008 MB, Compressed Oops mode: Zero based, Oop shift amount: 3

CDS archive(s) mapped at: [0x0000000800000000-0x0000000800bd0000-0x0000000800bd0000), size 12386304, SharedBaseAddress: 0x0000000800000000, ArchiveRelocationMode: 0.
Compressed class space mapped at: 0x0000000800c00000-0x0000000840c00000, reserved size: 1073741824
Narrow klass base: 0x0000000800000000, Narrow klass shift: 0, Narrow klass range: 0x100000000

GC Precious Log:
 CPUs: 5 total, 5 available
 Memory: 12031M
 Large Page Support: Disabled
 NUMA Support: Disabled
 Compressed Oops: Enabled (Zero based)
 Heap Region Size: 2M
 Heap Min Capacity: 8M
 Heap Initial Capacity: 188M
 Heap Max Capacity: 3008M
 Pre-touch: Disabled
 Parallel Workers: 5
 Concurrent Workers: 1
 Concurrent Refinement Workers: 5
 Periodic GC: Disabled

Heap:
 garbage-first heap   total 192512K, used 15312K [0x0000000744000000, 0x0000000800000000)
  region size 2048K, 7 young (14336K), 1 survivors (2048K)
 Metaspace       used 11230K, committed 11392K, reserved 1064960K
  class space    used 1362K, committed 1472K, reserved 1048576K

Heap Regions: E=young(eden), S=young(survivor), O=old, HS=humongous(starts), HC=humongous(continues), CS=collection set, F=free, OA=open archive, CA=closed archive, TAMS=top-at-mark-start (previous, next)
|   0|0x0000000744000000, 0x0000000744200000, 0x0000000744200000|100%| O|  |TAMS 0x0000000744000000, 0x0000000744000000| Untracked 
|   1|0x0000000744200000, 0x000000074430a000, 0x0000000744400000| 51%| O|  |TAMS 0x0000000744200000, 0x0000000744200000| Untracked 
|   2|0x0000000744400000, 0x0000000744400000, 0x0000000744600000|  0%| F|  |TAMS 0x0000000744400000, 0x0000000744400000| Untracked 
|   3|0x0000000744600000, 0x0000000744600000, 0x0000000744800000|  0%| F|  |TAMS 0x0000000744600000, 0x0000000744600000| Untracked 
|   4|0x0000000744800000, 0x0000000744800000, 0x0000000744a00000|  0%| F|  |TAMS 0x0000000744800000, 0x0000000744800000| Untracked 
|   5|0x0000000744a00000, 0x0000000744a00000, 0x0000000744c00000|  0%| F|  |TAMS 0x0000000744a00000, 0x0000000744a00000| Untracked 
|   6|0x0000000744c00000, 0x0000000744c00000, 0x0000000744e00000|  0%| F|  |TAMS 0x0000000744c00000, 0x0000000744c00000| Untracked 
|   7|0x0000000744e00000, 0x0000000744e00000, 0x0000000745000000|  0%| F|  |TAMS 0x0000000744e00000, 0x0000000744e00000| Untracked 
|   8|0x0000000745000000, 0x0000000745000000, 0x0000000745200000|  0%| F|  |TAMS 0x0000000745000000, 0x0000000745000000| Untracked 
|   9|0x0000000745200000, 0x0000000745200000, 0x0000000745400000|  0%| F|  |TAMS 0x0000000745200000, 0x0000000745200000| Untracked 
|  10|0x0000000745400000, 0x0000000745400000, 0x0000000745600000|  0%| F|  |TAMS 0x0000000745400000, 0x0000000745400000| Untracked 
|  11|0x0000000745600000, 0x0000000745600000, 0x0000000745800000|  0%| F|  |TAMS 0x0000000745600000, 0x0000000745600000| Untracked 
|  12|0x0000000745800000, 0x0000000745800000, 0x0000000745a00000|  0%| F|  |TAMS 0x0000000745800000, 0x0000000745800000| Untracked 
|  13|0x0000000745a00000, 0x0000000745a00000, 0x0000000745c00000|  0%| F|  |TAMS 0x0000000745a00000, 0x0000000745a00000| Untracked 
|  14|0x0000000745c00000, 0x0000000745c00000, 0x0000000745e00000|  0%| F|  |TAMS 0x0000000745c00000, 0x0000000745c00000| Untracked 
|  15|0x0000000745e00000, 0x0000000745e00000, 0x0000000746000000|  0%| F|  |TAMS 0x0000000745e00000, 0x0000000745e00000| Untracked 
|  16|0x0000000746000000, 0x0000000746000000, 0x0000000746200000|  0%| F|  |TAMS 0x0000000746000000, 0x0000000746000000| Untracked 
|  17|0x0000000746200000, 0x0000000746200000, 0x0000000746400000|  0%| F|  |TAMS 0x0000000746200000, 0x0000000746200000| Untracked 
|  18|0x0000000746400000, 0x0000000746400000, 0x0000000746600000|  0%| F|  |TAMS 0x0000000746400000, 0x0000000746400000| Untracked 
|  19|0x0000000746600000, 0x0000000746600000, 0x0000000746800000|  0%| F|  |TAMS 0x0000000746600000, 0x0000000746600000| Untracked 
|  20|0x0000000746800000, 0x0000000746800000, 0x0000000746a00000|  0%| F|  |TAMS 0x0000000746800000, 0x0000000746800000| Untracked 
|  21|0x0000000746a00000, 0x0000000746a00000, 0x0000000746c00000|  0%| F|  |TAMS 0x0000000746a00000, 0x0000000746a00000| Untracked 
|  22|0x0000000746c00000, 0x0000000746c00000, 0x0000000746e00000|  0%| F|  |TAMS 0x0000000746c00000, 0x0000000746c00000| Untracked 
|  23|0x0000000746e00000, 0x0000000746e00000, 0x0000000747000000|  0%| F|  |TAMS 0x0000000746e00000, 0x0000000746e00000| Untracked 
|  24|0x0000000747000000, 0x0000000747000000, 0x0000000747200000|  0%| F|  |TAMS 0x0000000747000000, 0x0000000747000000| Untracked 
|  25|0x0000000747200000, 0x0000000747200000, 0x0000000747400000|  0%| F|  |TAMS 0x0000000747200000, 0x0000000747200000| Untracked 
|  26|0x0000000747400000, 0x0000000747400000, 0x0000000747600000|  0%| F|  |TAMS 0x0000000747400000, 0x0000000747400000| Untracked 
|  27|0x0000000747600000, 0x0000000747600000, 0x0000000747800000|  0%| F|  |TAMS 0x0000000747600000, 0x0000000747600000| Untracked 
|  28|0x0000000747800000, 0x0000000747800000, 0x0000000747a00000|  0%| F|  |TAMS 0x0000000747800000, 0x0000000747800000| Untracked 
|  29|0x0000000747a00000, 0x0000000747a00000, 0x0000000747c00000|  0%| F|  |TAMS 0x0000000747a00000, 0x0000000747a00000| Untracked 
|  30|0x0000000747c00000, 0x0000000747c00000, 0x0000000747e00000|  0%| F|  |TAMS 0x0000000747c00000, 0x0000000747c00000| Untracked 
|  31|0x0000000747e00000, 0x0000000747e00000, 0x0000000748000000|  0%| F|  |TAMS 0x0000000747e00000, 0x0000000747e00000| Untracked 
|  32|0x0000000748000000, 0x0000000748000000, 0x0000000748200000|  0%| F|  |TAMS 0x0000000748000000, 0x0000000748000000| Untracked 
|  33|0x0000000748200000, 0x0000000748200000, 0x0000000748400000|  0%| F|  |TAMS 0x0000000748200000, 0x0000000748200000| Untracked 
|  34|0x0000000748400000, 0x0000000748400000, 0x0000000748600000|  0%| F|  |TAMS 0x0000000748400000, 0x0000000748400000| Untracked 
|  35|0x0000000748600000, 0x0000000748600000, 0x0000000748800000|  0%| F|  |TAMS 0x0000000748600000, 0x0000000748600000| Untracked 
|  36|0x0000000748800000, 0x0000000748800000, 0x0000000748a00000|  0%| F|  |TAMS 0x0000000748800000, 0x0000000748800000| Untracked 
|  37|0x0000000748a00000, 0x0000000748a00000, 0x0000000748c00000|  0%| F|  |TAMS 0x0000000748a00000, 0x0000000748a00000| Untracked 
|  38|0x0000000748c00000, 0x0000000748c00000, 0x0000000748e00000|  0%| F|  |TAMS 0x0000000748c00000, 0x0000000748c00000| Untracked 
|  39|0x0000000748e00000, 0x0000000748e00000, 0x0000000749000000|  0%| F|  |TAMS 0x0000000748e00000, 0x0000000748e00000| Untracked 
|  40|0x0000000749000000, 0x0000000749000000, 0x0000000749200000|  0%| F|  |TAMS 0x0000000749000000, 0x0000000749000000| Untracked 
|  41|0x0000000749200000, 0x0000000749200000, 0x0000000749400000|  0%| F|  |TAMS 0x0000000749200000, 0x0000000749200000| Untracked 
|  42|0x0000000749400000, 0x0000000749400000, 0x0000000749600000|  0%| F|  |TAMS 0x0000000749400000, 0x0000000749400000| Untracked 
|  43|0x0000000749600000, 0x0000000749600000, 0x0000000749800000|  0%| F|  |TAMS 0x0000000749600000, 0x0000000749600000| Untracked 
|  44|0x0000000749800000, 0x0000000749800000, 0x0000000749a00000|  0%| F|  |TAMS 0x0000000749800000, 0x0000000749800000| Untracked 
|  45|0x0000000749a00000, 0x0000000749a00000, 0x0000000749c00000|  0%| F|  |TAMS 0x0000000749a00000, 0x0000000749a00000| Untracked 
|  46|0x0000000749c00000, 0x0000000749c00000, 0x0000000749e00000|  0%| F|  |TAMS 0x0000000749c00000, 0x0000000749c00000| Untracked 
|  47|0x0000000749e00000, 0x0000000749e00000, 0x000000074a000000|  0%| F|  |TAMS 0x0000000749e00000, 0x0000000749e00000| Untracked 
|  48|0x000000074a000000, 0x000000074a000000, 0x000000074a200000|  0%| F|  |TAMS 0x000000074a000000, 0x000000074a000000| Untracked 
|  49|0x000000074a200000, 0x000000074a200000, 0x000000074a400000|  0%| F|  |TAMS 0x000000074a200000, 0x000000074a200000| Untracked 
|  50|0x000000074a400000, 0x000000074a400000, 0x000000074a600000|  0%| F|  |TAMS 0x000000074a400000, 0x000000074a400000| Untracked 
|  51|0x000000074a600000, 0x000000074a600000, 0x000000074a800000|  0%| F|  |TAMS 0x000000074a600000, 0x000000074a600000| Untracked 
|  52|0x000000074a800000, 0x000000074a800000, 0x000000074aa00000|  0%| F|  |TAMS 0x000000074a800000, 0x000000074a800000| Untracked 
|  53|0x000000074aa00000, 0x000000074aa00000, 0x000000074ac00000|  0%| F|  |TAMS 0x000000074aa00000, 0x000000074aa00000| Untracked 
|  54|0x000000074ac00000, 0x000000074ac00000, 0x000000074ae00000|  0%| F|  |TAMS 0x000000074ac00000, 0x000000074ac00000| Untracked 
|  55|0x000000074ae00000, 0x000000074ae00000, 0x000000074b000000|  0%| F|  |TAMS 0x000000074ae00000, 0x000000074ae00000| Untracked 
|  56|0x000000074b000000, 0x000000074b000000, 0x000000074b200000|  0%| F|  |TAMS 0x000000074b000000, 0x000000074b000000| Untracked 
|  57|0x000000074b200000, 0x000000074b200000, 0x000000074b400000|  0%| F|  |TAMS 0x000000074b200000, 0x000000074b200000| Untracked 
|  58|0x000000074b400000, 0x000000074b400000, 0x000000074b600000|  0%| F|  |TAMS 0x000000074b400000, 0x000000074b400000| Untracked 
|  59|0x000000074b600000, 0x000000074b600000, 0x000000074b800000|  0%| F|  |TAMS 0x000000074b600000, 0x000000074b600000| Untracked 
|  60|0x000000074b800000, 0x000000074b800000, 0x000000074ba00000|  0%| F|  |TAMS 0x000000074b800000, 0x000000074b800000| Untracked 
|  61|0x000000074ba00000, 0x000000074ba00000, 0x000000074bc00000|  0%| F|  |TAMS 0x000000074ba00000, 0x000000074ba00000| Untracked 
|  62|0x000000074bc00000, 0x000000074bc00000, 0x000000074be00000|  0%| F|  |TAMS 0x000000074bc00000, 0x000000074bc00000| Untracked 
|  63|0x000000074be00000, 0x000000074be00000, 0x000000074c000000|  0%| F|  |TAMS 0x000000074be00000, 0x000000074be00000| Untracked 
|  64|0x000000074c000000, 0x000000074c000000, 0x000000074c200000|  0%| F|  |TAMS 0x000000074c000000, 0x000000074c000000| Untracked 
|  65|0x000000074c200000, 0x000000074c200000, 0x000000074c400000|  0%| F|  |TAMS 0x000000074c200000, 0x000000074c200000| Untracked 
|  66|0x000000074c400000, 0x000000074c400000, 0x000000074c600000|  0%| F|  |TAMS 0x000000074c400000, 0x000000074c400000| Untracked 
|  67|0x000000074c600000, 0x000000074c600000, 0x000000074c800000|  0%| F|  |TAMS 0x000000074c600000, 0x000000074c600000| Untracked 
|  68|0x000000074c800000, 0x000000074c800000, 0x000000074ca00000|  0%| F|  |TAMS 0x000000074c800000, 0x000000074c800000| Untracked 
|  69|0x000000074ca00000, 0x000000074ca00000, 0x000000074cc00000|  0%| F|  |TAMS 0x000000074ca00000, 0x000000074ca00000| Untracked 
|  70|0x000000074cc00000, 0x000000074cc00000, 0x000000074ce00000|  0%| F|  |TAMS 0x000000074cc00000, 0x000000074cc00000| Untracked 
|  71|0x000000074ce00000, 0x000000074ce00000, 0x000000074d000000|  0%| F|  |TAMS 0x000000074ce00000, 0x000000074ce00000| Untracked 
|  72|0x000000074d000000, 0x000000074d000000, 0x000000074d200000|  0%| F|  |TAMS 0x000000074d000000, 0x000000074d000000| Untracked 
|  73|0x000000074d200000, 0x000000074d200000, 0x000000074d400000|  0%| F|  |TAMS 0x000000074d200000, 0x000000074d200000| Untracked 
|  74|0x000000074d400000, 0x000000074d400000, 0x000000074d600000|  0%| F|  |TAMS 0x000000074d400000, 0x000000074d400000| Untracked 
|  75|0x000000074d600000, 0x000000074d600000, 0x000000074d800000|  0%| F|  |TAMS 0x000000074d600000, 0x000000074d600000| Untracked 
|  76|0x000000074d800000, 0x000000074d800000, 0x000000074da00000|  0%| F|  |TAMS 0x000000074d800000, 0x000000074d800000| Untracked 
|  77|0x000000074da00000, 0x000000074da00000, 0x000000074dc00000|  0%| F|  |TAMS 0x000000074da00000, 0x000000074da00000| Untracked 
|  78|0x000000074dc00000, 0x000000074dc00000, 0x000000074de00000|  0%| F|  |TAMS 0x000000074dc00000, 0x000000074dc00000| Untracked 
|  79|0x000000074de00000, 0x000000074dfea0c8, 0x000000074e000000| 95%| S|CS|TAMS 0x000000074de00000, 0x000000074de00000| Complete 
|  80|0x000000074e000000, 0x000000074e000000, 0x000000074e200000|  0%| F|  |TAMS 0x000000074e000000, 0x000000074e000000| Untracked 
|  81|0x000000074e200000, 0x000000074e200000, 0x000000074e400000|  0%| F|  |TAMS 0x000000074e200000, 0x000000074e200000| Untracked 
|  82|0x000000074e400000, 0x000000074e400000, 0x000000074e600000|  0%| F|  |TAMS 0x000000074e400000, 0x000000074e400000| Untracked 
|  83|0x000000074e600000, 0x000000074e600000, 0x000000074e800000|  0%| F|  |TAMS 0x000000074e600000, 0x000000074e600000| Untracked 
|  84|0x000000074e800000, 0x000000074e800000, 0x000000074ea00000|  0%| F|  |TAMS 0x000000074e800000, 0x000000074e800000| Untracked 
|  85|0x000000074ea00000, 0x000000074ea00000, 0x000000074ec00000|  0%| F|  |TAMS 0x000000074ea00000, 0x000000074ea00000| Untracked 
|  86|0x000000074ec00000, 0x000000074ec00000, 0x000000074ee00000|  0%| F|  |TAMS 0x000000074ec00000, 0x000000074ec00000| Untracked 
|  87|0x000000074ee00000, 0x000000074ee00000, 0x000000074f000000|  0%| F|  |TAMS 0x000000074ee00000, 0x000000074ee00000| Untracked 
|  88|0x000000074f000000, 0x000000074f100800, 0x000000074f200000| 50%| E|  |TAMS 0x000000074f000000, 0x000000074f000000| Complete 
|  89|0x000000074f200000, 0x000000074f400000, 0x000000074f400000|100%| E|CS|TAMS 0x000000074f200000, 0x000000074f200000| Complete 
|  90|0x000000074f400000, 0x000000074f600000, 0x000000074f600000|100%| E|CS|TAMS 0x000000074f400000, 0x000000074f400000| Complete 
|  91|0x000000074f600000, 0x000000074f800000, 0x000000074f800000|100%| E|CS|TAMS 0x000000074f600000, 0x000000074f600000| Complete 
|  92|0x000000074f800000, 0x000000074fa00000, 0x000000074fa00000|100%| E|CS|TAMS 0x000000074f800000, 0x000000074f800000| Complete 
|  93|0x000000074fa00000, 0x000000074fc00000, 0x000000074fc00000|100%| E|CS|TAMS 0x000000074fa00000, 0x000000074fa00000| Complete 

Card table byte_map: [0x00000204f1ab0000,0x00000204f2090000] _byte_map_base: 0x00000204ee090000

Marking Bits (Prev, Next): (CMBitMap*) 0x00000204dac989c0, (CMBitMap*) 0x00000204dac98a00
 Prev Bits: [0x00000204f2670000, 0x00000204f5570000)
 Next Bits: [0x00000204f5570000, 0x00000204f8470000)

Polling page: 0x00000204d8b30000

Metaspace:

Usage:
  Non-class:      9.64 MB used.
      Class:      1.33 MB used.
       Both:     10.97 MB used.

Virtual space:
  Non-class space:       16.00 MB reserved,       9.69 MB ( 61%) committed,  2 nodes.
      Class space:        1.00 GB reserved,       1.44 MB ( <1%) committed,  1 nodes.
             Both:        1.02 GB reserved,      11.12 MB (  1%) committed. 

Chunk freelists:
   Non-Class:  704.00 KB
       Class:  2.60 MB
        Both:  3.29 MB

MaxMetaspaceSize: unlimited
CompressedClassSpaceSize: 1.00 GB
Initial GC threshold: 21.00 MB
Current GC threshold: 21.00 MB
CDS: on
MetaspaceReclaimPolicy: balanced
 - commit_granule_bytes: 65536.
 - commit_granule_words: 8192.
 - virtual_space_node_default_size: 1048576.
 - enlarge_chunks_in_place: 1.
 - new_chunks_are_fully_committed: 0.
 - uncommit_free_chunks: 1.
 - use_allocation_guard: 0.
 - handle_deallocations: 1.


Internal statistics:

num_allocs_failed_limit: 0.
num_arena_births: 54.
num_arena_deaths: 0.
num_vsnodes_births: 3.
num_vsnodes_deaths: 0.
num_space_committed: 178.
num_space_uncommitted: 0.
num_chunks_returned_to_freelist: 0.
num_chunks_taken_from_freelist: 441.
num_chunk_merges: 0.
num_chunk_splits: 321.
num_chunks_enlarged: 253.
num_purges: 0.
num_inconsistent_stats: 0.

CodeHeap 'non-profiled nmethods': size=120000Kb used=707Kb max_used=707Kb free=119292Kb
 bounds [0x00000204e9fa0000, 0x00000204ea210000, 0x00000204f14d0000]
CodeHeap 'profiled nmethods': size=120000Kb used=3944Kb max_used=3944Kb free=116055Kb
 bounds [0x00000204e24d0000, 0x00000204e28b0000, 0x00000204e9a00000]
CodeHeap 'non-nmethods': size=5760Kb used=1159Kb max_used=1174Kb free=4600Kb
 bounds [0x00000204e9a00000, 0x00000204e9c70000, 0x00000204e9fa0000]
 total_blobs=2475 nmethods=2027 adapters=361
 compilation: enabled
              stopped_count=0, restarted_count=0
 full_count=0

Compilation events (20 events):
Event: 1.918 Thread 0x00000204fab5bdb0 2018       3       java.net.URLClassLoader::findResource (33 bytes)
Event: 1.918 Thread 0x00000204fab5bdb0 nmethod 2018 0x00000204e28a3310 code [0x00000204e28a3560, 0x00000204e28a3dc8]
Event: 1.918 Thread 0x00000204fab5bdb0 2019       3       java.net.URLClassLoader$2::<init> (15 bytes)
Event: 1.918 Thread 0x00000204fab5bdb0 nmethod 2019 0x00000204e28a4110 code [0x00000204e28a42c0, 0x00000204e28a44f8]
Event: 1.918 Thread 0x00000204fab5bdb0 2020       1       jdk.internal.loader.URLClassPath$JarLoader$2::getURL (5 bytes)
Event: 1.919 Thread 0x00000204fab5bdb0 nmethod 2020 0x00000204ea04fe10 code [0x00000204ea04ffa0, 0x00000204ea050078]
Event: 1.920 Thread 0x00000204fab5bdb0 2021       3       org.apache.maven.model.io.xpp3.MavenXpp3ReaderEx::checkFieldWithDuplicate (75 bytes)
Event: 1.920 Thread 0x00000204fab5bdb0 nmethod 2021 0x00000204e28a4590 code [0x00000204e28a4800, 0x00000204e28a4e68]
Event: 1.921 Thread 0x00000204fab5bdb0 2022       3       java.util.LinkedHashMap$LinkedEntryIterator::next (5 bytes)
Event: 1.922 Thread 0x00000204fab5bdb0 nmethod 2022 0x00000204e28a5190 code [0x00000204e28a5340, 0x00000204e28a54c8]
Event: 1.922 Thread 0x00000204fab5bdb0 2023       3       java.util.LinkedHashMap$LinkedEntryIterator::next (5 bytes)
Event: 1.922 Thread 0x00000204fab5bdb0 nmethod 2023 0x00000204e28a5590 code [0x00000204e28a5720, 0x00000204e28a5868]
Event: 1.925 Thread 0x00000204fab5bdb0 2024       3       sun.net.util.IPAddressUtil::checkHostString (53 bytes)
Event: 1.926 Thread 0x00000204fab5bdb0 nmethod 2024 0x00000204e28a5910 code [0x00000204e28a5bc0, 0x00000204e28a67a8]
Event: 1.928 Thread 0x00000204fab5bdb0 2025       3       java.io.DataInputStream::readByte (23 bytes)
Event: 1.929 Thread 0x00000204fab5bdb0 nmethod 2025 0x00000204e28a6c10 code [0x00000204e28a6dc0, 0x00000204e28a70b8]
Event: 1.929 Thread 0x00000204fab5bdb0 2026       3       sun.util.locale.LocaleUtils::caseIgnoreMatch (73 bytes)
Event: 1.930 Thread 0x00000204fab5ad10 2027       4       sun.util.locale.LocaleUtils::toLowerString (95 bytes)
Event: 1.931 Thread 0x00000204fab5bdb0 nmethod 2026 0x00000204e28a7210 code [0x00000204e28a7500, 0x00000204e28a8758]
Event: 1.932 Thread 0x00000204fab5bdb0 2028       3       sun.util.locale.BaseLocale$Key::equals (109 bytes)

GC Heap History (6 events):
Event: 0.539 GC heap before
{Heap before GC invocations=0 (full 0):
 garbage-first heap   total 192512K, used 10240K [0x0000000744000000, 0x0000000800000000)
  region size 2048K, 6 young (12288K), 0 survivors (0K)
 Metaspace       used 3305K, committed 3456K, reserved 1056768K
  class space    used 347K, committed 448K, reserved 1048576K
}
Event: 0.555 GC heap after
{Heap after GC invocations=1 (full 0):
 garbage-first heap   total 192512K, used 3066K [0x0000000744000000, 0x0000000800000000)
  region size 2048K, 1 young (2048K), 1 survivors (2048K)
 Metaspace       used 3305K, committed 3456K, reserved 1056768K
  class space    used 347K, committed 448K, reserved 1048576K
}
Event: 0.965 GC heap before
{Heap before GC invocations=1 (full 0):
 garbage-first heap   total 192512K, used 11258K [0x0000000744000000, 0x0000000800000000)
  region size 2048K, 6 young (12288K), 1 survivors (2048K)
 Metaspace       used 4736K, committed 4864K, reserved 1056768K
  class space    used 554K, committed 640K, reserved 1048576K
}
Event: 0.968 GC heap after
{Heap after GC invocations=2 (full 0):
 garbage-first heap   total 192512K, used 3770K [0x0000000744000000, 0x0000000800000000)
  region size 2048K, 1 young (2048K), 1 survivors (2048K)
 Metaspace       used 4736K, committed 4864K, reserved 1056768K
  class space    used 554K, committed 640K, reserved 1048576K
}
Event: 1.612 GC heap before
{Heap before GC invocations=2 (full 0):
 garbage-first heap   total 192512K, used 30394K [0x0000000744000000, 0x0000000800000000)
  region size 2048K, 14 young (28672K), 1 survivors (2048K)
 Metaspace       used 9079K, committed 9216K, reserved 1064960K
  class space    used 1114K, committed 1216K, reserved 1048576K
}
Event: 1.615 GC heap after
{Heap after GC invocations=3 (full 0):
 garbage-first heap   total 192512K, used 5072K [0x0000000744000000, 0x0000000800000000)
  region size 2048K, 1 young (2048K), 1 survivors (2048K)
 Metaspace       used 9079K, committed 9216K, reserved 1064960K
  class space    used 1114K, committed 1216K, reserved 1048576K
}

Deoptimization events (20 events):
Event: 1.833 Thread 0x00000204dac40ac0 DEOPT PACKING pc=0x00000204ea049d34 sp=0x000000fd25efd160
Event: 1.833 Thread 0x00000204dac40ac0 DEOPT UNPACKING pc=0x00000204e9a5239d sp=0x000000fd25efd120 mode 2
Event: 1.846 Thread 0x00000204dac40ac0 Uncommon trap: trap_request=0xffffff45 fr.pc=0x00000204e9fe27a4 relative=0x0000000000001c24
Event: 1.846 Thread 0x00000204dac40ac0 Uncommon trap: reason=unstable_if action=reinterpret pc=0x00000204e9fe27a4 method=sun.nio.cs.StreamDecoder.implRead([CII)I @ 36 c2
Event: 1.846 Thread 0x00000204dac40ac0 DEOPT PACKING pc=0x00000204e9fe27a4 sp=0x000000fd25efdd00
Event: 1.846 Thread 0x00000204dac40ac0 DEOPT UNPACKING pc=0x00000204e9a5239d sp=0x000000fd25efdbe8 mode 2
Event: 1.846 Thread 0x00000204dac40ac0 Uncommon trap: trap_request=0xffffff45 fr.pc=0x00000204e9fe7a30 relative=0x0000000000001db0
Event: 1.846 Thread 0x00000204dac40ac0 Uncommon trap: reason=unstable_if action=reinterpret pc=0x00000204e9fe7a30 method=sun.nio.cs.StreamDecoder.implRead([CII)I @ 36 c2
Event: 1.846 Thread 0x00000204dac40ac0 DEOPT PACKING pc=0x00000204e9fe7a30 sp=0x000000fd25efdd60
Event: 1.846 Thread 0x00000204dac40ac0 DEOPT UNPACKING pc=0x00000204e9a5239d sp=0x000000fd25efdce0 mode 2
Event: 1.859 Thread 0x00000204dac40ac0 Uncommon trap: trap_request=0xffffff45 fr.pc=0x00000204e9fece90 relative=0x00000000000007f0
Event: 1.859 Thread 0x00000204dac40ac0 Uncommon trap: reason=unstable_if action=reinterpret pc=0x00000204e9fece90 method=sun.nio.cs.StreamDecoder.implRead([CII)I @ 36 c2
Event: 1.859 Thread 0x00000204dac40ac0 DEOPT PACKING pc=0x00000204e9fece90 sp=0x000000fd25efddd0
Event: 1.859 Thread 0x00000204dac40ac0 DEOPT UNPACKING pc=0x00000204e9a5239d sp=0x000000fd25efddb0 mode 2
Event: 1.896 Thread 0x00000204dac40ac0 DEOPT PACKING pc=0x00000204e26fea14 sp=0x000000fd25efddc0
Event: 1.896 Thread 0x00000204dac40ac0 DEOPT UNPACKING pc=0x00000204e9a52b24 sp=0x000000fd25efd288 mode 0
Event: 1.897 Thread 0x00000204dac40ac0 Uncommon trap: trap_request=0xffffff45 fr.pc=0x00000204ea0407c4 relative=0x0000000000000044
Event: 1.897 Thread 0x00000204dac40ac0 Uncommon trap: reason=unstable_if action=reinterpret pc=0x00000204ea0407c4 method=sun.net.util.IPAddressUtil.scan(Ljava/lang/String;JJ[C)I @ 14 c2
Event: 1.897 Thread 0x00000204dac40ac0 DEOPT PACKING pc=0x00000204ea0407c4 sp=0x000000fd25efd9f0
Event: 1.897 Thread 0x00000204dac40ac0 DEOPT UNPACKING pc=0x00000204e9a5239d sp=0x000000fd25efd8d0 mode 2

Classes unloaded (0 events):
No events

Classes redefined (0 events):
No events

Internal exceptions (13 events):
Event: 0.175 Thread 0x00000204dac40ac0 Exception <a 'java/lang/NullPointerException'{0x000000074f973d48}> (0x000000074f973d48) 
thrown [s\open\src\hotspot\share\interpreter\linkResolver.cpp, line 1350]
Event: 0.189 Thread 0x00000204dac40ac0 Exception <a 'java/lang/NullPointerException'{0x000000074f9a4618}> (0x000000074f9a4618) 
thrown [s\open\src\hotspot\share\interpreter\linkResolver.cpp, line 1350]
Event: 0.189 Thread 0x00000204dac40ac0 Exception <a 'java/lang/NullPointerException'{0x000000074f9a48f0}> (0x000000074f9a48f0) 
thrown [s\open\src\hotspot\share\interpreter\linkResolver.cpp, line 1350]
Event: 0.189 Thread 0x00000204dac40ac0 Exception <a 'java/lang/NullPointerException'{0x000000074f9a4bc8}> (0x000000074f9a4bc8) 
thrown [s\open\src\hotspot\share\interpreter\linkResolver.cpp, line 1350]
Event: 0.190 Thread 0x00000204dac40ac0 Exception <a 'java/lang/NullPointerException'{0x000000074f9aa548}> (0x000000074f9aa548) 
thrown [s\open\src\hotspot\share\interpreter\linkResolver.cpp, line 1350]
Event: 0.191 Thread 0x00000204dac40ac0 Exception <a 'java/lang/NullPointerException'{0x000000074f9bf900}> (0x000000074f9bf900) 
thrown [s\open\src\hotspot\share\interpreter\linkResolver.cpp, line 1350]
Event: 0.191 Thread 0x00000204dac40ac0 Exception <a 'java/lang/NullPointerException'{0x000000074f9bfbd8}> (0x000000074f9bfbd8) 
thrown [s\open\src\hotspot\share\interpreter\linkResolver.cpp, line 1350]
Event: 0.191 Thread 0x00000204dac40ac0 Exception <a 'java/lang/NullPointerException'{0x000000074f9bfeb0}> (0x000000074f9bfeb0) 
thrown [s\open\src\hotspot\share\interpreter\linkResolver.cpp, line 1350]
Event: 0.192 Thread 0x00000204dac40ac0 Exception <a 'java/lang/NullPointerException'{0x000000074f9c0188}> (0x000000074f9c0188) 
thrown [s\open\src\hotspot\share\interpreter\linkResolver.cpp, line 1350]
Event: 0.670 Thread 0x00000204dac40ac0 Exception <a 'java/lang/NoSuchMethodError'{0x000000074f8092f0}: 'java.lang.Object java.lang.invoke.DirectMethodHandle$Holder.newInvokeSpecial(java.lang.Object, java.lang.Object, java.lang.Object, java.lang.Object, java.lang.Object)'> (0x000000074f8092f0) 
thrown [s\open\src\hotspot\share\interpreter\linkResolver.cpp, line 759]
Event: 0.751 Thread 0x00000204dac40ac0 Exception <a 'java/lang/NoClassDefFoundError'{0x000000074f96f7b8}: javax/enterprise/inject/Typed> (0x000000074f96f7b8) 
thrown [s\open\src\hotspot\share\classfile\systemDictionary.cpp, line 245]
Event: 1.718 Thread 0x00000204dac40ac0 Exception <a 'java/lang/NoClassDefFoundError'{0x000000074f995f10}: com/google/inject/servlet/ServletModuleTargetVisitor> (0x000000074f995f10) 
thrown [s\open\src\hotspot\share\classfile\systemDictionary.cpp, line 245]
Event: 1.791 Thread 0x00000204dac40ac0 Exception <a 'java/lang/NoSuchMethodError'{0x000000074f7de028}: 'java.lang.Object java.lang.invoke.DirectMethodHandle$Holder.invokeStaticInit(java.lang.Object, int, int, int, int)'> (0x000000074f7de028) 
thrown [s\open\src\hotspot\share\interpreter\linkResolver.cpp, line 759]

VM Operations (20 events):
Event: 1.557 Executing VM operation: ICBufferFull
Event: 1.558 Executing VM operation: ICBufferFull done
Event: 1.611 Executing VM operation: HandshakeAllThreads
Event: 1.611 Executing VM operation: HandshakeAllThreads done
Event: 1.612 Executing VM operation: G1CollectForAllocation
Event: 1.615 Executing VM operation: G1CollectForAllocation done
Event: 1.616 Executing VM operation: HandshakeAllThreads
Event: 1.616 Executing VM operation: HandshakeAllThreads done
Event: 1.696 Executing VM operation: HandshakeAllThreads
Event: 1.696 Executing VM operation: HandshakeAllThreads done
Event: 1.778 Executing VM operation: HandshakeAllThreads
Event: 1.778 Executing VM operation: HandshakeAllThreads done
Event: 1.810 Executing VM operation: HandshakeAllThreads
Event: 1.810 Executing VM operation: HandshakeAllThreads done
Event: 1.842 Executing VM operation: ICBufferFull
Event: 1.842 Executing VM operation: ICBufferFull done
Event: 1.896 Executing VM operation: HandshakeAllThreads
Event: 1.896 Executing VM operation: HandshakeAllThreads done
Event: 1.897 Executing VM operation: HandshakeAllThreads
Event: 1.897 Executing VM operation: HandshakeAllThreads done

Events (20 events):
Event: 1.793 loading class jdk/internal/reflect/UnsafeQualifiedFieldAccessorImpl done
Event: 1.793 loading class jdk/internal/reflect/UnsafeQualifiedObjectFieldAccessorImpl done
Event: 1.853 loading class java/lang/ProcessEnvironment$CheckedKeySet
Event: 1.853 loading class java/lang/ProcessEnvironment$CheckedKeySet done
Event: 1.853 loading class java/util/Stack
Event: 1.854 loading class java/util/Stack done
Event: 1.890 loading class java/util/ArrayList$SubList$1
Event: 1.890 loading class java/util/ArrayList$SubList$1 done
Event: 1.895 loading class java/net/URL$2
Event: 1.895 loading class java/net/URL$2 done
Event: 1.895 loading class java/net/URL$1
Event: 1.896 loading class java/net/URL$1 done
Event: 1.896 loading class java/net/spi/URLStreamHandlerProvider
Event: 1.896 loading class java/net/spi/URLStreamHandlerProvider done
Event: 1.896 loading class sun/net/www/protocol/https/Handler
Event: 1.896 loading class sun/net/www/protocol/http/Handler
Event: 1.896 loading class sun/net/www/protocol/http/Handler done
Event: 1.896 loading class sun/net/www/protocol/https/Handler done
Event: 1.898 loading class java/util/regex/Pattern$Pos
Event: 1.898 loading class java/util/regex/Pattern$Pos done


Dynamic libraries:
0x00007ff61e410000 - 0x00007ff61e420000 	C:\Program Files\Java\jdk-17\bin\java.exe
0x00007ff872c10000 - 0x00007ff872e08000 	C:\WINDOWS\SYSTEM32\ntdll.dll
0x00007ff871810000 - 0x00007ff8718cf000 	C:\WINDOWS\System32\KERNEL32.DLL
0x00007ff870970000 - 0x00007ff870c42000 	C:\WINDOWS\System32\KERNELBASE.dll
0x00007ff8705d0000 - 0x00007ff8706d0000 	C:\WINDOWS\System32\ucrtbase.dll
0x00007ff86dc00000 - 0x00007ff86dc1b000 	C:\Program Files\Java\jdk-17\bin\VCRUNTIME140.dll
0x00007ff86be00000 - 0x00007ff86be18000 	C:\Program Files\Java\jdk-17\bin\jli.dll
0x00007ff870f20000 - 0x00007ff870fce000 	C:\WINDOWS\System32\ADVAPI32.dll
0x00007ff870c60000 - 0x00007ff870cfe000 	C:\WINDOWS\System32\msvcrt.dll
0x00007ff872a70000 - 0x00007ff872b0c000 	C:\WINDOWS\System32\sechost.dll
0x00007ff872940000 - 0x00007ff872a65000 	C:\WINDOWS\System32\RPCRT4.dll
0x00007ff872100000 - 0x00007ff8722a1000 	C:\WINDOWS\System32\USER32.dll
0x00007ff8706d0000 - 0x00007ff8706f2000 	C:\WINDOWS\System32\win32u.dll
0x00007ff872700000 - 0x00007ff87272b000 	C:\WINDOWS\System32\GDI32.dll
0x00007ff861230000 - 0x00007ff8614ca000 	C:\WINDOWS\WinSxS\amd64_microsoft.windows.common-controls_6595b64144ccf1df_6.0.19041.1110_none_60b5254171f9507e\COMCTL32.dll
0x00007ff870300000 - 0x00007ff87040f000 	C:\WINDOWS\System32\gdi32full.dll
0x00007ff870700000 - 0x00007ff87079d000 	C:\WINDOWS\System32\msvcp_win.dll
0x00007ff865cf0000 - 0x00007ff865cfa000 	C:\WINDOWS\SYSTEM32\VERSION.dll
0x00007ff872900000 - 0x00007ff872932000 	C:\WINDOWS\System32\IMM32.DLL
0x00007ff86bdb0000 - 0x00007ff86bdbc000 	C:\Program Files\Java\jdk-17\bin\vcruntime140_1.dll
0x00007ff858210000 - 0x00007ff85829e000 	C:\Program Files\Java\jdk-17\bin\msvcp140.dll
0x00007ff824e80000 - 0x00007ff825a57000 	C:\Program Files\Java\jdk-17\bin\server\jvm.dll
0x00007ff870c50000 - 0x00007ff870c58000 	C:\WINDOWS\System32\PSAPI.DLL
0x00007ff86a650000 - 0x00007ff86a659000 	C:\WINDOWS\SYSTEM32\WSOCK32.dll
0x00007ff872690000 - 0x00007ff8726fb000 	C:\WINDOWS\System32\WS2_32.dll
0x00007ff85d8a0000 - 0x00007ff85d8c7000 	C:\WINDOWS\SYSTEM32\WINMM.dll
0x00007ff86e100000 - 0x00007ff86e112000 	C:\WINDOWS\SYSTEM32\kernel.appcore.dll
0x00007ff862060000 - 0x00007ff86206a000 	C:\Program Files\Java\jdk-17\bin\jimage.dll
0x00007ff855c30000 - 0x00007ff855e14000 	C:\WINDOWS\SYSTEM32\DBGHELP.DLL
0x00007ff855b70000 - 0x00007ff855ba5000 	C:\WINDOWS\SYSTEM32\dbgcore.DLL
0x00007ff870410000 - 0x00007ff870492000 	C:\WINDOWS\System32\bcryptPrimitives.dll
0x00007ff86bd80000 - 0x00007ff86bda5000 	C:\Program Files\Java\jdk-17\bin\java.dll
0x00007ff85fb60000 - 0x00007ff85fc37000 	C:\Program Files\Java\jdk-17\bin\jsvml.dll
0x00007ff871930000 - 0x00007ff872075000 	C:\WINDOWS\System32\SHELL32.dll
0x00007ff86e3e0000 - 0x00007ff86eb72000 	C:\WINDOWS\SYSTEM32\windows.storage.dll
0x00007ff872330000 - 0x00007ff872685000 	C:\WINDOWS\System32\combase.dll
0x00007ff86fc80000 - 0x00007ff86fcb0000 	C:\WINDOWS\SYSTEM32\Wldp.dll
0x00007ff872b20000 - 0x00007ff872bcd000 	C:\WINDOWS\System32\SHCORE.dll
0x00007ff872810000 - 0x00007ff872865000 	C:\WINDOWS\System32\shlwapi.dll
0x00007ff870240000 - 0x00007ff87025f000 	C:\WINDOWS\SYSTEM32\profapi.dll
0x00007ff8616b0000 - 0x00007ff8616c9000 	C:\Program Files\Java\jdk-17\bin\net.dll
0x00007ff86a6f0000 - 0x00007ff86a7fc000 	C:\WINDOWS\SYSTEM32\WINHTTP.dll
0x00007ff86f9e0000 - 0x00007ff86fa4a000 	C:\WINDOWS\system32\mswsock.dll
0x00007ff861600000 - 0x00007ff861616000 	C:\Program Files\Java\jdk-17\bin\nio.dll
0x00007ff85fd20000 - 0x00007ff85fd38000 	C:\Program Files\Java\jdk-17\bin\zip.dll
0x0000000069ac0000 - 0x0000000069ae4000 	C:\Program Files\NetBeans-16\netbeans\java\maven\lib\jansi-native\Windows\x86_64\jansi.dll
0x00007ff862050000 - 0x00007ff862060000 	C:\Program Files\Java\jdk-17\bin\verify.dll

dbghelp: loaded successfully - version: 4.0.5 - missing functions: none
symbol engine: initialized successfully - sym options: 0x614 - pdb path: .;C:\Program Files\Java\jdk-17\bin;C:\WINDOWS\SYSTEM32;C:\WINDOWS\WinSxS\amd64_microsoft.windows.common-controls_6595b64144ccf1df_6.0.19041.1110_none_60b5254171f9507e;C:\Program Files\Java\jdk-17\bin\server;C:\Program Files\NetBeans-16\netbeans\java\maven\lib\jansi-native\Windows\x86_64

VM Arguments:
jvm_args: -Dclassworlds.conf=C:\Program Files\NetBeans-16\netbeans\java\maven\bin\m2.conf -Dmaven.home=C:\Program Files\NetBeans-16\netbeans\java\maven -Dlibrary.jansi.path=C:\Program Files\NetBeans-16\netbeans\java\maven\lib\jansi-native -Dmaven.multiModuleProjectDirectory=C:\Users\Chich\OneDrive\Desktop\Clase3 
java_command: org.codehaus.plexus.classworlds.launcher.Launcher -Dexec.vmArgs= -Dexec.args=${exec.vmArgs} -classpath %classpath ${exec.mainClass} ${exec.appArgs} -Dexec.appArgs= -Dexec.mainClass=com.mycompany.clase3.Clase3 -Dexec.executable=C:\Program Files\Java\jdk-17\bin\java.exe -Dmaven.ext.class.path=C:\Program Files\NetBeans-16\netbeans\java\maven-nblib\netbeans-eventspy.jar -Dfile.encoding=UTF-8 org.codehaus.mojo:exec-maven-plugin:3.0.0:exec
java_class_path (initial): C:\Program Files\NetBeans-16\netbeans\java\maven\boot\plexus-classworlds-2.6.0.jar
Launcher Type: SUN_STANDARD

[Global flags]
     intx CICompilerCount                          = 3                                         {product} {ergonomic}
     uint ConcGCThreads                            = 1                                         {product} {ergonomic}
     uint G1ConcRefinementThreads                  = 5                                         {product} {ergonomic}
   size_t G1HeapRegionSize                         = 2097152                                   {product} {ergonomic}
    uintx GCDrainStackTargetSize                   = 64                                        {product} {ergonomic}
   size_t InitialHeapSize                          = 197132288                                 {product} {ergonomic}
   size_t MarkStackSize                            = 4194304                                   {product} {ergonomic}
   size_t MaxHeapSize                              = 3154116608                                {product} {ergonomic}
   size_t MaxNewSize                               = 1891631104                                {product} {ergonomic}
   size_t MinHeapDeltaBytes                        = 2097152                                   {product} {ergonomic}
   size_t MinHeapSize                              = 8388608                                   {product} {ergonomic}
    uintx NonNMethodCodeHeapSize                   = 5832780                                {pd product} {ergonomic}
    uintx NonProfiledCodeHeapSize                  = 122912730                              {pd product} {ergonomic}
    uintx ProfiledCodeHeapSize                     = 122912730                              {pd product} {ergonomic}
    uintx ReservedCodeCacheSize                    = 251658240                              {pd product} {ergonomic}
     bool SegmentedCodeCache                       = true                                      {product} {ergonomic}
   size_t SoftMaxHeapSize                          = 3154116608                             {manageable} {ergonomic}
     bool UseCompressedClassPointers               = true                           {product lp64_product} {ergonomic}
     bool UseCompressedOops                        = true                           {product lp64_product} {ergonomic}
     bool UseG1GC                                  = true                                      {product} {ergonomic}
     bool UseLargePagesIndividualAllocation        = false                                  {pd product} {ergonomic}

Logging:
Log output configuration:
 #0: stdout all=warning uptime,level,tags
 #1: stderr all=off uptime,level,tags

Environment Variables:
JAVA_HOME=C:\Program Files\Java\jdk-17
PATH=C:\Program Files\Common Files\Oracle\Java\javapath;C:\Windows\system32;C:\Windows;C:\Windows\System32\Wbem;C:\Windows\System32\WindowsPowerShell\v1.0\;C:\Windows\System32\OpenSSH\;C:\WINDOWS\system32;C:\WINDOWS;C:\WINDOWS\System32\Wbem;C:\WINDOWS\System32\WindowsPowerShell\v1.0\;C:\WINDOWS\System32\OpenSSH\;C:\Users\Chich\AppData\Local\Microsoft\WindowsApps;C:\adb;C:\Program Files\Git\cmd;C:\Users\Chich\AppData\Local\Microsoft\WindowsApps;C:\Users\Chich\AppData\Local\GitHubDesktop\bin
USERNAME=Chicho
OS=Windows_NT
PROCESSOR_IDENTIFIER=AMD64 Family 16 Model 10 Stepping 0, AuthenticAMD



---------------  S Y S T E M  ---------------

OS:
 Windows 10 , 64 bit Build 19041 (10.0.19041.2546)
OS uptime: 1 days 5:18 hours

CPU: total 5 (initial active 5) (5 cores per cpu, 1 threads per core) family 16 model 10 stepping 0 microcode 0x0, cx8, cmov, fxsr, mmx, 3dnowpref, sse, sse2, sse3, sse4a, popcnt, lzcnt, tsc, tscinvbit, clflush

Memory: 4k page, system-wide physical 12031M (5801M free)
TotalPageFile size 13887M (AvailPageFile size 5008M)
current process WorkingSet (physical memory assigned to process): 105M, peak: 105M
current process commit charge ("private bytes"): 303M, peak: 303M

vm_info: Java HotSpot(TM) 64-Bit Server VM (17.0.6+9-LTS-190) for windows-amd64 JRE (17.0.6+9-LTS-190), built on Dec  6 2022 15:53:54 by "mach5one" with MS VC++ 17.1 (VS2022)

END.
